2022-04-01 08:33:22,386:INFO:PyCaret Supervised Module
2022-04-01 08:33:22,386:INFO:ML Usecase: classification
2022-04-01 08:33:22,387:INFO:version 2.2.2
2022-04-01 08:33:22,387:INFO:Initializing setup()
2022-04-01 08:33:22,387:INFO:setup(target=Status, ml_usecase=classification, available_plots={'parameter': 'Hyperparameters', 'auc': 'AUC', 'confusion_matrix': 'Confusion Matrix', 'threshold': 'Threshold', 'pr': 'Precision Recall', 'error': 'Prediction Error', 'class_report': 'Class Report', 'rfe': 'Feature Selection', 'learning': 'Learning Curve', 'manifold': 'Manifold Learning', 'calibration': 'Calibration Curve', 'vc': 'Validation Curve', 'dimension': 'Dimensions', 'feature': 'Feature Importance', 'feature_all': 'Feature Importance (All)', 'boundary': 'Decision Boundary', 'lift': 'Lift Chart', 'gain': 'Gain Chart', 'tree': 'Decision Tree'}, train_size=0.7, test_data=None, preprocess=True, imputation_type=simple, iterative_imputation_iters=5, categorical_features=None, categorical_imputation=constant, categorical_iterative_imputer=lightgbm, ordinal_features=None, high_cardinality_features=None, high_cardinality_method=frequency, numeric_features=None, numeric_imputation=mean, numeric_iterative_imputer=lightgbm, date_features=None, ignore_features=None, normalize=False, normalize_method=zscore, transformation=False, transformation_method=yeo-johnson, handle_unknown_categorical=True, unknown_categorical_method=least_frequent, pca=False, pca_method=linear, pca_components=None, ignore_low_variance=False, combine_rare_levels=False, rare_level_threshold=0.1, bin_numeric_features=None, remove_outliers=False, outliers_threshold=0.05, remove_multicollinearity=False, multicollinearity_threshold=0.9, remove_perfect_collinearity=True, create_clusters=False, cluster_iter=20, polynomial_features=False, polynomial_degree=2, trigonometry_features=False, polynomial_threshold=0.1, group_features=None, group_names=None, feature_selection=False, feature_selection_threshold=0.8, feature_selection_method=classic, feature_interaction=False, feature_ratio=False, interaction_threshold=0.01, fix_imbalance=False, fix_imbalance_method=None, transform_target=False, transform_target_method=box-cox, data_split_shuffle=True, data_split_stratify=False, fold_strategy=stratifiedkfold, fold=10, fold_shuffle=False, fold_groups=None, n_jobs=-1, use_gpu=False, custom_pipeline=None, html=True, session_id=1, log_experiment=False, experiment_name=None, log_plots=False, log_profile=False, log_data=False, silent=True, verbose=True, profile=False, profile_kwargs=None, display=None)
2022-04-01 08:33:22,387:INFO:Checking environment
2022-04-01 08:33:22,387:INFO:python_version: 3.9.7
2022-04-01 08:33:22,387:INFO:python_build: ('default', 'Sep 16 2021 16:59:28')
2022-04-01 08:33:22,387:INFO:machine: AMD64
2022-04-01 08:33:22,387:INFO:platform: Windows-10-10.0.22000-SP0
2022-04-01 08:33:22,387:INFO:Memory: svmem(total=16954339328, available=7175045120, percent=57.7, used=9779294208, free=7175045120)
2022-04-01 08:33:22,388:INFO:Physical Core: 8
2022-04-01 08:33:22,388:INFO:Logical Core: 16
2022-04-01 08:33:22,388:INFO:Checking libraries
2022-04-01 08:33:22,388:INFO:pd==1.4.1
2022-04-01 08:33:22,388:INFO:numpy==1.21.5
2022-04-01 08:33:22,388:INFO:sklearn==1.0.2
2022-04-01 08:33:22,388:INFO:xgboost==1.5.2
2022-04-01 08:33:22,388:INFO:lightgbm==3.3.2
2022-04-01 08:33:22,630:INFO:catboost==1.0.4
2022-04-01 08:33:23,039:INFO:mlflow==1.24.0
2022-04-01 08:33:23,039:INFO:Checking Exceptions
2022-04-01 08:33:23,039:INFO:Declaring global variables
2022-04-01 08:33:23,039:INFO:USI: adb5
2022-04-01 08:33:23,039:INFO:pycaret_globals: {'n_jobs_param', 'seed', 'fold_shuffle_param', 'fold_param', 'html_param', 'stratify_param', 'target_param', '_all_models', '_gpu_n_jobs_param', 'fold_generator', 'y_test', 'fold_groups_param', 'fix_imbalance_param', 'transform_target_param', 'exp_name_log', 'master_model_container', 'logging_param', 'experiment__', 'pycaret_globals', 'prep_pipe', 'gpu_param', 'log_plots_param', 'X', 'USI', 'iterative_imputation_iters_param', 'data_before_preprocess', '_internal_pipeline', 'y', 'display_container', 'X_train', 'transform_target_method_param', 'fix_imbalance_method_param', 'imputation_classifier', '_all_models_internal', '_available_plots', 'X_test', '_all_metrics', 'imputation_regressor', 'y_train', 'create_model_container', '_ml_usecase'}
2022-04-01 08:33:23,039:INFO:Preparing display monitor
2022-04-01 08:33:23,039:INFO:Preparing display monitor
2022-04-01 08:33:23,054:INFO:Importing libraries
2022-04-01 08:33:23,054:INFO:Copying data for preprocessing
2022-04-01 08:33:23,078:INFO:Declaring preprocessing parameters
2022-04-01 08:33:23,106:INFO:Creating preprocessing pipeline
2022-04-01 08:33:23,374:INFO:Preprocessing pipeline created successfully
2022-04-01 08:33:23,374:ERROR:(Process Exit): setup has been interupted with user command 'quit'. setup must rerun.
2022-04-01 08:33:23,374:INFO:Creating global containers
2022-04-01 09:22:31,221:INFO:PyCaret Supervised Module
2022-04-01 09:22:31,221:INFO:ML Usecase: classification
2022-04-01 09:22:31,221:INFO:version 2.2.2
2022-04-01 09:22:31,221:INFO:Initializing setup()
2022-04-01 09:22:31,222:INFO:setup(target=Status, ml_usecase=classification, available_plots={'parameter': 'Hyperparameters', 'auc': 'AUC', 'confusion_matrix': 'Confusion Matrix', 'threshold': 'Threshold', 'pr': 'Precision Recall', 'error': 'Prediction Error', 'class_report': 'Class Report', 'rfe': 'Feature Selection', 'learning': 'Learning Curve', 'manifold': 'Manifold Learning', 'calibration': 'Calibration Curve', 'vc': 'Validation Curve', 'dimension': 'Dimensions', 'feature': 'Feature Importance', 'feature_all': 'Feature Importance (All)', 'boundary': 'Decision Boundary', 'lift': 'Lift Chart', 'gain': 'Gain Chart', 'tree': 'Decision Tree'}, train_size=0.7, test_data=None, preprocess=True, imputation_type=simple, iterative_imputation_iters=5, categorical_features=None, categorical_imputation=constant, categorical_iterative_imputer=lightgbm, ordinal_features=None, high_cardinality_features=None, high_cardinality_method=frequency, numeric_features=None, numeric_imputation=mean, numeric_iterative_imputer=lightgbm, date_features=None, ignore_features=None, normalize=False, normalize_method=zscore, transformation=False, transformation_method=yeo-johnson, handle_unknown_categorical=True, unknown_categorical_method=least_frequent, pca=False, pca_method=linear, pca_components=None, ignore_low_variance=False, combine_rare_levels=False, rare_level_threshold=0.1, bin_numeric_features=None, remove_outliers=False, outliers_threshold=0.05, remove_multicollinearity=False, multicollinearity_threshold=0.9, remove_perfect_collinearity=True, create_clusters=False, cluster_iter=20, polynomial_features=False, polynomial_degree=2, trigonometry_features=False, polynomial_threshold=0.1, group_features=None, group_names=None, feature_selection=False, feature_selection_threshold=0.8, feature_selection_method=classic, feature_interaction=False, feature_ratio=False, interaction_threshold=0.01, fix_imbalance=False, fix_imbalance_method=None, transform_target=False, transform_target_method=box-cox, data_split_shuffle=True, data_split_stratify=False, fold_strategy=stratifiedkfold, fold=10, fold_shuffle=False, fold_groups=None, n_jobs=-1, use_gpu=False, custom_pipeline=None, html=True, session_id=1, log_experiment=False, experiment_name=None, log_plots=False, log_profile=False, log_data=False, silent=True, verbose=True, profile=False, profile_kwargs=None, display=None)
2022-04-01 09:22:31,222:INFO:Checking environment
2022-04-01 09:22:31,222:INFO:python_version: 3.9.7
2022-04-01 09:22:31,222:INFO:python_build: ('default', 'Sep 16 2021 16:59:28')
2022-04-01 09:22:31,222:INFO:machine: AMD64
2022-04-01 09:22:31,222:INFO:platform: Windows-10-10.0.22000-SP0
2022-04-01 09:22:31,222:INFO:Memory: svmem(total=16954339328, available=7833944064, percent=53.8, used=9120395264, free=7833944064)
2022-04-01 09:22:31,222:INFO:Physical Core: 8
2022-04-01 09:22:31,222:INFO:Logical Core: 16
2022-04-01 09:22:31,222:INFO:Checking libraries
2022-04-01 09:22:31,222:INFO:pd==1.4.1
2022-04-01 09:22:31,222:INFO:numpy==1.21.5
2022-04-01 09:22:31,222:INFO:sklearn==1.0.2
2022-04-01 09:22:31,222:INFO:xgboost==1.5.2
2022-04-01 09:22:31,222:INFO:lightgbm==3.3.2
2022-04-01 09:22:31,222:INFO:catboost==1.0.4
2022-04-01 09:22:31,222:INFO:mlflow==1.24.0
2022-04-01 09:22:31,222:INFO:Checking Exceptions
2022-04-01 09:22:31,223:INFO:Declaring global variables
2022-04-01 09:22:31,223:INFO:USI: 88a8
2022-04-01 09:22:31,223:INFO:pycaret_globals: {'n_jobs_param', 'seed', 'fold_shuffle_param', 'fold_param', 'html_param', 'stratify_param', 'target_param', '_all_models', '_gpu_n_jobs_param', 'fold_generator', 'y_test', 'fold_groups_param', 'fix_imbalance_param', 'transform_target_param', 'exp_name_log', 'master_model_container', 'logging_param', 'experiment__', 'pycaret_globals', 'prep_pipe', 'gpu_param', 'log_plots_param', 'X', 'USI', 'iterative_imputation_iters_param', 'data_before_preprocess', '_internal_pipeline', 'y', 'display_container', 'X_train', 'transform_target_method_param', 'fix_imbalance_method_param', 'imputation_classifier', '_all_models_internal', '_available_plots', 'X_test', '_all_metrics', 'imputation_regressor', 'y_train', 'create_model_container', '_ml_usecase'}
2022-04-01 09:22:31,223:INFO:Preparing display monitor
2022-04-01 09:22:31,223:INFO:Preparing display monitor
2022-04-01 09:22:31,231:INFO:Importing libraries
2022-04-01 09:22:31,231:INFO:Copying data for preprocessing
2022-04-01 09:22:31,254:INFO:Declaring preprocessing parameters
2022-04-01 09:22:31,287:INFO:Creating preprocessing pipeline
2022-04-01 09:22:31,554:INFO:Preprocessing pipeline created successfully
2022-04-01 09:22:31,554:ERROR:(Process Exit): setup has been interupted with user command 'quit'. setup must rerun.
2022-04-01 09:22:31,554:INFO:Creating global containers
2022-04-01 09:23:04,663:INFO:PyCaret Supervised Module
2022-04-01 09:23:04,663:INFO:ML Usecase: classification
2022-04-01 09:23:04,663:INFO:version 2.2.2
2022-04-01 09:23:04,663:INFO:Initializing setup()
2022-04-01 09:23:04,663:INFO:setup(target=Status, ml_usecase=classification, available_plots={'parameter': 'Hyperparameters', 'auc': 'AUC', 'confusion_matrix': 'Confusion Matrix', 'threshold': 'Threshold', 'pr': 'Precision Recall', 'error': 'Prediction Error', 'class_report': 'Class Report', 'rfe': 'Feature Selection', 'learning': 'Learning Curve', 'manifold': 'Manifold Learning', 'calibration': 'Calibration Curve', 'vc': 'Validation Curve', 'dimension': 'Dimensions', 'feature': 'Feature Importance', 'feature_all': 'Feature Importance (All)', 'boundary': 'Decision Boundary', 'lift': 'Lift Chart', 'gain': 'Gain Chart', 'tree': 'Decision Tree'}, train_size=0.7, test_data=None, preprocess=True, imputation_type=simple, iterative_imputation_iters=5, categorical_features=None, categorical_imputation=constant, categorical_iterative_imputer=lightgbm, ordinal_features=None, high_cardinality_features=None, high_cardinality_method=frequency, numeric_features=None, numeric_imputation=mean, numeric_iterative_imputer=lightgbm, date_features=None, ignore_features=None, normalize=False, normalize_method=zscore, transformation=False, transformation_method=yeo-johnson, handle_unknown_categorical=True, unknown_categorical_method=least_frequent, pca=False, pca_method=linear, pca_components=None, ignore_low_variance=False, combine_rare_levels=False, rare_level_threshold=0.1, bin_numeric_features=None, remove_outliers=False, outliers_threshold=0.05, remove_multicollinearity=False, multicollinearity_threshold=0.9, remove_perfect_collinearity=True, create_clusters=False, cluster_iter=20, polynomial_features=False, polynomial_degree=2, trigonometry_features=False, polynomial_threshold=0.1, group_features=None, group_names=None, feature_selection=False, feature_selection_threshold=0.8, feature_selection_method=classic, feature_interaction=False, feature_ratio=False, interaction_threshold=0.01, fix_imbalance=False, fix_imbalance_method=None, transform_target=False, transform_target_method=box-cox, data_split_shuffle=True, data_split_stratify=False, fold_strategy=stratifiedkfold, fold=10, fold_shuffle=True, fold_groups=None, n_jobs=-1, use_gpu=False, custom_pipeline=None, html=True, session_id=1, log_experiment=False, experiment_name=None, log_plots=False, log_profile=False, log_data=False, silent=True, verbose=True, profile=False, profile_kwargs=None, display=None)
2022-04-01 09:23:04,663:INFO:Checking environment
2022-04-01 09:23:04,663:INFO:python_version: 3.9.7
2022-04-01 09:23:04,663:INFO:python_build: ('default', 'Sep 16 2021 16:59:28')
2022-04-01 09:23:04,663:INFO:machine: AMD64
2022-04-01 09:23:04,663:INFO:platform: Windows-10-10.0.22000-SP0
2022-04-01 09:23:04,663:INFO:Memory: svmem(total=16954339328, available=7571992576, percent=55.3, used=9382346752, free=7571992576)
2022-04-01 09:23:04,664:INFO:Physical Core: 8
2022-04-01 09:23:04,664:INFO:Logical Core: 16
2022-04-01 09:23:04,664:INFO:Checking libraries
2022-04-01 09:23:04,664:INFO:pd==1.4.1
2022-04-01 09:23:04,664:INFO:numpy==1.21.5
2022-04-01 09:23:04,664:INFO:sklearn==1.0.2
2022-04-01 09:23:04,664:INFO:xgboost==1.5.2
2022-04-01 09:23:04,664:INFO:lightgbm==3.3.2
2022-04-01 09:23:04,664:INFO:catboost==1.0.4
2022-04-01 09:23:04,664:INFO:mlflow==1.24.0
2022-04-01 09:23:04,664:INFO:Checking Exceptions
2022-04-01 09:23:04,664:INFO:Declaring global variables
2022-04-01 09:23:04,664:INFO:USI: 2a64
2022-04-01 09:23:04,664:INFO:pycaret_globals: {'n_jobs_param', 'seed', 'fold_shuffle_param', 'fold_param', 'html_param', 'stratify_param', 'target_param', '_all_models', '_gpu_n_jobs_param', 'fold_generator', 'y_test', 'fold_groups_param', 'fix_imbalance_param', 'transform_target_param', 'exp_name_log', 'master_model_container', 'logging_param', 'experiment__', 'pycaret_globals', 'prep_pipe', 'gpu_param', 'log_plots_param', 'X', 'USI', 'iterative_imputation_iters_param', 'data_before_preprocess', '_internal_pipeline', 'y', 'display_container', 'X_train', 'transform_target_method_param', 'fix_imbalance_method_param', 'imputation_classifier', '_all_models_internal', '_available_plots', 'X_test', '_all_metrics', 'imputation_regressor', 'y_train', 'create_model_container', '_ml_usecase'}
2022-04-01 09:23:04,664:INFO:Preparing display monitor
2022-04-01 09:23:04,664:INFO:Preparing display monitor
2022-04-01 09:23:04,665:INFO:Importing libraries
2022-04-01 09:23:04,665:INFO:Copying data for preprocessing
2022-04-01 09:23:04,691:INFO:Declaring preprocessing parameters
2022-04-01 09:23:04,721:INFO:Creating preprocessing pipeline
2022-04-01 09:23:04,986:INFO:Preprocessing pipeline created successfully
2022-04-01 09:23:04,986:ERROR:(Process Exit): setup has been interupted with user command 'quit'. setup must rerun.
2022-04-01 09:23:04,986:INFO:Creating global containers
2022-04-01 09:23:04,986:INFO:Internal pipeline: Pipeline(memory=None, steps=[('empty_step', 'passthrough')], verbose=False)
2022-04-01 09:23:13,143:INFO:Creating grid variables
2022-04-01 09:23:13,428:INFO:create_model_container: 0
2022-04-01 09:23:13,428:INFO:master_model_container: 0
2022-04-01 09:23:13,428:INFO:display_container: 0
2022-04-01 09:24:32,717:INFO:PyCaret Supervised Module
2022-04-01 09:24:32,717:INFO:ML Usecase: classification
2022-04-01 09:24:32,717:INFO:version 2.2.2
2022-04-01 09:24:32,717:INFO:Initializing setup()
2022-04-01 09:24:32,717:INFO:setup(target=Status, ml_usecase=classification, available_plots={'parameter': 'Hyperparameters', 'auc': 'AUC', 'confusion_matrix': 'Confusion Matrix', 'threshold': 'Threshold', 'pr': 'Precision Recall', 'error': 'Prediction Error', 'class_report': 'Class Report', 'rfe': 'Feature Selection', 'learning': 'Learning Curve', 'manifold': 'Manifold Learning', 'calibration': 'Calibration Curve', 'vc': 'Validation Curve', 'dimension': 'Dimensions', 'feature': 'Feature Importance', 'feature_all': 'Feature Importance (All)', 'boundary': 'Decision Boundary', 'lift': 'Lift Chart', 'gain': 'Gain Chart', 'tree': 'Decision Tree'}, train_size=0.7, test_data=None, preprocess=True, imputation_type=iterative, iterative_imputation_iters=5, categorical_features=None, categorical_imputation=constant, categorical_iterative_imputer=lightgbm, ordinal_features=None, high_cardinality_features=None, high_cardinality_method=frequency, numeric_features=None, numeric_imputation=mean, numeric_iterative_imputer=lightgbm, date_features=None, ignore_features=None, normalize=False, normalize_method=zscore, transformation=False, transformation_method=yeo-johnson, handle_unknown_categorical=True, unknown_categorical_method=least_frequent, pca=False, pca_method=linear, pca_components=None, ignore_low_variance=False, combine_rare_levels=False, rare_level_threshold=0.1, bin_numeric_features=None, remove_outliers=False, outliers_threshold=0.05, remove_multicollinearity=False, multicollinearity_threshold=0.9, remove_perfect_collinearity=True, create_clusters=False, cluster_iter=20, polynomial_features=False, polynomial_degree=2, trigonometry_features=False, polynomial_threshold=0.1, group_features=None, group_names=None, feature_selection=False, feature_selection_threshold=0.8, feature_selection_method=classic, feature_interaction=False, feature_ratio=False, interaction_threshold=0.01, fix_imbalance=False, fix_imbalance_method=None, transform_target=False, transform_target_method=box-cox, data_split_shuffle=True, data_split_stratify=False, fold_strategy=stratifiedkfold, fold=10, fold_shuffle=True, fold_groups=None, n_jobs=-1, use_gpu=False, custom_pipeline=None, html=True, session_id=1, log_experiment=False, experiment_name=None, log_plots=False, log_profile=False, log_data=False, silent=True, verbose=True, profile=False, profile_kwargs=None, display=None)
2022-04-01 09:24:32,717:INFO:Checking environment
2022-04-01 09:24:32,717:INFO:python_version: 3.9.7
2022-04-01 09:24:32,717:INFO:python_build: ('default', 'Sep 16 2021 16:59:28')
2022-04-01 09:24:32,718:INFO:machine: AMD64
2022-04-01 09:24:32,718:INFO:platform: Windows-10-10.0.22000-SP0
2022-04-01 09:24:32,718:INFO:Memory: svmem(total=16954339328, available=7301918720, percent=56.9, used=9652420608, free=7301918720)
2022-04-01 09:24:32,718:INFO:Physical Core: 8
2022-04-01 09:24:32,718:INFO:Logical Core: 16
2022-04-01 09:24:32,718:INFO:Checking libraries
2022-04-01 09:24:32,718:INFO:pd==1.4.1
2022-04-01 09:24:32,718:INFO:numpy==1.21.5
2022-04-01 09:24:32,718:INFO:sklearn==1.0.2
2022-04-01 09:24:32,718:INFO:xgboost==1.5.2
2022-04-01 09:24:32,718:INFO:lightgbm==3.3.2
2022-04-01 09:24:32,718:INFO:catboost==1.0.4
2022-04-01 09:24:32,718:INFO:mlflow==1.24.0
2022-04-01 09:24:32,718:INFO:Checking Exceptions
2022-04-01 09:24:32,718:INFO:Declaring global variables
2022-04-01 09:24:32,718:INFO:USI: 7937
2022-04-01 09:24:32,719:INFO:pycaret_globals: {'n_jobs_param', 'seed', 'fold_shuffle_param', 'fold_param', 'html_param', 'stratify_param', 'target_param', '_all_models', '_gpu_n_jobs_param', 'fold_generator', 'y_test', 'fold_groups_param', 'fix_imbalance_param', 'transform_target_param', 'exp_name_log', 'master_model_container', 'logging_param', 'experiment__', 'pycaret_globals', 'prep_pipe', 'gpu_param', 'log_plots_param', 'X', 'USI', 'iterative_imputation_iters_param', 'data_before_preprocess', '_internal_pipeline', 'y', 'display_container', 'X_train', 'transform_target_method_param', 'fix_imbalance_method_param', 'imputation_classifier', '_all_models_internal', '_available_plots', 'X_test', '_all_metrics', 'imputation_regressor', 'y_train', 'create_model_container', '_ml_usecase'}
2022-04-01 09:24:32,719:INFO:Preparing display monitor
2022-04-01 09:24:32,719:INFO:Preparing display monitor
2022-04-01 09:24:32,727:INFO:Importing libraries
2022-04-01 09:24:32,727:INFO:Copying data for preprocessing
2022-04-01 09:24:32,751:INFO:Declaring preprocessing parameters
2022-04-01 09:24:32,781:INFO:Setting up iterative imputation
2022-04-01 09:24:32,966:INFO:Creating preprocessing pipeline
2022-04-01 09:24:33,249:INFO:Preprocessing pipeline created successfully
2022-04-01 09:24:33,249:ERROR:(Process Exit): setup has been interupted with user command 'quit'. setup must rerun.
2022-04-01 09:24:33,249:INFO:Creating global containers
2022-04-01 09:24:33,249:INFO:Internal pipeline: Pipeline(memory=None, steps=[('empty_step', 'passthrough')], verbose=False)
2022-04-01 09:24:36,037:INFO:Iterative Imputation: 1 cycle | term
2022-04-01 09:24:37,188:INFO:Iterative Imputation: 1 cycle | Neg_ammortization
2022-04-01 09:24:38,545:INFO:Iterative Imputation: 1 cycle | loan_purpose
2022-04-01 09:24:40,523:INFO:Iterative Imputation: 1 cycle | age
2022-04-01 09:24:43,189:INFO:Iterative Imputation: 1 cycle | submission_of_application
2022-04-01 09:24:44,617:INFO:Iterative Imputation: 1 cycle | approv_in_adv
2022-04-01 09:24:45,983:INFO:Iterative Imputation: 1 cycle | loan_limit
2022-04-01 09:24:47,337:INFO:Iterative Imputation: 2 cycle | term
2022-04-01 09:24:48,454:INFO:Iterative Imputation: 2 cycle | Neg_ammortization
2022-04-01 09:24:49,824:INFO:Iterative Imputation: 2 cycle | loan_purpose
2022-04-01 09:24:51,782:INFO:Iterative Imputation: 2 cycle | age
2022-04-01 09:24:54,440:INFO:Iterative Imputation: 2 cycle | submission_of_application
2022-04-01 09:24:55,799:INFO:Iterative Imputation: 2 cycle | approv_in_adv
2022-04-01 09:24:57,152:INFO:Iterative Imputation: 2 cycle | loan_limit
2022-04-01 09:24:58,486:INFO:Iterative Imputation: 3 cycle | term
2022-04-01 09:24:59,594:INFO:Iterative Imputation: 3 cycle | Neg_ammortization
2022-04-01 09:25:00,913:INFO:Iterative Imputation: 3 cycle | loan_purpose
2022-04-01 09:25:02,906:INFO:Iterative Imputation: 3 cycle | age
2022-04-01 09:25:05,530:INFO:Iterative Imputation: 3 cycle | submission_of_application
2022-04-01 09:25:06,927:INFO:Iterative Imputation: 3 cycle | approv_in_adv
2022-04-01 09:25:08,312:INFO:Iterative Imputation: 3 cycle | loan_limit
2022-04-01 09:25:09,644:INFO:Iterative Imputation: 4 cycle | term
2022-04-01 09:25:10,793:INFO:Iterative Imputation: 4 cycle | Neg_ammortization
2022-04-01 09:25:12,158:INFO:Iterative Imputation: 4 cycle | loan_purpose
2022-04-01 09:25:14,267:INFO:Iterative Imputation: 4 cycle | age
2022-04-01 09:25:17,193:INFO:Iterative Imputation: 4 cycle | submission_of_application
2022-04-01 09:25:18,634:INFO:Iterative Imputation: 4 cycle | approv_in_adv
2022-04-01 09:25:20,053:INFO:Iterative Imputation: 4 cycle | loan_limit
2022-04-01 09:25:21,381:INFO:Iterative Imputation: 5 cycle | term
2022-04-01 09:25:22,517:INFO:Iterative Imputation: 5 cycle | Neg_ammortization
2022-04-01 09:25:23,896:INFO:Iterative Imputation: 5 cycle | loan_purpose
2022-04-01 09:25:26,080:INFO:Iterative Imputation: 5 cycle | age
2022-04-01 09:25:28,880:INFO:Iterative Imputation: 5 cycle | submission_of_application
2022-04-01 09:25:30,292:INFO:Iterative Imputation: 5 cycle | approv_in_adv
2022-04-01 09:25:31,675:INFO:Iterative Imputation: 5 cycle | loan_limit
2022-04-01 09:25:34,956:INFO:Iterative Imputation: 1 cycle | term
2022-04-01 09:25:35,207:INFO:Iterative Imputation: 1 cycle | Neg_ammortization
2022-04-01 09:25:35,499:INFO:Iterative Imputation: 1 cycle | loan_purpose
2022-04-01 09:25:35,757:INFO:Iterative Imputation: 1 cycle | age
2022-04-01 09:25:36,008:INFO:Iterative Imputation: 1 cycle | submission_of_application
2022-04-01 09:25:36,313:INFO:Iterative Imputation: 1 cycle | approv_in_adv
2022-04-01 09:25:36,595:INFO:Iterative Imputation: 1 cycle | loan_limit
2022-04-01 09:25:36,865:INFO:Iterative Imputation: 2 cycle | term
2022-04-01 09:25:37,068:INFO:Iterative Imputation: 2 cycle | Neg_ammortization
2022-04-01 09:25:37,332:INFO:Iterative Imputation: 2 cycle | loan_purpose
2022-04-01 09:25:37,620:INFO:Iterative Imputation: 2 cycle | age
2022-04-01 09:25:37,905:INFO:Iterative Imputation: 2 cycle | submission_of_application
2022-04-01 09:25:38,155:INFO:Iterative Imputation: 2 cycle | approv_in_adv
2022-04-01 09:25:38,420:INFO:Iterative Imputation: 2 cycle | loan_limit
2022-04-01 09:25:38,687:INFO:Iterative Imputation: 3 cycle | term
2022-04-01 09:25:38,891:INFO:Iterative Imputation: 3 cycle | Neg_ammortization
2022-04-01 09:25:39,142:INFO:Iterative Imputation: 3 cycle | loan_purpose
2022-04-01 09:25:39,472:INFO:Iterative Imputation: 3 cycle | age
2022-04-01 09:25:39,748:INFO:Iterative Imputation: 3 cycle | submission_of_application
2022-04-01 09:25:40,014:INFO:Iterative Imputation: 3 cycle | approv_in_adv
2022-04-01 09:25:40,275:INFO:Iterative Imputation: 3 cycle | loan_limit
2022-04-01 09:25:40,562:INFO:Iterative Imputation: 4 cycle | term
2022-04-01 09:25:40,766:INFO:Iterative Imputation: 4 cycle | Neg_ammortization
2022-04-01 09:25:41,039:INFO:Iterative Imputation: 4 cycle | loan_purpose
2022-04-01 09:25:41,300:INFO:Iterative Imputation: 4 cycle | age
2022-04-01 09:25:41,580:INFO:Iterative Imputation: 4 cycle | submission_of_application
2022-04-01 09:25:41,831:INFO:Iterative Imputation: 4 cycle | approv_in_adv
2022-04-01 09:25:42,082:INFO:Iterative Imputation: 4 cycle | loan_limit
2022-04-01 09:25:42,349:INFO:Iterative Imputation: 5 cycle | term
2022-04-01 09:25:42,552:INFO:Iterative Imputation: 5 cycle | Neg_ammortization
2022-04-01 09:25:42,788:INFO:Iterative Imputation: 5 cycle | loan_purpose
2022-04-01 09:25:43,055:INFO:Iterative Imputation: 5 cycle | age
2022-04-01 09:25:43,322:INFO:Iterative Imputation: 5 cycle | submission_of_application
2022-04-01 09:25:43,620:INFO:Iterative Imputation: 5 cycle | approv_in_adv
2022-04-01 09:25:43,887:INFO:Iterative Imputation: 5 cycle | loan_limit
2022-04-01 09:25:46,938:INFO:Iterative Imputation: 1 cycle | term
2022-04-01 09:25:47,220:INFO:Iterative Imputation: 1 cycle | Neg_ammortization
2022-04-01 09:25:47,793:INFO:Iterative Imputation: 1 cycle | loan_purpose
2022-04-01 09:25:48,366:INFO:Iterative Imputation: 1 cycle | age
2022-04-01 09:25:48,931:INFO:Iterative Imputation: 1 cycle | submission_of_application
2022-04-01 09:25:49,532:INFO:Iterative Imputation: 1 cycle | approv_in_adv
2022-04-01 09:25:50,099:INFO:Iterative Imputation: 1 cycle | loan_limit
2022-04-01 09:25:50,678:INFO:Iterative Imputation: 2 cycle | term
2022-04-01 09:25:50,960:INFO:Iterative Imputation: 2 cycle | Neg_ammortization
2022-04-01 09:25:51,478:INFO:Iterative Imputation: 2 cycle | loan_purpose
2022-04-01 09:25:52,059:INFO:Iterative Imputation: 2 cycle | age
2022-04-01 09:25:52,640:INFO:Iterative Imputation: 2 cycle | submission_of_application
2022-04-01 09:25:53,204:INFO:Iterative Imputation: 2 cycle | approv_in_adv
2022-04-01 09:25:53,770:INFO:Iterative Imputation: 2 cycle | loan_limit
2022-04-01 09:25:54,366:INFO:Iterative Imputation: 3 cycle | term
2022-04-01 09:25:54,649:INFO:Iterative Imputation: 3 cycle | Neg_ammortization
2022-04-01 09:25:55,182:INFO:Iterative Imputation: 3 cycle | loan_purpose
2022-04-01 09:25:55,763:INFO:Iterative Imputation: 3 cycle | age
2022-04-01 09:25:56,344:INFO:Iterative Imputation: 3 cycle | submission_of_application
2022-04-01 09:25:56,925:INFO:Iterative Imputation: 3 cycle | approv_in_adv
2022-04-01 09:25:57,474:INFO:Iterative Imputation: 3 cycle | loan_limit
2022-04-01 09:25:58,086:INFO:Iterative Imputation: 4 cycle | term
2022-04-01 09:25:58,368:INFO:Iterative Imputation: 4 cycle | Neg_ammortization
2022-04-01 09:25:58,902:INFO:Iterative Imputation: 4 cycle | loan_purpose
2022-04-01 09:25:59,483:INFO:Iterative Imputation: 4 cycle | age
2022-04-01 09:26:00,079:INFO:Iterative Imputation: 4 cycle | submission_of_application
2022-04-01 09:26:00,645:INFO:Iterative Imputation: 4 cycle | approv_in_adv
2022-04-01 09:26:01,209:INFO:Iterative Imputation: 4 cycle | loan_limit
2022-04-01 09:26:01,821:INFO:Iterative Imputation: 5 cycle | term
2022-04-01 09:26:02,088:INFO:Iterative Imputation: 5 cycle | Neg_ammortization
2022-04-01 09:26:02,638:INFO:Iterative Imputation: 5 cycle | loan_purpose
2022-04-01 09:26:03,187:INFO:Iterative Imputation: 5 cycle | age
2022-04-01 09:26:03,752:INFO:Iterative Imputation: 5 cycle | submission_of_application
2022-04-01 09:26:04,335:INFO:Iterative Imputation: 5 cycle | approv_in_adv
2022-04-01 09:26:04,913:INFO:Iterative Imputation: 5 cycle | loan_limit
2022-04-01 09:26:06,656:INFO:Creating grid variables
2022-04-01 09:26:06,940:INFO:create_model_container: 0
2022-04-01 09:26:06,941:INFO:master_model_container: 0
2022-04-01 09:26:06,941:INFO:display_container: 0
2022-04-01 09:26:55,758:INFO:Initializing compare_models()
2022-04-01 09:26:55,758:INFO:compare_models(include=None, fold=None, round=4, cross_validation=True, sort=Accuracy, n_select=1, budget_time=None, turbo=True, errors=ignore, fit_kwargs=None, groups=None, verbose=True, display=None, exclude=None)
2022-04-01 09:26:55,758:INFO:Checking exceptions
2022-04-01 09:26:55,759:INFO:Preparing display monitor
2022-04-01 09:26:55,759:INFO:Preparing display monitor
2022-04-01 09:26:55,769:INFO:Initializing Logistic Regression
2022-04-01 09:26:55,769:INFO:Total runtime is 0.0 minutes
2022-04-01 09:26:55,769:INFO:SubProcess create_model() called ==================================
2022-04-01 09:26:55,769:INFO:Initializing create_model()
2022-04-01 09:26:55,769:INFO:create_model(estimator=lr, fold=StratifiedKFold(n_splits=10, random_state=1, shuffle=True), round=4, cross_validation=True, predict=True, fit_kwargs={}, groups=None, refit=False, verbose=False, system=False, metrics=None, display=<pycaret.internal.Display.Display object at 0x0000023CE650CF40>, kwargs={})
2022-04-01 09:26:55,769:INFO:Checking exceptions
2022-04-01 09:26:55,769:INFO:Importing libraries
2022-04-01 09:26:55,769:INFO:Copying training dataset
2022-04-01 09:26:55,784:INFO:Defining folds
2022-04-01 09:26:55,784:INFO:Declaring metric variables
2022-04-01 09:26:55,784:INFO:Importing untrained model
2022-04-01 09:26:55,784:INFO:Logistic Regression Imported succesfully
2022-04-01 09:26:55,800:INFO:Starting cross validation
2022-04-01 09:26:55,800:INFO:Cross validating with StratifiedKFold(n_splits=10, random_state=1, shuffle=True), n_jobs=-1
2022-04-01 09:27:03,562:INFO:Calculating mean and std
2022-04-01 09:27:03,562:INFO:Creating metrics dataframe
2022-04-01 09:27:03,602:INFO:Uploading results into container
2022-04-01 09:27:03,602:INFO:Uploading model into container now
2022-04-01 09:27:03,602:INFO:create_model_container: 1
2022-04-01 09:27:03,602:INFO:master_model_container: 1
2022-04-01 09:27:03,603:INFO:display_container: 1
2022-04-01 09:27:03,603:INFO:LogisticRegression(C=1.0, class_weight=None, dual=False, fit_intercept=True,
                   intercept_scaling=1, l1_ratio=None, max_iter=1000,
                   multi_class='auto', n_jobs=None, penalty='l2',
                   random_state=1, solver='lbfgs', tol=0.0001, verbose=0,
                   warm_start=False)
2022-04-01 09:27:03,603:INFO:create_model() succesfully completed......................................
2022-04-01 09:27:03,749:INFO:SubProcess create_model() end ==================================
2022-04-01 09:27:03,749:INFO:Creating metrics dataframe
2022-04-01 09:27:03,769:INFO:Initializing K Neighbors Classifier
2022-04-01 09:27:03,769:INFO:Total runtime is 0.13334490855534872 minutes
2022-04-01 09:27:03,775:INFO:SubProcess create_model() called ==================================
2022-04-01 09:27:03,775:INFO:Initializing create_model()
2022-04-01 09:27:03,776:INFO:create_model(estimator=knn, fold=StratifiedKFold(n_splits=10, random_state=1, shuffle=True), round=4, cross_validation=True, predict=True, fit_kwargs={}, groups=None, refit=False, verbose=False, system=False, metrics=None, display=<pycaret.internal.Display.Display object at 0x0000023CE650CF40>, kwargs={})
2022-04-01 09:27:03,776:INFO:Checking exceptions
2022-04-01 09:27:03,776:INFO:Importing libraries
2022-04-01 09:27:03,776:INFO:Copying training dataset
2022-04-01 09:27:03,781:INFO:Defining folds
2022-04-01 09:27:03,781:INFO:Declaring metric variables
2022-04-01 09:27:03,783:INFO:Importing untrained model
2022-04-01 09:27:03,783:INFO:K Neighbors Classifier Imported succesfully
2022-04-01 09:27:03,799:INFO:Starting cross validation
2022-04-01 09:27:03,799:INFO:Cross validating with StratifiedKFold(n_splits=10, random_state=1, shuffle=True), n_jobs=-1
2022-04-01 09:35:29,088:INFO:Calculating mean and std
2022-04-01 09:35:29,157:INFO:Creating metrics dataframe
2022-04-01 09:35:29,616:INFO:Uploading results into container
2022-04-01 09:35:29,616:INFO:Uploading model into container now
2022-04-01 09:35:29,616:INFO:create_model_container: 2
2022-04-01 09:35:29,616:INFO:master_model_container: 2
2022-04-01 09:35:29,616:INFO:display_container: 1
2022-04-01 09:35:29,621:INFO:KNeighborsClassifier(algorithm='auto', leaf_size=30, metric='minkowski',
                     metric_params=None, n_jobs=-1, n_neighbors=5, p=2,
                     weights='uniform')
2022-04-01 09:35:29,621:INFO:create_model() succesfully completed......................................
2022-04-01 09:35:30,309:INFO:SubProcess create_model() end ==================================
2022-04-01 09:35:30,309:INFO:Creating metrics dataframe
2022-04-01 09:35:30,356:INFO:Initializing Naive Bayes
2022-04-01 09:35:30,356:INFO:Total runtime is 8.576450240612031 minutes
2022-04-01 09:35:30,359:INFO:SubProcess create_model() called ==================================
2022-04-01 09:35:30,359:INFO:Initializing create_model()
2022-04-01 09:35:30,359:INFO:create_model(estimator=nb, fold=StratifiedKFold(n_splits=10, random_state=1, shuffle=True), round=4, cross_validation=True, predict=True, fit_kwargs={}, groups=None, refit=False, verbose=False, system=False, metrics=None, display=<pycaret.internal.Display.Display object at 0x0000023CE650CF40>, kwargs={})
2022-04-01 09:35:30,359:INFO:Checking exceptions
2022-04-01 09:35:30,359:INFO:Importing libraries
2022-04-01 09:35:30,367:INFO:Copying training dataset
2022-04-01 09:35:30,428:INFO:Defining folds
2022-04-01 09:35:30,428:INFO:Declaring metric variables
2022-04-01 09:35:30,434:INFO:Importing untrained model
2022-04-01 09:35:30,441:INFO:Naive Bayes Imported succesfully
2022-04-01 09:35:30,445:INFO:Starting cross validation
2022-04-01 09:35:30,445:INFO:Cross validating with StratifiedKFold(n_splits=10, random_state=1, shuffle=True), n_jobs=-1
2022-04-01 09:35:31,643:INFO:Calculating mean and std
2022-04-01 09:35:31,643:INFO:Creating metrics dataframe
2022-04-01 09:35:31,693:INFO:Uploading results into container
2022-04-01 09:35:31,693:INFO:Uploading model into container now
2022-04-01 09:35:31,693:INFO:create_model_container: 3
2022-04-01 09:35:31,693:INFO:master_model_container: 3
2022-04-01 09:35:31,693:INFO:display_container: 1
2022-04-01 09:35:31,694:INFO:GaussianNB(priors=None, var_smoothing=1e-09)
2022-04-01 09:35:31,694:INFO:create_model() succesfully completed......................................
2022-04-01 09:35:31,904:INFO:SubProcess create_model() end ==================================
2022-04-01 09:35:31,904:INFO:Creating metrics dataframe
2022-04-01 09:35:31,935:INFO:Initializing Decision Tree Classifier
2022-04-01 09:35:31,935:INFO:Total runtime is 8.602774437268575 minutes
2022-04-01 09:35:31,961:INFO:SubProcess create_model() called ==================================
2022-04-01 09:35:31,961:INFO:Initializing create_model()
2022-04-01 09:35:31,961:INFO:create_model(estimator=dt, fold=StratifiedKFold(n_splits=10, random_state=1, shuffle=True), round=4, cross_validation=True, predict=True, fit_kwargs={}, groups=None, refit=False, verbose=False, system=False, metrics=None, display=<pycaret.internal.Display.Display object at 0x0000023CE650CF40>, kwargs={})
2022-04-01 09:35:31,961:INFO:Checking exceptions
2022-04-01 09:35:31,962:INFO:Importing libraries
2022-04-01 09:35:31,962:INFO:Copying training dataset
2022-04-01 09:35:31,964:INFO:Defining folds
2022-04-01 09:35:31,964:INFO:Declaring metric variables
2022-04-01 09:35:31,964:INFO:Importing untrained model
2022-04-01 09:35:31,979:INFO:Decision Tree Classifier Imported succesfully
2022-04-01 09:35:31,995:INFO:Starting cross validation
2022-04-01 09:35:31,995:INFO:Cross validating with StratifiedKFold(n_splits=10, random_state=1, shuffle=True), n_jobs=-1
2022-04-01 09:35:34,538:INFO:Calculating mean and std
2022-04-01 09:35:34,538:INFO:Creating metrics dataframe
2022-04-01 09:35:34,572:INFO:Uploading results into container
2022-04-01 09:35:34,572:INFO:Uploading model into container now
2022-04-01 09:35:34,572:INFO:create_model_container: 4
2022-04-01 09:35:34,572:INFO:master_model_container: 4
2022-04-01 09:35:34,572:INFO:display_container: 1
2022-04-01 09:35:34,573:INFO:DecisionTreeClassifier(ccp_alpha=0.0, class_weight=None, criterion='gini',
                       max_depth=None, max_features=None, max_leaf_nodes=None,
                       min_impurity_decrease=0.0, min_samples_leaf=1,
                       min_samples_split=2, min_weight_fraction_leaf=0.0,
                       random_state=1, splitter='best')
2022-04-01 09:35:34,573:INFO:create_model() succesfully completed......................................
2022-04-01 09:35:34,747:INFO:SubProcess create_model() end ==================================
2022-04-01 09:35:34,747:INFO:Creating metrics dataframe
2022-04-01 09:35:34,769:INFO:Initializing SVM - Linear Kernel
2022-04-01 09:35:34,769:INFO:Total runtime is 8.650003015995026 minutes
2022-04-01 09:35:34,769:INFO:SubProcess create_model() called ==================================
2022-04-01 09:35:34,769:INFO:Initializing create_model()
2022-04-01 09:35:34,769:INFO:create_model(estimator=svm, fold=StratifiedKFold(n_splits=10, random_state=1, shuffle=True), round=4, cross_validation=True, predict=True, fit_kwargs={}, groups=None, refit=False, verbose=False, system=False, metrics=None, display=<pycaret.internal.Display.Display object at 0x0000023CE650CF40>, kwargs={})
2022-04-01 09:35:34,769:INFO:Checking exceptions
2022-04-01 09:35:34,769:INFO:Importing libraries
2022-04-01 09:35:34,769:INFO:Copying training dataset
2022-04-01 09:35:34,769:INFO:Defining folds
2022-04-01 09:35:34,769:INFO:Declaring metric variables
2022-04-01 09:35:34,788:INFO:Importing untrained model
2022-04-01 09:35:34,795:INFO:SVM - Linear Kernel Imported succesfully
2022-04-01 09:35:34,802:INFO:Starting cross validation
2022-04-01 09:35:34,802:INFO:Cross validating with StratifiedKFold(n_splits=10, random_state=1, shuffle=True), n_jobs=-1
2022-04-01 09:35:55,552:INFO:Calculating mean and std
2022-04-01 09:35:55,552:INFO:Creating metrics dataframe
2022-04-01 09:35:55,575:INFO:Uploading results into container
2022-04-01 09:35:55,575:INFO:Uploading model into container now
2022-04-01 09:35:55,575:INFO:create_model_container: 5
2022-04-01 09:35:55,575:INFO:master_model_container: 5
2022-04-01 09:35:55,575:INFO:display_container: 1
2022-04-01 09:35:55,575:INFO:SGDClassifier(alpha=0.0001, average=False, class_weight=None,
              early_stopping=False, epsilon=0.1, eta0=0.001, fit_intercept=True,
              l1_ratio=0.15, learning_rate='optimal', loss='hinge',
              max_iter=1000, n_iter_no_change=5, n_jobs=-1, penalty='l2',
              power_t=0.5, random_state=1, shuffle=True, tol=0.001,
              validation_fraction=0.1, verbose=0, warm_start=False)
2022-04-01 09:35:55,575:INFO:create_model() succesfully completed......................................
2022-04-01 09:35:55,737:INFO:SubProcess create_model() end ==================================
2022-04-01 09:35:55,737:INFO:Creating metrics dataframe
2022-04-01 09:35:55,753:INFO:Initializing Ridge Classifier
2022-04-01 09:35:55,753:INFO:Total runtime is 8.999735200405121 minutes
2022-04-01 09:35:55,764:INFO:SubProcess create_model() called ==================================
2022-04-01 09:35:55,764:INFO:Initializing create_model()
2022-04-01 09:35:55,765:INFO:create_model(estimator=ridge, fold=StratifiedKFold(n_splits=10, random_state=1, shuffle=True), round=4, cross_validation=True, predict=True, fit_kwargs={}, groups=None, refit=False, verbose=False, system=False, metrics=None, display=<pycaret.internal.Display.Display object at 0x0000023CE650CF40>, kwargs={})
2022-04-01 09:35:55,765:INFO:Checking exceptions
2022-04-01 09:35:55,765:INFO:Importing libraries
2022-04-01 09:35:55,765:INFO:Copying training dataset
2022-04-01 09:35:55,769:INFO:Defining folds
2022-04-01 09:35:55,770:INFO:Declaring metric variables
2022-04-01 09:35:55,775:INFO:Importing untrained model
2022-04-01 09:35:55,775:INFO:Ridge Classifier Imported succesfully
2022-04-01 09:35:55,791:INFO:Starting cross validation
2022-04-01 09:35:55,791:INFO:Cross validating with StratifiedKFold(n_splits=10, random_state=1, shuffle=True), n_jobs=-1
2022-04-01 09:35:56,540:INFO:Calculating mean and std
2022-04-01 09:35:56,540:INFO:Creating metrics dataframe
2022-04-01 09:35:56,559:INFO:Uploading results into container
2022-04-01 09:35:56,559:INFO:Uploading model into container now
2022-04-01 09:35:56,559:INFO:create_model_container: 6
2022-04-01 09:35:56,559:INFO:master_model_container: 6
2022-04-01 09:35:56,559:INFO:display_container: 1
2022-04-01 09:35:56,559:INFO:RidgeClassifier(alpha=1.0, class_weight=None, copy_X=True, fit_intercept=True,
                max_iter=None, normalize='deprecated', positive=False,
                random_state=1, solver='auto', tol=0.001)
2022-04-01 09:35:56,559:INFO:create_model() succesfully completed......................................
2022-04-01 09:35:56,701:INFO:SubProcess create_model() end ==================================
2022-04-01 09:35:56,701:INFO:Creating metrics dataframe
2022-04-01 09:35:56,744:INFO:Initializing Random Forest Classifier
2022-04-01 09:35:56,744:INFO:Total runtime is 9.016249907016755 minutes
2022-04-01 09:35:56,750:INFO:SubProcess create_model() called ==================================
2022-04-01 09:35:56,750:INFO:Initializing create_model()
2022-04-01 09:35:56,750:INFO:create_model(estimator=rf, fold=StratifiedKFold(n_splits=10, random_state=1, shuffle=True), round=4, cross_validation=True, predict=True, fit_kwargs={}, groups=None, refit=False, verbose=False, system=False, metrics=None, display=<pycaret.internal.Display.Display object at 0x0000023CE650CF40>, kwargs={})
2022-04-01 09:35:56,750:INFO:Checking exceptions
2022-04-01 09:35:56,750:INFO:Importing libraries
2022-04-01 09:35:56,750:INFO:Copying training dataset
2022-04-01 09:35:56,756:INFO:Defining folds
2022-04-01 09:35:56,756:INFO:Declaring metric variables
2022-04-01 09:35:56,760:INFO:Importing untrained model
2022-04-01 09:35:56,760:INFO:Random Forest Classifier Imported succesfully
2022-04-01 09:35:56,775:INFO:Starting cross validation
2022-04-01 09:35:56,775:INFO:Cross validating with StratifiedKFold(n_splits=10, random_state=1, shuffle=True), n_jobs=-1
2022-04-01 09:36:19,911:INFO:Calculating mean and std
2022-04-01 09:36:19,911:INFO:Creating metrics dataframe
2022-04-01 09:36:19,981:INFO:Uploading results into container
2022-04-01 09:36:19,981:INFO:Uploading model into container now
2022-04-01 09:36:19,981:INFO:create_model_container: 7
2022-04-01 09:36:19,981:INFO:master_model_container: 7
2022-04-01 09:36:19,981:INFO:display_container: 1
2022-04-01 09:36:19,981:INFO:RandomForestClassifier(bootstrap=True, ccp_alpha=0.0, class_weight=None,
                       criterion='gini', max_depth=None, max_features='auto',
                       max_leaf_nodes=None, max_samples=None,
                       min_impurity_decrease=0.0, min_samples_leaf=1,
                       min_samples_split=2, min_weight_fraction_leaf=0.0,
                       n_estimators=100, n_jobs=-1, oob_score=False,
                       random_state=1, verbose=0, warm_start=False)
2022-04-01 09:36:19,981:INFO:create_model() succesfully completed......................................
2022-04-01 09:36:20,185:INFO:SubProcess create_model() end ==================================
2022-04-01 09:36:20,185:INFO:Creating metrics dataframe
2022-04-01 09:36:20,226:INFO:Initializing Quadratic Discriminant Analysis
2022-04-01 09:36:20,226:INFO:Total runtime is 9.407617715994519 minutes
2022-04-01 09:36:20,233:INFO:SubProcess create_model() called ==================================
2022-04-01 09:36:20,234:INFO:Initializing create_model()
2022-04-01 09:36:20,234:INFO:create_model(estimator=qda, fold=StratifiedKFold(n_splits=10, random_state=1, shuffle=True), round=4, cross_validation=True, predict=True, fit_kwargs={}, groups=None, refit=False, verbose=False, system=False, metrics=None, display=<pycaret.internal.Display.Display object at 0x0000023CE650CF40>, kwargs={})
2022-04-01 09:36:20,234:INFO:Checking exceptions
2022-04-01 09:36:20,234:INFO:Importing libraries
2022-04-01 09:36:20,234:INFO:Copying training dataset
2022-04-01 09:36:20,234:INFO:Defining folds
2022-04-01 09:36:20,234:INFO:Declaring metric variables
2022-04-01 09:36:20,234:INFO:Importing untrained model
2022-04-01 09:36:20,256:INFO:Quadratic Discriminant Analysis Imported succesfully
2022-04-01 09:36:20,267:INFO:Starting cross validation
2022-04-01 09:36:20,267:INFO:Cross validating with StratifiedKFold(n_splits=10, random_state=1, shuffle=True), n_jobs=-1
2022-04-01 09:36:22,713:INFO:Calculating mean and std
2022-04-01 09:36:22,713:INFO:Creating metrics dataframe
2022-04-01 09:36:22,754:INFO:Uploading results into container
2022-04-01 09:36:22,754:INFO:Uploading model into container now
2022-04-01 09:36:22,754:INFO:create_model_container: 8
2022-04-01 09:36:22,754:INFO:master_model_container: 8
2022-04-01 09:36:22,754:INFO:display_container: 1
2022-04-01 09:36:22,754:INFO:QuadraticDiscriminantAnalysis(priors=None, reg_param=0.0,
                              store_covariance=False, tol=0.0001)
2022-04-01 09:36:22,754:INFO:create_model() succesfully completed......................................
2022-04-01 09:36:22,902:INFO:SubProcess create_model() end ==================================
2022-04-01 09:36:22,902:INFO:Creating metrics dataframe
2022-04-01 09:36:22,926:INFO:Initializing Ada Boost Classifier
2022-04-01 09:36:22,926:INFO:Total runtime is 9.452623001734418 minutes
2022-04-01 09:36:22,938:INFO:SubProcess create_model() called ==================================
2022-04-01 09:36:22,938:INFO:Initializing create_model()
2022-04-01 09:36:22,938:INFO:create_model(estimator=ada, fold=StratifiedKFold(n_splits=10, random_state=1, shuffle=True), round=4, cross_validation=True, predict=True, fit_kwargs={}, groups=None, refit=False, verbose=False, system=False, metrics=None, display=<pycaret.internal.Display.Display object at 0x0000023CE650CF40>, kwargs={})
2022-04-01 09:36:22,938:INFO:Checking exceptions
2022-04-01 09:36:22,938:INFO:Importing libraries
2022-04-01 09:36:22,938:INFO:Copying training dataset
2022-04-01 09:36:22,938:INFO:Defining folds
2022-04-01 09:36:22,938:INFO:Declaring metric variables
2022-04-01 09:36:22,938:INFO:Importing untrained model
2022-04-01 09:36:22,956:INFO:Ada Boost Classifier Imported succesfully
2022-04-01 09:36:22,970:INFO:Starting cross validation
2022-04-01 09:36:22,971:INFO:Cross validating with StratifiedKFold(n_splits=10, random_state=1, shuffle=True), n_jobs=-1
2022-04-01 09:36:36,018:INFO:Calculating mean and std
2022-04-01 09:36:36,018:INFO:Creating metrics dataframe
2022-04-01 09:36:36,037:INFO:Uploading results into container
2022-04-01 09:36:36,037:INFO:Uploading model into container now
2022-04-01 09:36:36,037:INFO:create_model_container: 9
2022-04-01 09:36:36,037:INFO:master_model_container: 9
2022-04-01 09:36:36,037:INFO:display_container: 1
2022-04-01 09:36:36,037:INFO:AdaBoostClassifier(algorithm='SAMME.R', base_estimator=None, learning_rate=1.0,
                   n_estimators=50, random_state=1)
2022-04-01 09:36:36,037:INFO:create_model() succesfully completed......................................
2022-04-01 09:36:36,201:INFO:SubProcess create_model() end ==================================
2022-04-01 09:36:36,201:INFO:Creating metrics dataframe
2022-04-01 09:36:36,233:INFO:Initializing Gradient Boosting Classifier
2022-04-01 09:36:36,233:INFO:Total runtime is 9.674415127436323 minutes
2022-04-01 09:36:36,239:INFO:SubProcess create_model() called ==================================
2022-04-01 09:36:36,240:INFO:Initializing create_model()
2022-04-01 09:36:36,240:INFO:create_model(estimator=gbc, fold=StratifiedKFold(n_splits=10, random_state=1, shuffle=True), round=4, cross_validation=True, predict=True, fit_kwargs={}, groups=None, refit=False, verbose=False, system=False, metrics=None, display=<pycaret.internal.Display.Display object at 0x0000023CE650CF40>, kwargs={})
2022-04-01 09:36:36,240:INFO:Checking exceptions
2022-04-01 09:36:36,240:INFO:Importing libraries
2022-04-01 09:36:36,240:INFO:Copying training dataset
2022-04-01 09:36:36,246:INFO:Defining folds
2022-04-01 09:36:36,246:INFO:Declaring metric variables
2022-04-01 09:36:36,246:INFO:Importing untrained model
2022-04-01 09:36:36,246:INFO:Gradient Boosting Classifier Imported succesfully
2022-04-01 09:36:36,261:INFO:Starting cross validation
2022-04-01 09:36:36,261:INFO:Cross validating with StratifiedKFold(n_splits=10, random_state=1, shuffle=True), n_jobs=-1
2022-04-01 09:37:13,495:INFO:Calculating mean and std
2022-04-01 09:37:13,495:INFO:Creating metrics dataframe
2022-04-01 09:37:13,525:INFO:Uploading results into container
2022-04-01 09:37:13,525:INFO:Uploading model into container now
2022-04-01 09:37:13,525:INFO:create_model_container: 10
2022-04-01 09:37:13,525:INFO:master_model_container: 10
2022-04-01 09:37:13,526:INFO:display_container: 1
2022-04-01 09:37:13,526:INFO:GradientBoostingClassifier(ccp_alpha=0.0, criterion='friedman_mse', init=None,
                           learning_rate=0.1, loss='deviance', max_depth=3,
                           max_features=None, max_leaf_nodes=None,
                           min_impurity_decrease=0.0, min_samples_leaf=1,
                           min_samples_split=2, min_weight_fraction_leaf=0.0,
                           n_estimators=100, n_iter_no_change=None,
                           random_state=1, subsample=1.0, tol=0.0001,
                           validation_fraction=0.1, verbose=0,
                           warm_start=False)
2022-04-01 09:37:13,526:INFO:create_model() succesfully completed......................................
2022-04-01 09:37:13,665:INFO:SubProcess create_model() end ==================================
2022-04-01 09:37:13,665:INFO:Creating metrics dataframe
2022-04-01 09:37:13,681:INFO:Initializing Linear Discriminant Analysis
2022-04-01 09:37:13,681:INFO:Total runtime is 10.298538021246594 minutes
2022-04-01 09:37:13,693:INFO:SubProcess create_model() called ==================================
2022-04-01 09:37:13,693:INFO:Initializing create_model()
2022-04-01 09:37:13,693:INFO:create_model(estimator=lda, fold=StratifiedKFold(n_splits=10, random_state=1, shuffle=True), round=4, cross_validation=True, predict=True, fit_kwargs={}, groups=None, refit=False, verbose=False, system=False, metrics=None, display=<pycaret.internal.Display.Display object at 0x0000023CE650CF40>, kwargs={})
2022-04-01 09:37:13,693:INFO:Checking exceptions
2022-04-01 09:37:13,693:INFO:Importing libraries
2022-04-01 09:37:13,693:INFO:Copying training dataset
2022-04-01 09:37:13,698:INFO:Defining folds
2022-04-01 09:37:13,698:INFO:Declaring metric variables
2022-04-01 09:37:13,704:INFO:Importing untrained model
2022-04-01 09:37:13,704:INFO:Linear Discriminant Analysis Imported succesfully
2022-04-01 09:37:13,719:INFO:Starting cross validation
2022-04-01 09:37:13,719:INFO:Cross validating with StratifiedKFold(n_splits=10, random_state=1, shuffle=True), n_jobs=-1
2022-04-01 09:37:16,584:INFO:Calculating mean and std
2022-04-01 09:37:16,584:INFO:Creating metrics dataframe
2022-04-01 09:37:16,600:INFO:Uploading results into container
2022-04-01 09:37:16,600:INFO:Uploading model into container now
2022-04-01 09:37:16,600:INFO:create_model_container: 11
2022-04-01 09:37:16,600:INFO:master_model_container: 11
2022-04-01 09:37:16,600:INFO:display_container: 1
2022-04-01 09:37:16,600:INFO:LinearDiscriminantAnalysis(covariance_estimator=None, n_components=None,
                           priors=None, shrinkage=None, solver='svd',
                           store_covariance=False, tol=0.0001)
2022-04-01 09:37:16,600:INFO:create_model() succesfully completed......................................
2022-04-01 09:37:16,744:INFO:SubProcess create_model() end ==================================
2022-04-01 09:37:16,744:INFO:Creating metrics dataframe
2022-04-01 09:37:16,766:INFO:Initializing Extra Trees Classifier
2022-04-01 09:37:16,766:INFO:Total runtime is 10.349963355064395 minutes
2022-04-01 09:37:16,784:INFO:SubProcess create_model() called ==================================
2022-04-01 09:37:16,784:INFO:Initializing create_model()
2022-04-01 09:37:16,784:INFO:create_model(estimator=et, fold=StratifiedKFold(n_splits=10, random_state=1, shuffle=True), round=4, cross_validation=True, predict=True, fit_kwargs={}, groups=None, refit=False, verbose=False, system=False, metrics=None, display=<pycaret.internal.Display.Display object at 0x0000023CE650CF40>, kwargs={})
2022-04-01 09:37:16,784:INFO:Checking exceptions
2022-04-01 09:37:16,784:INFO:Importing libraries
2022-04-01 09:37:16,785:INFO:Copying training dataset
2022-04-01 09:37:16,791:INFO:Defining folds
2022-04-01 09:37:16,791:INFO:Declaring metric variables
2022-04-01 09:37:16,796:INFO:Importing untrained model
2022-04-01 09:37:16,799:INFO:Extra Trees Classifier Imported succesfully
2022-04-01 09:37:16,816:INFO:Starting cross validation
2022-04-01 09:37:16,816:INFO:Cross validating with StratifiedKFold(n_splits=10, random_state=1, shuffle=True), n_jobs=-1
2022-04-01 09:37:48,137:INFO:Calculating mean and std
2022-04-01 09:37:48,137:INFO:Creating metrics dataframe
2022-04-01 09:37:48,175:INFO:Uploading results into container
2022-04-01 09:37:48,175:INFO:Uploading model into container now
2022-04-01 09:37:48,175:INFO:create_model_container: 12
2022-04-01 09:37:48,176:INFO:master_model_container: 12
2022-04-01 09:37:48,176:INFO:display_container: 1
2022-04-01 09:37:48,176:INFO:ExtraTreesClassifier(bootstrap=False, ccp_alpha=0.0, class_weight=None,
                     criterion='gini', max_depth=None, max_features='auto',
                     max_leaf_nodes=None, max_samples=None,
                     min_impurity_decrease=0.0, min_samples_leaf=1,
                     min_samples_split=2, min_weight_fraction_leaf=0.0,
                     n_estimators=100, n_jobs=-1, oob_score=False,
                     random_state=1, verbose=0, warm_start=False)
2022-04-01 09:37:48,176:INFO:create_model() succesfully completed......................................
2022-04-01 09:37:48,362:INFO:SubProcess create_model() end ==================================
2022-04-01 09:37:48,362:INFO:Creating metrics dataframe
2022-04-01 09:37:48,390:INFO:Initializing Extreme Gradient Boosting
2022-04-01 09:37:48,390:INFO:Total runtime is 10.8770222902298 minutes
2022-04-01 09:37:48,390:INFO:SubProcess create_model() called ==================================
2022-04-01 09:37:48,403:INFO:Initializing create_model()
2022-04-01 09:37:48,403:INFO:create_model(estimator=xgboost, fold=StratifiedKFold(n_splits=10, random_state=1, shuffle=True), round=4, cross_validation=True, predict=True, fit_kwargs={}, groups=None, refit=False, verbose=False, system=False, metrics=None, display=<pycaret.internal.Display.Display object at 0x0000023CE650CF40>, kwargs={})
2022-04-01 09:37:48,403:INFO:Checking exceptions
2022-04-01 09:37:48,403:INFO:Importing libraries
2022-04-01 09:37:48,403:INFO:Copying training dataset
2022-04-01 09:37:48,409:INFO:Defining folds
2022-04-01 09:37:48,409:INFO:Declaring metric variables
2022-04-01 09:37:48,414:INFO:Importing untrained model
2022-04-01 09:37:48,420:INFO:Extreme Gradient Boosting Imported succesfully
2022-04-01 09:37:48,433:INFO:Starting cross validation
2022-04-01 09:37:48,433:INFO:Cross validating with StratifiedKFold(n_splits=10, random_state=1, shuffle=True), n_jobs=-1
2022-04-01 09:37:49,258:INFO:Calculating mean and std
2022-04-01 09:37:49,258:INFO:Creating metrics dataframe
2022-04-01 09:37:49,290:INFO:Uploading results into container
2022-04-01 09:37:49,290:INFO:Uploading model into container now
2022-04-01 09:37:49,290:INFO:create_model_container: 13
2022-04-01 09:37:49,290:INFO:master_model_container: 13
2022-04-01 09:37:49,290:INFO:display_container: 1
2022-04-01 09:37:49,291:INFO:XGBClassifier(base_score=None, booster='gbtree', colsample_bylevel=None,
              colsample_bynode=None, colsample_bytree=None,
              enable_categorical=False, gamma=None, gpu_id=None,
              importance_type=None, interaction_constraints=None,
              learning_rate=None, max_delta_step=None, max_depth=None,
              min_child_weight=None, missing=nan, monotone_constraints=None,
              n_estimators=100, n_jobs=-1, num_parallel_tree=None,
              objective='binary:logistic', predictor=None, random_state=1,
              reg_alpha=None, reg_lambda=None, scale_pos_weight=None,
              subsample=None, tree_method='auto', use_label_encoder=True,
              validate_parameters=None, verbosity=0)
2022-04-01 09:37:49,291:INFO:create_model() succesfully completed......................................
2022-04-01 09:37:49,432:WARNING:create_model() for XGBClassifier(base_score=None, booster='gbtree', colsample_bylevel=None,
              colsample_bynode=None, colsample_bytree=None,
              enable_categorical=False, gamma=None, gpu_id=None,
              importance_type=None, interaction_constraints=None,
              learning_rate=None, max_delta_step=None, max_depth=None,
              min_child_weight=None, missing=nan, monotone_constraints=None,
              n_estimators=100, n_jobs=-1, num_parallel_tree=None,
              objective='binary:logistic', predictor=None, random_state=1,
              reg_alpha=None, reg_lambda=None, scale_pos_weight=None,
              subsample=None, tree_method='auto', use_label_encoder=True,
              validate_parameters=None, verbosity=0) raised an exception or returned all 0.0, trying without fit_kwargs:
2022-04-01 09:37:49,433:WARNING:Traceback (most recent call last):
  File "C:\Users\sadpa\miniconda3\lib\site-packages\pycaret\internal\tabular.py", line 2149, in compare_models
    assert np.sum(model_results.iloc[0]) != 0.0
AssertionError

2022-04-01 09:37:49,433:INFO:Initializing create_model()
2022-04-01 09:37:49,433:INFO:create_model(estimator=XGBClassifier(base_score=None, booster='gbtree', colsample_bylevel=None,
              colsample_bynode=None, colsample_bytree=None,
              enable_categorical=False, gamma=None, gpu_id=None,
              importance_type=None, interaction_constraints=None,
              learning_rate=None, max_delta_step=None, max_depth=None,
              min_child_weight=None, missing=nan, monotone_constraints=None,
              n_estimators=100, n_jobs=-1, num_parallel_tree=None,
              objective='binary:logistic', predictor=None, random_state=1,
              reg_alpha=None, reg_lambda=None, scale_pos_weight=None,
              subsample=None, tree_method='auto', use_label_encoder=True,
              validate_parameters=None, verbosity=0), fold=StratifiedKFold(n_splits=10, random_state=1, shuffle=True), round=4, cross_validation=True, predict=True, fit_kwargs=None, groups=None, refit=False, verbose=False, system=False, metrics=None, display=<pycaret.internal.Display.Display object at 0x0000023CE650CF40>, kwargs={})
2022-04-01 09:37:49,433:INFO:Checking exceptions
2022-04-01 09:37:49,433:INFO:Importing libraries
2022-04-01 09:37:49,433:INFO:Copying training dataset
2022-04-01 09:37:49,433:INFO:Defining folds
2022-04-01 09:37:49,433:INFO:Declaring metric variables
2022-04-01 09:37:49,433:INFO:Importing untrained model
2022-04-01 09:37:49,433:INFO:Declaring custom model
2022-04-01 09:37:49,449:INFO:Extreme Gradient Boosting Imported succesfully
2022-04-01 09:37:49,459:INFO:Starting cross validation
2022-04-01 09:37:49,460:INFO:Cross validating with StratifiedKFold(n_splits=10, random_state=1, shuffle=True), n_jobs=-1
2022-04-01 09:37:50,093:INFO:Calculating mean and std
2022-04-01 09:37:50,093:INFO:Creating metrics dataframe
2022-04-01 09:37:50,109:INFO:Uploading results into container
2022-04-01 09:37:50,109:INFO:Uploading model into container now
2022-04-01 09:37:50,109:INFO:create_model_container: 14
2022-04-01 09:37:50,109:INFO:master_model_container: 14
2022-04-01 09:37:50,109:INFO:display_container: 1
2022-04-01 09:37:50,109:INFO:XGBClassifier(base_score=None, booster='gbtree', colsample_bylevel=None,
              colsample_bynode=None, colsample_bytree=None,
              enable_categorical=False, gamma=None, gpu_id=None,
              importance_type=None, interaction_constraints=None,
              learning_rate=None, max_delta_step=None, max_depth=None,
              min_child_weight=None, missing=nan, monotone_constraints=None,
              n_estimators=100, n_jobs=-1, num_parallel_tree=None,
              objective='binary:logistic', predictor=None, random_state=1,
              reg_alpha=None, reg_lambda=None, scale_pos_weight=None,
              subsample=None, tree_method='auto', use_label_encoder=True,
              validate_parameters=None, verbosity=0)
2022-04-01 09:37:50,109:INFO:create_model() succesfully completed......................................
2022-04-01 09:37:50,287:INFO:SubProcess create_model() end ==================================
2022-04-01 09:37:50,303:INFO:Creating metrics dataframe
2022-04-01 09:37:50,318:INFO:Initializing Light Gradient Boosting Machine
2022-04-01 09:37:50,318:INFO:Total runtime is 10.909164877732596 minutes
2022-04-01 09:37:50,329:INFO:SubProcess create_model() called ==================================
2022-04-01 09:37:50,329:INFO:Initializing create_model()
2022-04-01 09:37:50,329:INFO:create_model(estimator=lightgbm, fold=StratifiedKFold(n_splits=10, random_state=1, shuffle=True), round=4, cross_validation=True, predict=True, fit_kwargs={}, groups=None, refit=False, verbose=False, system=False, metrics=None, display=<pycaret.internal.Display.Display object at 0x0000023CE650CF40>, kwargs={})
2022-04-01 09:37:50,329:INFO:Checking exceptions
2022-04-01 09:37:50,329:INFO:Importing libraries
2022-04-01 09:37:50,329:INFO:Copying training dataset
2022-04-01 09:37:50,330:INFO:Defining folds
2022-04-01 09:37:50,330:INFO:Declaring metric variables
2022-04-01 09:37:50,330:INFO:Importing untrained model
2022-04-01 09:37:50,330:INFO:Light Gradient Boosting Machine Imported succesfully
2022-04-01 09:37:50,346:INFO:Starting cross validation
2022-04-01 09:37:50,346:INFO:Cross validating with StratifiedKFold(n_splits=10, random_state=1, shuffle=True), n_jobs=-1
2022-04-01 09:37:57,303:INFO:Calculating mean and std
2022-04-01 09:37:57,303:INFO:Creating metrics dataframe
2022-04-01 09:37:57,334:INFO:Uploading results into container
2022-04-01 09:37:57,334:INFO:Uploading model into container now
2022-04-01 09:37:57,334:INFO:create_model_container: 15
2022-04-01 09:37:57,335:INFO:master_model_container: 15
2022-04-01 09:37:57,335:INFO:display_container: 1
2022-04-01 09:37:57,335:INFO:LGBMClassifier(boosting_type='gbdt', class_weight=None, colsample_bytree=1.0,
               importance_type='split', learning_rate=0.1, max_depth=-1,
               min_child_samples=20, min_child_weight=0.001, min_split_gain=0.0,
               n_estimators=100, n_jobs=-1, num_leaves=31, objective=None,
               random_state=1, reg_alpha=0.0, reg_lambda=0.0, silent='warn',
               subsample=1.0, subsample_for_bin=200000, subsample_freq=0)
2022-04-01 09:37:57,335:INFO:create_model() succesfully completed......................................
2022-04-01 09:37:57,473:INFO:SubProcess create_model() end ==================================
2022-04-01 09:37:57,473:INFO:Creating metrics dataframe
2022-04-01 09:37:57,489:INFO:Initializing CatBoost Classifier
2022-04-01 09:37:57,489:INFO:Total runtime is 11.028679855664572 minutes
2022-04-01 09:37:57,504:INFO:SubProcess create_model() called ==================================
2022-04-01 09:37:57,504:INFO:Initializing create_model()
2022-04-01 09:37:57,504:INFO:create_model(estimator=catboost, fold=StratifiedKFold(n_splits=10, random_state=1, shuffle=True), round=4, cross_validation=True, predict=True, fit_kwargs={}, groups=None, refit=False, verbose=False, system=False, metrics=None, display=<pycaret.internal.Display.Display object at 0x0000023CE650CF40>, kwargs={})
2022-04-01 09:37:57,504:INFO:Checking exceptions
2022-04-01 09:37:57,504:INFO:Importing libraries
2022-04-01 09:37:57,504:INFO:Copying training dataset
2022-04-01 09:37:57,509:INFO:Defining folds
2022-04-01 09:37:57,509:INFO:Declaring metric variables
2022-04-01 09:37:57,512:INFO:Importing untrained model
2022-04-01 09:37:57,512:INFO:CatBoost Classifier Imported succesfully
2022-04-01 09:37:57,527:INFO:Starting cross validation
2022-04-01 09:37:57,527:INFO:Cross validating with StratifiedKFold(n_splits=10, random_state=1, shuffle=True), n_jobs=-1
2022-04-01 09:38:22,014:INFO:Calculating mean and std
2022-04-01 09:38:22,014:INFO:Creating metrics dataframe
2022-04-01 09:38:22,045:INFO:Uploading results into container
2022-04-01 09:38:22,045:INFO:Uploading model into container now
2022-04-01 09:38:22,045:INFO:create_model_container: 16
2022-04-01 09:38:22,045:INFO:master_model_container: 16
2022-04-01 09:38:22,045:INFO:display_container: 1
2022-04-01 09:38:22,045:INFO:<catboost.core.CatBoostClassifier object at 0x0000023CE55CD490>
2022-04-01 09:38:22,045:INFO:create_model() succesfully completed......................................
2022-04-01 09:38:22,186:INFO:SubProcess create_model() end ==================================
2022-04-01 09:38:22,186:INFO:Creating metrics dataframe
2022-04-01 09:38:22,233:INFO:Initializing create_model()
2022-04-01 09:38:22,233:INFO:create_model(estimator=GradientBoostingClassifier(ccp_alpha=0.0, criterion='friedman_mse', init=None,
                           learning_rate=0.1, loss='deviance', max_depth=3,
                           max_features=None, max_leaf_nodes=None,
                           min_impurity_decrease=0.0, min_samples_leaf=1,
                           min_samples_split=2, min_weight_fraction_leaf=0.0,
                           n_estimators=100, n_iter_no_change=None,
                           random_state=1, subsample=1.0, tol=0.0001,
                           validation_fraction=0.1, verbose=0,
                           warm_start=False), fold=StratifiedKFold(n_splits=10, random_state=1, shuffle=True), round=4, cross_validation=False, predict=False, fit_kwargs={}, groups=None, refit=True, verbose=False, system=False, metrics=None, display=None, kwargs={})
2022-04-01 09:38:22,233:INFO:Checking exceptions
2022-04-01 09:38:22,233:INFO:Importing libraries
2022-04-01 09:38:22,233:INFO:Copying training dataset
2022-04-01 09:38:22,238:INFO:Defining folds
2022-04-01 09:38:22,238:INFO:Declaring metric variables
2022-04-01 09:38:22,238:INFO:Importing untrained model
2022-04-01 09:38:22,238:INFO:Declaring custom model
2022-04-01 09:38:22,239:INFO:Gradient Boosting Classifier Imported succesfully
2022-04-01 09:38:22,239:INFO:Cross validation set to False
2022-04-01 09:38:22,239:INFO:Fitting Model
2022-04-01 09:38:33,735:INFO:GradientBoostingClassifier(ccp_alpha=0.0, criterion='friedman_mse', init=None,
                           learning_rate=0.1, loss='deviance', max_depth=3,
                           max_features=None, max_leaf_nodes=None,
                           min_impurity_decrease=0.0, min_samples_leaf=1,
                           min_samples_split=2, min_weight_fraction_leaf=0.0,
                           n_estimators=100, n_iter_no_change=None,
                           random_state=1, subsample=1.0, tol=0.0001,
                           validation_fraction=0.1, verbose=0,
                           warm_start=False)
2022-04-01 09:38:33,735:INFO:create_models() succesfully completed......................................
2022-04-01 09:38:33,877:INFO:create_model_container: 16
2022-04-01 09:38:33,892:INFO:master_model_container: 16
2022-04-01 09:38:33,892:INFO:display_container: 1
2022-04-01 09:38:33,892:INFO:GradientBoostingClassifier(ccp_alpha=0.0, criterion='friedman_mse', init=None,
                           learning_rate=0.1, loss='deviance', max_depth=3,
                           max_features=None, max_leaf_nodes=None,
                           min_impurity_decrease=0.0, min_samples_leaf=1,
                           min_samples_split=2, min_weight_fraction_leaf=0.0,
                           n_estimators=100, n_iter_no_change=None,
                           random_state=1, subsample=1.0, tol=0.0001,
                           validation_fraction=0.1, verbose=0,
                           warm_start=False)
2022-04-01 09:38:33,892:INFO:compare_models() succesfully completed......................................
2022-04-01 09:38:33,922:INFO:Initializing create_model()
2022-04-01 09:38:33,922:INFO:create_model(estimator=lightgbm, fold=None, round=4, cross_validation=True, predict=True, fit_kwargs=None, groups=None, refit=True, verbose=True, system=True, metrics=None, display=None, kwargs={})
2022-04-01 09:38:33,922:INFO:Checking exceptions
2022-04-01 09:38:33,922:INFO:Preparing display monitor
2022-04-01 09:38:33,928:INFO:Importing libraries
2022-04-01 09:38:33,928:INFO:Copying training dataset
2022-04-01 09:38:33,940:INFO:Defining folds
2022-04-01 09:38:33,941:INFO:Declaring metric variables
2022-04-01 09:38:33,946:INFO:Importing untrained model
2022-04-01 09:38:33,952:INFO:Light Gradient Boosting Machine Imported succesfully
2022-04-01 09:38:33,964:INFO:Starting cross validation
2022-04-01 09:38:33,965:INFO:Cross validating with StratifiedKFold(n_splits=10, random_state=1, shuffle=True), n_jobs=-1
2022-04-01 09:38:36,664:INFO:Calculating mean and std
2022-04-01 09:38:36,664:INFO:Creating metrics dataframe
2022-04-01 09:38:36,680:INFO:Finalizing model
2022-04-01 09:38:37,062:INFO:Uploading results into container
2022-04-01 09:38:37,062:INFO:Uploading model into container now
2022-04-01 09:38:37,076:INFO:create_model_container: 17
2022-04-01 09:38:37,077:INFO:master_model_container: 17
2022-04-01 09:38:37,077:INFO:display_container: 2
2022-04-01 09:38:37,077:INFO:LGBMClassifier(boosting_type='gbdt', class_weight=None, colsample_bytree=1.0,
               importance_type='split', learning_rate=0.1, max_depth=-1,
               min_child_samples=20, min_child_weight=0.001, min_split_gain=0.0,
               n_estimators=100, n_jobs=-1, num_leaves=31, objective=None,
               random_state=1, reg_alpha=0.0, reg_lambda=0.0, silent='warn',
               subsample=1.0, subsample_for_bin=200000, subsample_freq=0)
2022-04-01 09:38:37,078:INFO:create_model() succesfully completed......................................
2022-04-01 09:38:37,277:INFO:Initializing plot_model()
2022-04-01 09:38:37,277:INFO:plot_model(plot=confusion_matrix, fold=None, use_train_data=False, verbose=True, display=None, estimator=LGBMClassifier(boosting_type='gbdt', class_weight=None, colsample_bytree=1.0,
               importance_type='split', learning_rate=0.1, max_depth=-1,
               min_child_samples=20, min_child_weight=0.001, min_split_gain=0.0,
               n_estimators=100, n_jobs=-1, num_leaves=31, objective=None,
               random_state=1, reg_alpha=0.0, reg_lambda=0.0, silent='warn',
               subsample=1.0, subsample_for_bin=200000, subsample_freq=0), feature_name=None, fit_kwargs=None, groups=None, label=False, save=False, scale=1, system=True)
2022-04-01 09:38:37,277:INFO:Checking exceptions
2022-04-01 09:38:37,279:INFO:Preparing display monitor
2022-04-01 09:38:37,279:INFO:Preloading libraries
2022-04-01 09:38:37,293:INFO:Copying training dataset
2022-04-01 09:38:37,298:INFO:Copying test dataset
2022-04-01 09:38:37,311:INFO:Plot type: confusion_matrix
2022-04-01 09:38:37,490:INFO:Fitting Model
2022-04-01 09:38:37,490:INFO:Scoring test/hold-out set
2022-04-01 09:38:37,788:INFO:Visual Rendered Successfully
2022-04-01 09:38:37,938:INFO:plot_model() succesfully completed......................................
2022-04-01 09:38:37,957:INFO:Initializing plot_model()
2022-04-01 09:38:37,958:INFO:plot_model(plot=feature, fold=None, use_train_data=False, verbose=True, display=None, estimator=LGBMClassifier(boosting_type='gbdt', class_weight=None, colsample_bytree=1.0,
               importance_type='split', learning_rate=0.1, max_depth=-1,
               min_child_samples=20, min_child_weight=0.001, min_split_gain=0.0,
               n_estimators=100, n_jobs=-1, num_leaves=31, objective=None,
               random_state=1, reg_alpha=0.0, reg_lambda=0.0, silent='warn',
               subsample=1.0, subsample_for_bin=200000, subsample_freq=0), feature_name=None, fit_kwargs=None, groups=None, label=False, save=False, scale=1, system=True)
2022-04-01 09:38:37,958:INFO:Checking exceptions
2022-04-01 09:38:37,960:INFO:Preparing display monitor
2022-04-01 09:38:37,963:INFO:Preloading libraries
2022-04-01 09:38:37,969:INFO:Copying training dataset
2022-04-01 09:38:37,978:INFO:Copying test dataset
2022-04-01 09:38:37,981:INFO:Plot type: feature
2022-04-01 09:38:37,983:WARNING:No coef_ found. Trying feature_importances_
2022-04-01 09:38:38,228:INFO:Visual Rendered Successfully
2022-04-01 09:38:38,374:INFO:plot_model() succesfully completed......................................
2022-04-01 09:38:38,393:INFO:Initializing interpret_model()
2022-04-01 09:38:38,393:INFO:interpret_model(estimator=LGBMClassifier(boosting_type='gbdt', class_weight=None, colsample_bytree=1.0,
               importance_type='split', learning_rate=0.1, max_depth=-1,
               min_child_samples=20, min_child_weight=0.001, min_split_gain=0.0,
               n_estimators=100, n_jobs=-1, num_leaves=31, objective=None,
               random_state=1, reg_alpha=0.0, reg_lambda=0.0, silent='warn',
               subsample=1.0, subsample_for_bin=200000, subsample_freq=0), plot=reason, use_train_data=False, feature=None, kwargs={}, observation=32)
2022-04-01 09:38:38,393:INFO:Checking exceptions
2022-04-01 09:38:38,736:INFO:plot type: reason
2022-04-01 09:38:38,736:INFO:model type detected: type 1
2022-04-01 09:38:38,736:INFO:Creating TreeExplainer
2022-04-01 09:38:38,832:INFO:Compiling shap values
2022-04-01 09:38:38,832:INFO:model type detected: LGBMClassifier
2022-04-01 09:38:44,876:INFO:Visual Rendered Successfully
2022-04-01 09:38:44,876:INFO:interpret_model() succesfully completed......................................
