2022-03-27 06:27:52,896:INFO:PyCaret Supervised Module
2022-03-27 06:27:52,896:INFO:ML Usecase: classification
2022-03-27 06:27:52,896:INFO:version 2.2.2
2022-03-27 06:27:52,896:INFO:Initializing setup()
2022-03-27 06:27:52,896:INFO:setup(target=isFraud, ml_usecase=classification, available_plots={'parameter': 'Hyperparameters', 'auc': 'AUC', 'confusion_matrix': 'Confusion Matrix', 'threshold': 'Threshold', 'pr': 'Precision Recall', 'error': 'Prediction Error', 'class_report': 'Class Report', 'rfe': 'Feature Selection', 'learning': 'Learning Curve', 'manifold': 'Manifold Learning', 'calibration': 'Calibration Curve', 'vc': 'Validation Curve', 'dimension': 'Dimensions', 'feature': 'Feature Importance', 'feature_all': 'Feature Importance (All)', 'boundary': 'Decision Boundary', 'lift': 'Lift Chart', 'gain': 'Gain Chart', 'tree': 'Decision Tree'}, train_size=0.7, test_data=None, preprocess=True, imputation_type=simple, iterative_imputation_iters=5, categorical_features=None, categorical_imputation=constant, categorical_iterative_imputer=lightgbm, ordinal_features=None, high_cardinality_features=None, high_cardinality_method=frequency, numeric_features=None, numeric_imputation=mean, numeric_iterative_imputer=lightgbm, date_features=None, ignore_features=None, normalize=False, normalize_method=zscore, transformation=False, transformation_method=yeo-johnson, handle_unknown_categorical=True, unknown_categorical_method=least_frequent, pca=False, pca_method=linear, pca_components=None, ignore_low_variance=False, combine_rare_levels=False, rare_level_threshold=0.1, bin_numeric_features=None, remove_outliers=True, outliers_threshold=0.05, remove_multicollinearity=False, multicollinearity_threshold=0.9, remove_perfect_collinearity=True, create_clusters=False, cluster_iter=20, polynomial_features=False, polynomial_degree=2, trigonometry_features=False, polynomial_threshold=0.1, group_features=None, group_names=None, feature_selection=False, feature_selection_threshold=0.8, feature_selection_method=classic, feature_interaction=False, feature_ratio=False, interaction_threshold=0.01, fix_imbalance=False, fix_imbalance_method=None, transform_target=False, transform_target_method=box-cox, data_split_shuffle=True, data_split_stratify=True, fold_strategy=stratifiedkfold, fold=10, fold_shuffle=False, fold_groups=None, n_jobs=-1, use_gpu=False, custom_pipeline=None, html=True, session_id=100, log_experiment=False, experiment_name=None, log_plots=False, log_profile=False, log_data=False, silent=True, verbose=True, profile=False, profile_kwargs=None, display=None)
2022-03-27 06:27:52,896:INFO:Checking environment
2022-03-27 06:27:52,896:INFO:python_version: 3.9.7
2022-03-27 06:27:52,896:INFO:python_build: ('default', 'Sep 16 2021 16:59:28')
2022-03-27 06:27:52,896:INFO:machine: AMD64
2022-03-27 06:27:52,897:INFO:platform: Windows-10-10.0.22000-SP0
2022-03-27 06:27:52,897:INFO:Memory: svmem(total=16954339328, available=7061008384, percent=58.4, used=9893330944, free=7061008384)
2022-03-27 06:27:52,897:INFO:Physical Core: 8
2022-03-27 06:27:52,897:INFO:Logical Core: 16
2022-03-27 06:27:52,897:INFO:Checking libraries
2022-03-27 06:27:52,897:INFO:pd==1.4.1
2022-03-27 06:27:52,897:INFO:numpy==1.21.5
2022-03-27 06:27:52,897:INFO:sklearn==1.0.2
2022-03-27 06:27:52,939:INFO:xgboost==1.5.2
2022-03-27 06:27:52,939:INFO:lightgbm==3.3.2
2022-03-27 06:27:52,995:INFO:catboost==1.0.4
2022-03-27 06:27:53,402:INFO:mlflow==1.24.0
2022-03-27 06:27:53,402:INFO:Checking Exceptions
2022-03-27 06:27:53,402:INFO:Declaring global variables
2022-03-27 06:27:53,402:INFO:USI: d020
2022-03-27 06:27:53,402:INFO:pycaret_globals: {'X_test', 'display_container', 'stratify_param', 'X_train', 'fix_imbalance_method_param', 'log_plots_param', 'gpu_param', 'n_jobs_param', 'y_test', 'create_model_container', 'X', 'experiment__', 'exp_name_log', 'iterative_imputation_iters_param', 'logging_param', 'transform_target_param', 'prep_pipe', '_gpu_n_jobs_param', 'pycaret_globals', '_internal_pipeline', 'fold_shuffle_param', 'fold_groups_param', 'fix_imbalance_param', 'fold_generator', 'target_param', '_all_models_internal', 'transform_target_method_param', 'y', 'y_train', 'master_model_container', '_all_models', 'USI', 'imputation_regressor', 'imputation_classifier', '_available_plots', 'html_param', 'fold_param', '_ml_usecase', 'data_before_preprocess', 'seed', '_all_metrics'}
2022-03-27 06:27:53,402:INFO:Preparing display monitor
2022-03-27 06:27:53,402:INFO:Preparing display monitor
2022-03-27 06:27:53,418:INFO:Importing libraries
2022-03-27 06:27:53,418:INFO:Copying data for preprocessing
2022-03-27 06:27:53,428:INFO:Declaring preprocessing parameters
2022-03-27 06:27:53,441:INFO:Creating preprocessing pipeline
2022-03-27 06:27:53,642:INFO:Preprocessing pipeline created successfully
2022-03-27 06:27:53,642:ERROR:(Process Exit): setup has been interupted with user command 'quit'. setup must rerun.
2022-03-27 06:27:53,642:INFO:Creating global containers
2022-03-27 06:28:12,275:INFO:PyCaret Supervised Module
2022-03-27 06:28:12,275:INFO:ML Usecase: classification
2022-03-27 06:28:12,275:INFO:version 2.2.2
2022-03-27 06:28:12,275:INFO:Initializing setup()
2022-03-27 06:28:12,275:INFO:setup(target=isFraud, ml_usecase=classification, available_plots={'parameter': 'Hyperparameters', 'auc': 'AUC', 'confusion_matrix': 'Confusion Matrix', 'threshold': 'Threshold', 'pr': 'Precision Recall', 'error': 'Prediction Error', 'class_report': 'Class Report', 'rfe': 'Feature Selection', 'learning': 'Learning Curve', 'manifold': 'Manifold Learning', 'calibration': 'Calibration Curve', 'vc': 'Validation Curve', 'dimension': 'Dimensions', 'feature': 'Feature Importance', 'feature_all': 'Feature Importance (All)', 'boundary': 'Decision Boundary', 'lift': 'Lift Chart', 'gain': 'Gain Chart', 'tree': 'Decision Tree'}, train_size=0.7, test_data=None, preprocess=True, imputation_type=simple, iterative_imputation_iters=5, categorical_features=None, categorical_imputation=constant, categorical_iterative_imputer=lightgbm, ordinal_features=None, high_cardinality_features=None, high_cardinality_method=frequency, numeric_features=None, numeric_imputation=mean, numeric_iterative_imputer=lightgbm, date_features=None, ignore_features=None, normalize=False, normalize_method=zscore, transformation=False, transformation_method=yeo-johnson, handle_unknown_categorical=True, unknown_categorical_method=least_frequent, pca=False, pca_method=linear, pca_components=None, ignore_low_variance=False, combine_rare_levels=False, rare_level_threshold=0.1, bin_numeric_features=None, remove_outliers=True, outliers_threshold=0.05, remove_multicollinearity=False, multicollinearity_threshold=0.9, remove_perfect_collinearity=True, create_clusters=False, cluster_iter=20, polynomial_features=False, polynomial_degree=2, trigonometry_features=False, polynomial_threshold=0.1, group_features=None, group_names=None, feature_selection=False, feature_selection_threshold=0.8, feature_selection_method=classic, feature_interaction=False, feature_ratio=False, interaction_threshold=0.01, fix_imbalance=False, fix_imbalance_method=None, transform_target=False, transform_target_method=box-cox, data_split_shuffle=True, data_split_stratify=False, fold_strategy=stratifiedkfold, fold=10, fold_shuffle=False, fold_groups=None, n_jobs=-1, use_gpu=False, custom_pipeline=None, html=True, session_id=100, log_experiment=False, experiment_name=None, log_plots=False, log_profile=False, log_data=False, silent=True, verbose=True, profile=False, profile_kwargs=None, display=None)
2022-03-27 06:28:12,275:INFO:Checking environment
2022-03-27 06:28:12,275:INFO:python_version: 3.9.7
2022-03-27 06:28:12,275:INFO:python_build: ('default', 'Sep 16 2021 16:59:28')
2022-03-27 06:28:12,275:INFO:machine: AMD64
2022-03-27 06:28:12,275:INFO:platform: Windows-10-10.0.22000-SP0
2022-03-27 06:28:12,275:INFO:Memory: svmem(total=16954339328, available=6894686208, percent=59.3, used=10059653120, free=6894686208)
2022-03-27 06:28:12,275:INFO:Physical Core: 8
2022-03-27 06:28:12,276:INFO:Logical Core: 16
2022-03-27 06:28:12,276:INFO:Checking libraries
2022-03-27 06:28:12,276:INFO:pd==1.4.1
2022-03-27 06:28:12,276:INFO:numpy==1.21.5
2022-03-27 06:28:12,276:INFO:sklearn==1.0.2
2022-03-27 06:28:12,276:INFO:xgboost==1.5.2
2022-03-27 06:28:12,276:INFO:lightgbm==3.3.2
2022-03-27 06:28:12,276:INFO:catboost==1.0.4
2022-03-27 06:28:12,276:INFO:mlflow==1.24.0
2022-03-27 06:28:12,276:INFO:Checking Exceptions
2022-03-27 06:28:12,276:INFO:Declaring global variables
2022-03-27 06:28:12,276:INFO:USI: 8f56
2022-03-27 06:28:12,276:INFO:pycaret_globals: {'X_test', 'display_container', 'stratify_param', 'X_train', 'fix_imbalance_method_param', 'log_plots_param', 'gpu_param', 'n_jobs_param', 'y_test', 'create_model_container', 'X', 'experiment__', 'exp_name_log', 'iterative_imputation_iters_param', 'logging_param', 'transform_target_param', 'prep_pipe', '_gpu_n_jobs_param', 'pycaret_globals', '_internal_pipeline', 'fold_shuffle_param', 'fold_groups_param', 'fix_imbalance_param', 'fold_generator', 'target_param', '_all_models_internal', 'transform_target_method_param', 'y', 'y_train', 'master_model_container', '_all_models', 'USI', 'imputation_regressor', 'imputation_classifier', '_available_plots', 'html_param', 'fold_param', '_ml_usecase', 'data_before_preprocess', 'seed', '_all_metrics'}
2022-03-27 06:28:12,276:INFO:Preparing display monitor
2022-03-27 06:28:12,276:INFO:Preparing display monitor
2022-03-27 06:28:12,285:INFO:Importing libraries
2022-03-27 06:28:12,285:INFO:Copying data for preprocessing
2022-03-27 06:28:12,298:INFO:Declaring preprocessing parameters
2022-03-27 06:28:12,311:INFO:Creating preprocessing pipeline
2022-03-27 06:28:12,504:INFO:Preprocessing pipeline created successfully
2022-03-27 06:28:12,504:ERROR:(Process Exit): setup has been interupted with user command 'quit'. setup must rerun.
2022-03-27 06:28:12,504:INFO:Creating global containers
2022-03-27 06:29:07,241:INFO:PyCaret Supervised Module
2022-03-27 06:29:07,242:INFO:ML Usecase: classification
2022-03-27 06:29:07,242:INFO:version 2.2.2
2022-03-27 06:29:07,242:INFO:Initializing setup()
2022-03-27 06:29:07,242:INFO:setup(target=isFraud, ml_usecase=classification, available_plots={'parameter': 'Hyperparameters', 'auc': 'AUC', 'confusion_matrix': 'Confusion Matrix', 'threshold': 'Threshold', 'pr': 'Precision Recall', 'error': 'Prediction Error', 'class_report': 'Class Report', 'rfe': 'Feature Selection', 'learning': 'Learning Curve', 'manifold': 'Manifold Learning', 'calibration': 'Calibration Curve', 'vc': 'Validation Curve', 'dimension': 'Dimensions', 'feature': 'Feature Importance', 'feature_all': 'Feature Importance (All)', 'boundary': 'Decision Boundary', 'lift': 'Lift Chart', 'gain': 'Gain Chart', 'tree': 'Decision Tree'}, train_size=0.7, test_data=None, preprocess=True, imputation_type=simple, iterative_imputation_iters=5, categorical_features=None, categorical_imputation=constant, categorical_iterative_imputer=lightgbm, ordinal_features=None, high_cardinality_features=None, high_cardinality_method=frequency, numeric_features=None, numeric_imputation=mean, numeric_iterative_imputer=lightgbm, date_features=None, ignore_features=None, normalize=False, normalize_method=zscore, transformation=False, transformation_method=yeo-johnson, handle_unknown_categorical=True, unknown_categorical_method=least_frequent, pca=False, pca_method=linear, pca_components=None, ignore_low_variance=False, combine_rare_levels=False, rare_level_threshold=0.1, bin_numeric_features=None, remove_outliers=True, outliers_threshold=0.05, remove_multicollinearity=False, multicollinearity_threshold=0.9, remove_perfect_collinearity=True, create_clusters=False, cluster_iter=20, polynomial_features=False, polynomial_degree=2, trigonometry_features=False, polynomial_threshold=0.1, group_features=None, group_names=None, feature_selection=False, feature_selection_threshold=0.8, feature_selection_method=classic, feature_interaction=False, feature_ratio=False, interaction_threshold=0.01, fix_imbalance=False, fix_imbalance_method=None, transform_target=False, transform_target_method=box-cox, data_split_shuffle=True, data_split_stratify=True, fold_strategy=stratifiedkfold, fold=10, fold_shuffle=True, fold_groups=None, n_jobs=-1, use_gpu=False, custom_pipeline=None, html=True, session_id=100, log_experiment=False, experiment_name=None, log_plots=False, log_profile=False, log_data=False, silent=True, verbose=True, profile=False, profile_kwargs=None, display=None)
2022-03-27 06:29:07,242:INFO:Checking environment
2022-03-27 06:29:07,242:INFO:python_version: 3.9.7
2022-03-27 06:29:07,242:INFO:python_build: ('default', 'Sep 16 2021 16:59:28')
2022-03-27 06:29:07,242:INFO:machine: AMD64
2022-03-27 06:29:07,242:INFO:platform: Windows-10-10.0.22000-SP0
2022-03-27 06:29:07,242:INFO:Memory: svmem(total=16954339328, available=6592958464, percent=61.1, used=10361380864, free=6592958464)
2022-03-27 06:29:07,242:INFO:Physical Core: 8
2022-03-27 06:29:07,242:INFO:Logical Core: 16
2022-03-27 06:29:07,242:INFO:Checking libraries
2022-03-27 06:29:07,242:INFO:pd==1.4.1
2022-03-27 06:29:07,242:INFO:numpy==1.21.5
2022-03-27 06:29:07,242:INFO:sklearn==1.0.2
2022-03-27 06:29:07,242:INFO:xgboost==1.5.2
2022-03-27 06:29:07,242:INFO:lightgbm==3.3.2
2022-03-27 06:29:07,243:INFO:catboost==1.0.4
2022-03-27 06:29:07,243:INFO:mlflow==1.24.0
2022-03-27 06:29:07,243:INFO:Checking Exceptions
2022-03-27 06:29:07,243:INFO:Declaring global variables
2022-03-27 06:29:07,243:INFO:USI: 0161
2022-03-27 06:29:07,243:INFO:pycaret_globals: {'X_test', 'display_container', 'stratify_param', 'X_train', 'fix_imbalance_method_param', 'log_plots_param', 'gpu_param', 'n_jobs_param', 'y_test', 'create_model_container', 'X', 'experiment__', 'exp_name_log', 'iterative_imputation_iters_param', 'logging_param', 'transform_target_param', 'prep_pipe', '_gpu_n_jobs_param', 'pycaret_globals', '_internal_pipeline', 'fold_shuffle_param', 'fold_groups_param', 'fix_imbalance_param', 'fold_generator', 'target_param', '_all_models_internal', 'transform_target_method_param', 'y', 'y_train', 'master_model_container', '_all_models', 'USI', 'imputation_regressor', 'imputation_classifier', '_available_plots', 'html_param', 'fold_param', '_ml_usecase', 'data_before_preprocess', 'seed', '_all_metrics'}
2022-03-27 06:29:07,243:INFO:Preparing display monitor
2022-03-27 06:29:07,243:INFO:Preparing display monitor
2022-03-27 06:29:07,251:INFO:Importing libraries
2022-03-27 06:29:07,251:INFO:Copying data for preprocessing
2022-03-27 06:29:07,264:INFO:Declaring preprocessing parameters
2022-03-27 06:29:07,278:INFO:Creating preprocessing pipeline
2022-03-27 06:29:07,461:INFO:Preprocessing pipeline created successfully
2022-03-27 06:29:07,461:ERROR:(Process Exit): setup has been interupted with user command 'quit'. setup must rerun.
2022-03-27 06:29:07,461:INFO:Creating global containers
2022-03-27 06:29:07,478:INFO:Internal pipeline: Pipeline(memory=None, steps=[('empty_step', 'passthrough')], verbose=False)
2022-03-27 06:29:10,665:INFO:Creating grid variables
2022-03-27 06:29:10,714:INFO:create_model_container: 0
2022-03-27 06:29:10,714:INFO:master_model_container: 0
2022-03-27 06:29:10,714:INFO:display_container: 0
2022-03-27 06:32:10,745:INFO:PyCaret Supervised Module
2022-03-27 06:32:10,745:INFO:ML Usecase: classification
2022-03-27 06:32:10,745:INFO:version 2.2.2
2022-03-27 06:32:10,745:INFO:Initializing setup()
2022-03-27 06:32:10,745:INFO:setup(target=isFraud, ml_usecase=classification, available_plots={'parameter': 'Hyperparameters', 'auc': 'AUC', 'confusion_matrix': 'Confusion Matrix', 'threshold': 'Threshold', 'pr': 'Precision Recall', 'error': 'Prediction Error', 'class_report': 'Class Report', 'rfe': 'Feature Selection', 'learning': 'Learning Curve', 'manifold': 'Manifold Learning', 'calibration': 'Calibration Curve', 'vc': 'Validation Curve', 'dimension': 'Dimensions', 'feature': 'Feature Importance', 'feature_all': 'Feature Importance (All)', 'boundary': 'Decision Boundary', 'lift': 'Lift Chart', 'gain': 'Gain Chart', 'tree': 'Decision Tree'}, train_size=0.7, test_data=None, preprocess=True, imputation_type=iterative, iterative_imputation_iters=5, categorical_features=None, categorical_imputation=constant, categorical_iterative_imputer=lightgbm, ordinal_features=None, high_cardinality_features=None, high_cardinality_method=frequency, numeric_features=None, numeric_imputation=mean, numeric_iterative_imputer=lightgbm, date_features=None, ignore_features=None, normalize=False, normalize_method=zscore, transformation=False, transformation_method=yeo-johnson, handle_unknown_categorical=True, unknown_categorical_method=least_frequent, pca=False, pca_method=linear, pca_components=None, ignore_low_variance=False, combine_rare_levels=False, rare_level_threshold=0.1, bin_numeric_features=None, remove_outliers=True, outliers_threshold=0.05, remove_multicollinearity=False, multicollinearity_threshold=0.9, remove_perfect_collinearity=True, create_clusters=False, cluster_iter=20, polynomial_features=False, polynomial_degree=2, trigonometry_features=False, polynomial_threshold=0.1, group_features=None, group_names=None, feature_selection=False, feature_selection_threshold=0.8, feature_selection_method=classic, feature_interaction=False, feature_ratio=False, interaction_threshold=0.01, fix_imbalance=False, fix_imbalance_method=None, transform_target=False, transform_target_method=box-cox, data_split_shuffle=True, data_split_stratify=True, fold_strategy=stratifiedkfold, fold=10, fold_shuffle=True, fold_groups=None, n_jobs=-1, use_gpu=False, custom_pipeline=None, html=True, session_id=100, log_experiment=False, experiment_name=None, log_plots=False, log_profile=False, log_data=False, silent=True, verbose=True, profile=False, profile_kwargs=None, display=None)
2022-03-27 06:32:10,745:INFO:Checking environment
2022-03-27 06:32:10,745:INFO:python_version: 3.9.7
2022-03-27 06:32:10,745:INFO:python_build: ('default', 'Sep 16 2021 16:59:28')
2022-03-27 06:32:10,745:INFO:machine: AMD64
2022-03-27 06:32:10,745:INFO:platform: Windows-10-10.0.22000-SP0
2022-03-27 06:32:10,746:INFO:Memory: svmem(total=16954339328, available=6575849472, percent=61.2, used=10378489856, free=6575849472)
2022-03-27 06:32:10,746:INFO:Physical Core: 8
2022-03-27 06:32:10,746:INFO:Logical Core: 16
2022-03-27 06:32:10,746:INFO:Checking libraries
2022-03-27 06:32:10,746:INFO:pd==1.4.1
2022-03-27 06:32:10,746:INFO:numpy==1.21.5
2022-03-27 06:32:10,746:INFO:sklearn==1.0.2
2022-03-27 06:32:10,746:INFO:xgboost==1.5.2
2022-03-27 06:32:10,746:INFO:lightgbm==3.3.2
2022-03-27 06:32:10,746:INFO:catboost==1.0.4
2022-03-27 06:32:10,746:INFO:mlflow==1.24.0
2022-03-27 06:32:10,746:INFO:Checking Exceptions
2022-03-27 06:32:10,746:INFO:Declaring global variables
2022-03-27 06:32:10,746:INFO:USI: 061d
2022-03-27 06:32:10,746:INFO:pycaret_globals: {'X_test', 'display_container', 'stratify_param', 'X_train', 'fix_imbalance_method_param', 'log_plots_param', 'gpu_param', 'n_jobs_param', 'y_test', 'create_model_container', 'X', 'experiment__', 'exp_name_log', 'iterative_imputation_iters_param', 'logging_param', 'transform_target_param', 'prep_pipe', '_gpu_n_jobs_param', 'pycaret_globals', '_internal_pipeline', 'fold_shuffle_param', 'fold_groups_param', 'fix_imbalance_param', 'fold_generator', 'target_param', '_all_models_internal', 'transform_target_method_param', 'y', 'y_train', 'master_model_container', '_all_models', 'USI', 'imputation_regressor', 'imputation_classifier', '_available_plots', 'html_param', 'fold_param', '_ml_usecase', 'data_before_preprocess', 'seed', '_all_metrics'}
2022-03-27 06:32:10,746:INFO:Preparing display monitor
2022-03-27 06:32:10,746:INFO:Preparing display monitor
2022-03-27 06:32:10,755:INFO:Importing libraries
2022-03-27 06:32:10,755:INFO:Copying data for preprocessing
2022-03-27 06:32:10,770:INFO:Declaring preprocessing parameters
2022-03-27 06:32:10,785:INFO:Setting up iterative imputation
2022-03-27 06:32:10,950:INFO:Creating preprocessing pipeline
2022-03-27 06:32:11,148:INFO:Preprocessing pipeline created successfully
2022-03-27 06:32:11,148:ERROR:(Process Exit): setup has been interupted with user command 'quit'. setup must rerun.
2022-03-27 06:32:11,148:INFO:Creating global containers
2022-03-27 06:32:11,148:INFO:Internal pipeline: Pipeline(memory=None, steps=[('empty_step', 'passthrough')], verbose=False)
2022-03-27 06:32:13,967:INFO:Creating grid variables
2022-03-27 06:32:14,012:INFO:create_model_container: 0
2022-03-27 06:32:14,012:INFO:master_model_container: 0
2022-03-27 06:32:14,012:INFO:display_container: 0
2022-03-27 06:33:30,346:INFO:PyCaret Supervised Module
2022-03-27 06:33:30,347:INFO:ML Usecase: classification
2022-03-27 06:33:30,347:INFO:version 2.2.2
2022-03-27 06:33:30,347:INFO:Initializing setup()
2022-03-27 06:33:30,347:INFO:setup(target=isFraud, ml_usecase=classification, available_plots={'parameter': 'Hyperparameters', 'auc': 'AUC', 'confusion_matrix': 'Confusion Matrix', 'threshold': 'Threshold', 'pr': 'Precision Recall', 'error': 'Prediction Error', 'class_report': 'Class Report', 'rfe': 'Feature Selection', 'learning': 'Learning Curve', 'manifold': 'Manifold Learning', 'calibration': 'Calibration Curve', 'vc': 'Validation Curve', 'dimension': 'Dimensions', 'feature': 'Feature Importance', 'feature_all': 'Feature Importance (All)', 'boundary': 'Decision Boundary', 'lift': 'Lift Chart', 'gain': 'Gain Chart', 'tree': 'Decision Tree'}, train_size=0.7, test_data=None, preprocess=True, imputation_type=iterative, iterative_imputation_iters=5, categorical_features=None, categorical_imputation=constant, categorical_iterative_imputer=lightgbm, ordinal_features=None, high_cardinality_features=None, high_cardinality_method=frequency, numeric_features=None, numeric_imputation=mean, numeric_iterative_imputer=lightgbm, date_features=None, ignore_features=None, normalize=False, normalize_method=zscore, transformation=False, transformation_method=yeo-johnson, handle_unknown_categorical=True, unknown_categorical_method=least_frequent, pca=False, pca_method=linear, pca_components=None, ignore_low_variance=False, combine_rare_levels=False, rare_level_threshold=0.1, bin_numeric_features=None, remove_outliers=True, outliers_threshold=0.05, remove_multicollinearity=True, multicollinearity_threshold=0.95, remove_perfect_collinearity=True, create_clusters=False, cluster_iter=20, polynomial_features=False, polynomial_degree=2, trigonometry_features=False, polynomial_threshold=0.1, group_features=None, group_names=None, feature_selection=False, feature_selection_threshold=0.8, feature_selection_method=classic, feature_interaction=False, feature_ratio=False, interaction_threshold=0.01, fix_imbalance=True, fix_imbalance_method=None, transform_target=False, transform_target_method=box-cox, data_split_shuffle=True, data_split_stratify=True, fold_strategy=stratifiedkfold, fold=10, fold_shuffle=True, fold_groups=None, n_jobs=-1, use_gpu=False, custom_pipeline=None, html=True, session_id=100, log_experiment=False, experiment_name=None, log_plots=False, log_profile=False, log_data=False, silent=True, verbose=True, profile=False, profile_kwargs=None, display=None)
2022-03-27 06:33:30,347:INFO:Checking environment
2022-03-27 06:33:30,347:INFO:python_version: 3.9.7
2022-03-27 06:33:30,347:INFO:python_build: ('default', 'Sep 16 2021 16:59:28')
2022-03-27 06:33:30,347:INFO:machine: AMD64
2022-03-27 06:33:30,347:INFO:platform: Windows-10-10.0.22000-SP0
2022-03-27 06:33:30,347:INFO:Memory: svmem(total=16954339328, available=6342479872, percent=62.6, used=10611859456, free=6342479872)
2022-03-27 06:33:30,347:INFO:Physical Core: 8
2022-03-27 06:33:30,347:INFO:Logical Core: 16
2022-03-27 06:33:30,347:INFO:Checking libraries
2022-03-27 06:33:30,347:INFO:pd==1.4.1
2022-03-27 06:33:30,347:INFO:numpy==1.21.5
2022-03-27 06:33:30,347:INFO:sklearn==1.0.2
2022-03-27 06:33:30,347:INFO:xgboost==1.5.2
2022-03-27 06:33:30,347:INFO:lightgbm==3.3.2
2022-03-27 06:33:30,347:INFO:catboost==1.0.4
2022-03-27 06:33:30,347:INFO:mlflow==1.24.0
2022-03-27 06:33:30,348:INFO:Checking Exceptions
2022-03-27 06:33:30,348:INFO:Declaring global variables
2022-03-27 06:33:30,348:INFO:USI: 0a90
2022-03-27 06:33:30,348:INFO:pycaret_globals: {'X_test', 'display_container', 'stratify_param', 'X_train', 'fix_imbalance_method_param', 'log_plots_param', 'gpu_param', 'n_jobs_param', 'y_test', 'create_model_container', 'X', 'experiment__', 'exp_name_log', 'iterative_imputation_iters_param', 'logging_param', 'transform_target_param', 'prep_pipe', '_gpu_n_jobs_param', 'pycaret_globals', '_internal_pipeline', 'fold_shuffle_param', 'fold_groups_param', 'fix_imbalance_param', 'fold_generator', 'target_param', '_all_models_internal', 'transform_target_method_param', 'y', 'y_train', 'master_model_container', '_all_models', 'USI', 'imputation_regressor', 'imputation_classifier', '_available_plots', 'html_param', 'fold_param', '_ml_usecase', 'data_before_preprocess', 'seed', '_all_metrics'}
2022-03-27 06:33:30,348:INFO:Preparing display monitor
2022-03-27 06:33:30,348:INFO:Preparing display monitor
2022-03-27 06:33:30,356:INFO:Importing libraries
2022-03-27 06:33:30,357:INFO:Copying data for preprocessing
2022-03-27 06:33:30,370:INFO:Declaring preprocessing parameters
2022-03-27 06:33:30,387:INFO:Setting up iterative imputation
2022-03-27 06:33:30,542:INFO:Creating preprocessing pipeline
2022-03-27 06:33:30,746:INFO:Preprocessing pipeline created successfully
2022-03-27 06:33:30,746:ERROR:(Process Exit): setup has been interupted with user command 'quit'. setup must rerun.
2022-03-27 06:33:30,746:INFO:Creating global containers
2022-03-27 06:33:30,746:INFO:Internal pipeline: Pipeline(memory=None,
         steps=[('fix_imbalance',
                 SMOTE(k_neighbors=5, n_jobs=None, random_state=100,
                       sampling_strategy='auto'))],
         verbose=False)
2022-03-27 06:33:33,666:INFO:Creating grid variables
2022-03-27 06:33:33,723:INFO:create_model_container: 0
2022-03-27 06:33:33,723:INFO:master_model_container: 0
2022-03-27 06:33:33,723:INFO:display_container: 0
2022-03-27 06:37:15,551:INFO:Initializing compare_models()
2022-03-27 06:37:15,551:INFO:compare_models(include=None, fold=None, round=4, cross_validation=True, sort=Accuracy, n_select=3, budget_time=None, turbo=True, errors=ignore, fit_kwargs=None, groups=None, verbose=True, display=None, exclude=None)
2022-03-27 06:37:15,552:INFO:Checking exceptions
2022-03-27 06:37:15,554:INFO:Preparing display monitor
2022-03-27 06:37:15,554:INFO:Preparing display monitor
2022-03-27 06:37:15,572:INFO:Initializing Logistic Regression
2022-03-27 06:37:15,572:INFO:Total runtime is 0.0 minutes
2022-03-27 06:37:15,578:INFO:SubProcess create_model() called ==================================
2022-03-27 06:37:15,578:INFO:Initializing create_model()
2022-03-27 06:37:15,578:INFO:create_model(estimator=lr, fold=StratifiedKFold(n_splits=10, random_state=100, shuffle=True), round=4, cross_validation=True, predict=True, fit_kwargs={}, groups=None, refit=False, verbose=False, system=False, metrics=None, display=<pycaret.internal.Display.Display object at 0x0000023E6832CDF0>, kwargs={})
2022-03-27 06:37:15,578:INFO:Checking exceptions
2022-03-27 06:37:15,578:INFO:Importing libraries
2022-03-27 06:37:15,578:INFO:Copying training dataset
2022-03-27 06:37:15,581:INFO:Defining folds
2022-03-27 06:37:15,581:INFO:Declaring metric variables
2022-03-27 06:37:15,586:INFO:Importing untrained model
2022-03-27 06:37:15,591:INFO:Logistic Regression Imported succesfully
2022-03-27 06:37:15,601:INFO:Starting cross validation
2022-03-27 06:37:15,601:INFO:Cross validating with StratifiedKFold(n_splits=10, random_state=100, shuffle=True), n_jobs=-1
2022-03-27 06:37:21,844:INFO:Calculating mean and std
2022-03-27 06:37:21,845:INFO:Creating metrics dataframe
2022-03-27 06:37:21,874:INFO:Uploading results into container
2022-03-27 06:37:21,874:INFO:Uploading model into container now
2022-03-27 06:37:21,874:INFO:create_model_container: 1
2022-03-27 06:37:21,874:INFO:master_model_container: 1
2022-03-27 06:37:21,874:INFO:display_container: 1
2022-03-27 06:37:21,874:INFO:LogisticRegression(C=1.0, class_weight=None, dual=False, fit_intercept=True,
                   intercept_scaling=1, l1_ratio=None, max_iter=1000,
                   multi_class='auto', n_jobs=None, penalty='l2',
                   random_state=100, solver='lbfgs', tol=0.0001, verbose=0,
                   warm_start=False)
2022-03-27 06:37:21,874:INFO:create_model() succesfully completed......................................
2022-03-27 06:37:22,024:INFO:SubProcess create_model() end ==================================
2022-03-27 06:37:22,024:INFO:Creating metrics dataframe
2022-03-27 06:37:22,042:INFO:Initializing K Neighbors Classifier
2022-03-27 06:37:22,042:INFO:Total runtime is 0.10783814191818238 minutes
2022-03-27 06:37:22,047:INFO:SubProcess create_model() called ==================================
2022-03-27 06:37:22,047:INFO:Initializing create_model()
2022-03-27 06:37:22,047:INFO:create_model(estimator=knn, fold=StratifiedKFold(n_splits=10, random_state=100, shuffle=True), round=4, cross_validation=True, predict=True, fit_kwargs={}, groups=None, refit=False, verbose=False, system=False, metrics=None, display=<pycaret.internal.Display.Display object at 0x0000023E6832CDF0>, kwargs={})
2022-03-27 06:37:22,047:INFO:Checking exceptions
2022-03-27 06:37:22,047:INFO:Importing libraries
2022-03-27 06:37:22,047:INFO:Copying training dataset
2022-03-27 06:37:22,050:INFO:Defining folds
2022-03-27 06:37:22,050:INFO:Declaring metric variables
2022-03-27 06:37:22,055:INFO:Importing untrained model
2022-03-27 06:37:22,060:INFO:K Neighbors Classifier Imported succesfully
2022-03-27 06:37:22,071:INFO:Starting cross validation
2022-03-27 06:37:22,071:INFO:Cross validating with StratifiedKFold(n_splits=10, random_state=100, shuffle=True), n_jobs=-1
2022-03-27 06:37:28,100:INFO:Calculating mean and std
2022-03-27 06:37:28,100:INFO:Creating metrics dataframe
2022-03-27 06:37:28,123:INFO:Uploading results into container
2022-03-27 06:37:28,123:INFO:Uploading model into container now
2022-03-27 06:37:28,123:INFO:create_model_container: 2
2022-03-27 06:37:28,123:INFO:master_model_container: 2
2022-03-27 06:37:28,123:INFO:display_container: 1
2022-03-27 06:37:28,123:INFO:KNeighborsClassifier(algorithm='auto', leaf_size=30, metric='minkowski',
                     metric_params=None, n_jobs=-1, n_neighbors=5, p=2,
                     weights='uniform')
2022-03-27 06:37:28,123:INFO:create_model() succesfully completed......................................
2022-03-27 06:37:28,227:INFO:SubProcess create_model() end ==================================
2022-03-27 06:37:28,227:INFO:Creating metrics dataframe
2022-03-27 06:37:28,242:INFO:Initializing Naive Bayes
2022-03-27 06:37:28,242:INFO:Total runtime is 0.21117823521296183 minutes
2022-03-27 06:37:28,257:INFO:SubProcess create_model() called ==================================
2022-03-27 06:37:28,257:INFO:Initializing create_model()
2022-03-27 06:37:28,257:INFO:create_model(estimator=nb, fold=StratifiedKFold(n_splits=10, random_state=100, shuffle=True), round=4, cross_validation=True, predict=True, fit_kwargs={}, groups=None, refit=False, verbose=False, system=False, metrics=None, display=<pycaret.internal.Display.Display object at 0x0000023E6832CDF0>, kwargs={})
2022-03-27 06:37:28,258:INFO:Checking exceptions
2022-03-27 06:37:28,258:INFO:Importing libraries
2022-03-27 06:37:28,258:INFO:Copying training dataset
2022-03-27 06:37:28,260:INFO:Defining folds
2022-03-27 06:37:28,260:INFO:Declaring metric variables
2022-03-27 06:37:28,265:INFO:Importing untrained model
2022-03-27 06:37:28,270:INFO:Naive Bayes Imported succesfully
2022-03-27 06:37:28,281:INFO:Starting cross validation
2022-03-27 06:37:28,281:INFO:Cross validating with StratifiedKFold(n_splits=10, random_state=100, shuffle=True), n_jobs=-1
2022-03-27 06:37:29,192:INFO:Calculating mean and std
2022-03-27 06:37:29,192:INFO:Creating metrics dataframe
2022-03-27 06:37:29,214:INFO:Uploading results into container
2022-03-27 06:37:29,215:INFO:Uploading model into container now
2022-03-27 06:37:29,215:INFO:create_model_container: 3
2022-03-27 06:37:29,215:INFO:master_model_container: 3
2022-03-27 06:37:29,215:INFO:display_container: 1
2022-03-27 06:37:29,215:INFO:GaussianNB(priors=None, var_smoothing=1e-09)
2022-03-27 06:37:29,215:INFO:create_model() succesfully completed......................................
2022-03-27 06:37:29,328:INFO:SubProcess create_model() end ==================================
2022-03-27 06:37:29,328:INFO:Creating metrics dataframe
2022-03-27 06:37:29,343:INFO:Initializing Decision Tree Classifier
2022-03-27 06:37:29,343:INFO:Total runtime is 0.2295286774635315 minutes
2022-03-27 06:37:29,350:INFO:SubProcess create_model() called ==================================
2022-03-27 06:37:29,350:INFO:Initializing create_model()
2022-03-27 06:37:29,350:INFO:create_model(estimator=dt, fold=StratifiedKFold(n_splits=10, random_state=100, shuffle=True), round=4, cross_validation=True, predict=True, fit_kwargs={}, groups=None, refit=False, verbose=False, system=False, metrics=None, display=<pycaret.internal.Display.Display object at 0x0000023E6832CDF0>, kwargs={})
2022-03-27 06:37:29,350:INFO:Checking exceptions
2022-03-27 06:37:29,351:INFO:Importing libraries
2022-03-27 06:37:29,351:INFO:Copying training dataset
2022-03-27 06:37:29,353:INFO:Defining folds
2022-03-27 06:37:29,353:INFO:Declaring metric variables
2022-03-27 06:37:29,358:INFO:Importing untrained model
2022-03-27 06:37:29,364:INFO:Decision Tree Classifier Imported succesfully
2022-03-27 06:37:29,375:INFO:Starting cross validation
2022-03-27 06:37:29,376:INFO:Cross validating with StratifiedKFold(n_splits=10, random_state=100, shuffle=True), n_jobs=-1
2022-03-27 06:37:32,926:INFO:Calculating mean and std
2022-03-27 06:37:32,927:INFO:Creating metrics dataframe
2022-03-27 06:37:32,949:INFO:Uploading results into container
2022-03-27 06:37:32,949:INFO:Uploading model into container now
2022-03-27 06:37:32,949:INFO:create_model_container: 4
2022-03-27 06:37:32,949:INFO:master_model_container: 4
2022-03-27 06:37:32,949:INFO:display_container: 1
2022-03-27 06:37:32,950:INFO:DecisionTreeClassifier(ccp_alpha=0.0, class_weight=None, criterion='gini',
                       max_depth=None, max_features=None, max_leaf_nodes=None,
                       min_impurity_decrease=0.0, min_samples_leaf=1,
                       min_samples_split=2, min_weight_fraction_leaf=0.0,
                       random_state=100, splitter='best')
2022-03-27 06:37:32,950:INFO:create_model() succesfully completed......................................
2022-03-27 06:37:33,064:INFO:SubProcess create_model() end ==================================
2022-03-27 06:37:33,064:INFO:Creating metrics dataframe
2022-03-27 06:37:33,081:INFO:Initializing SVM - Linear Kernel
2022-03-27 06:37:33,081:INFO:Total runtime is 0.2918272852897644 minutes
2022-03-27 06:37:33,081:INFO:SubProcess create_model() called ==================================
2022-03-27 06:37:33,081:INFO:Initializing create_model()
2022-03-27 06:37:33,081:INFO:create_model(estimator=svm, fold=StratifiedKFold(n_splits=10, random_state=100, shuffle=True), round=4, cross_validation=True, predict=True, fit_kwargs={}, groups=None, refit=False, verbose=False, system=False, metrics=None, display=<pycaret.internal.Display.Display object at 0x0000023E6832CDF0>, kwargs={})
2022-03-27 06:37:33,081:INFO:Checking exceptions
2022-03-27 06:37:33,081:INFO:Importing libraries
2022-03-27 06:37:33,081:INFO:Copying training dataset
2022-03-27 06:37:33,088:INFO:Defining folds
2022-03-27 06:37:33,088:INFO:Declaring metric variables
2022-03-27 06:37:33,088:INFO:Importing untrained model
2022-03-27 06:37:33,099:INFO:SVM - Linear Kernel Imported succesfully
2022-03-27 06:37:33,109:INFO:Starting cross validation
2022-03-27 06:37:33,109:INFO:Cross validating with StratifiedKFold(n_splits=10, random_state=100, shuffle=True), n_jobs=-1
2022-03-27 06:38:23,849:INFO:Calculating mean and std
2022-03-27 06:38:23,849:INFO:Creating metrics dataframe
2022-03-27 06:38:23,874:INFO:Uploading results into container
2022-03-27 06:38:23,874:INFO:Uploading model into container now
2022-03-27 06:38:23,874:INFO:create_model_container: 5
2022-03-27 06:38:23,874:INFO:master_model_container: 5
2022-03-27 06:38:23,874:INFO:display_container: 1
2022-03-27 06:38:23,874:INFO:SGDClassifier(alpha=0.0001, average=False, class_weight=None,
              early_stopping=False, epsilon=0.1, eta0=0.001, fit_intercept=True,
              l1_ratio=0.15, learning_rate='optimal', loss='hinge',
              max_iter=1000, n_iter_no_change=5, n_jobs=-1, penalty='l2',
              power_t=0.5, random_state=100, shuffle=True, tol=0.001,
              validation_fraction=0.1, verbose=0, warm_start=False)
2022-03-27 06:38:23,874:INFO:create_model() succesfully completed......................................
2022-03-27 06:38:23,992:INFO:SubProcess create_model() end ==================================
2022-03-27 06:38:23,992:INFO:Creating metrics dataframe
2022-03-27 06:38:24,008:INFO:Initializing Ridge Classifier
2022-03-27 06:38:24,008:INFO:Total runtime is 1.1406068563461305 minutes
2022-03-27 06:38:24,008:INFO:SubProcess create_model() called ==================================
2022-03-27 06:38:24,008:INFO:Initializing create_model()
2022-03-27 06:38:24,008:INFO:create_model(estimator=ridge, fold=StratifiedKFold(n_splits=10, random_state=100, shuffle=True), round=4, cross_validation=True, predict=True, fit_kwargs={}, groups=None, refit=False, verbose=False, system=False, metrics=None, display=<pycaret.internal.Display.Display object at 0x0000023E6832CDF0>, kwargs={})
2022-03-27 06:38:24,008:INFO:Checking exceptions
2022-03-27 06:38:24,008:INFO:Importing libraries
2022-03-27 06:38:24,016:INFO:Copying training dataset
2022-03-27 06:38:24,016:INFO:Defining folds
2022-03-27 06:38:24,016:INFO:Declaring metric variables
2022-03-27 06:38:24,016:INFO:Importing untrained model
2022-03-27 06:38:24,024:INFO:Ridge Classifier Imported succesfully
2022-03-27 06:38:24,037:INFO:Starting cross validation
2022-03-27 06:38:24,037:INFO:Cross validating with StratifiedKFold(n_splits=10, random_state=100, shuffle=True), n_jobs=-1
2022-03-27 06:38:25,074:INFO:Calculating mean and std
2022-03-27 06:38:25,074:INFO:Creating metrics dataframe
2022-03-27 06:38:25,095:INFO:Uploading results into container
2022-03-27 06:38:25,096:INFO:Uploading model into container now
2022-03-27 06:38:25,096:INFO:create_model_container: 6
2022-03-27 06:38:25,096:INFO:master_model_container: 6
2022-03-27 06:38:25,096:INFO:display_container: 1
2022-03-27 06:38:25,096:INFO:RidgeClassifier(alpha=1.0, class_weight=None, copy_X=True, fit_intercept=True,
                max_iter=None, normalize='deprecated', positive=False,
                random_state=100, solver='auto', tol=0.001)
2022-03-27 06:38:25,096:INFO:create_model() succesfully completed......................................
2022-03-27 06:38:25,210:INFO:SubProcess create_model() end ==================================
2022-03-27 06:38:25,210:INFO:Creating metrics dataframe
2022-03-27 06:38:25,226:INFO:Initializing Random Forest Classifier
2022-03-27 06:38:25,226:INFO:Total runtime is 1.1609013279279075 minutes
2022-03-27 06:38:25,239:INFO:SubProcess create_model() called ==================================
2022-03-27 06:38:25,239:INFO:Initializing create_model()
2022-03-27 06:38:25,239:INFO:create_model(estimator=rf, fold=StratifiedKFold(n_splits=10, random_state=100, shuffle=True), round=4, cross_validation=True, predict=True, fit_kwargs={}, groups=None, refit=False, verbose=False, system=False, metrics=None, display=<pycaret.internal.Display.Display object at 0x0000023E6832CDF0>, kwargs={})
2022-03-27 06:38:25,239:INFO:Checking exceptions
2022-03-27 06:38:25,240:INFO:Importing libraries
2022-03-27 06:38:25,240:INFO:Copying training dataset
2022-03-27 06:38:25,243:INFO:Defining folds
2022-03-27 06:38:25,243:INFO:Declaring metric variables
2022-03-27 06:38:25,247:INFO:Importing untrained model
2022-03-27 06:38:25,253:INFO:Random Forest Classifier Imported succesfully
2022-03-27 06:38:25,263:INFO:Starting cross validation
2022-03-27 06:38:25,264:INFO:Cross validating with StratifiedKFold(n_splits=10, random_state=100, shuffle=True), n_jobs=-1
2022-03-27 06:39:45,549:INFO:Calculating mean and std
2022-03-27 06:39:45,549:INFO:Creating metrics dataframe
2022-03-27 06:39:45,578:INFO:Uploading results into container
2022-03-27 06:39:45,578:INFO:Uploading model into container now
2022-03-27 06:39:45,578:INFO:create_model_container: 7
2022-03-27 06:39:45,578:INFO:master_model_container: 7
2022-03-27 06:39:45,578:INFO:display_container: 1
2022-03-27 06:39:45,578:INFO:RandomForestClassifier(bootstrap=True, ccp_alpha=0.0, class_weight=None,
                       criterion='gini', max_depth=None, max_features='auto',
                       max_leaf_nodes=None, max_samples=None,
                       min_impurity_decrease=0.0, min_samples_leaf=1,
                       min_samples_split=2, min_weight_fraction_leaf=0.0,
                       n_estimators=100, n_jobs=-1, oob_score=False,
                       random_state=100, verbose=0, warm_start=False)
2022-03-27 06:39:45,578:INFO:create_model() succesfully completed......................................
2022-03-27 06:39:45,703:INFO:SubProcess create_model() end ==================================
2022-03-27 06:39:45,703:INFO:Creating metrics dataframe
2022-03-27 06:39:45,725:INFO:Initializing Quadratic Discriminant Analysis
2022-03-27 06:39:45,725:INFO:Total runtime is 2.502550748984019 minutes
2022-03-27 06:39:45,732:INFO:SubProcess create_model() called ==================================
2022-03-27 06:39:45,732:INFO:Initializing create_model()
2022-03-27 06:39:45,732:INFO:create_model(estimator=qda, fold=StratifiedKFold(n_splits=10, random_state=100, shuffle=True), round=4, cross_validation=True, predict=True, fit_kwargs={}, groups=None, refit=False, verbose=False, system=False, metrics=None, display=<pycaret.internal.Display.Display object at 0x0000023E6832CDF0>, kwargs={})
2022-03-27 06:39:45,732:INFO:Checking exceptions
2022-03-27 06:39:45,732:INFO:Importing libraries
2022-03-27 06:39:45,732:INFO:Copying training dataset
2022-03-27 06:39:45,735:INFO:Defining folds
2022-03-27 06:39:45,735:INFO:Declaring metric variables
2022-03-27 06:39:45,740:INFO:Importing untrained model
2022-03-27 06:39:45,745:INFO:Quadratic Discriminant Analysis Imported succesfully
2022-03-27 06:39:45,756:INFO:Starting cross validation
2022-03-27 06:39:45,756:INFO:Cross validating with StratifiedKFold(n_splits=10, random_state=100, shuffle=True), n_jobs=-1
2022-03-27 06:39:47,512:INFO:Calculating mean and std
2022-03-27 06:39:47,512:INFO:Creating metrics dataframe
2022-03-27 06:39:47,533:INFO:Uploading results into container
2022-03-27 06:39:47,534:INFO:Uploading model into container now
2022-03-27 06:39:47,534:INFO:create_model_container: 8
2022-03-27 06:39:47,534:INFO:master_model_container: 8
2022-03-27 06:39:47,534:INFO:display_container: 1
2022-03-27 06:39:47,534:INFO:QuadraticDiscriminantAnalysis(priors=None, reg_param=0.0,
                              store_covariance=False, tol=0.0001)
2022-03-27 06:39:47,534:INFO:create_model() succesfully completed......................................
2022-03-27 06:39:47,659:INFO:SubProcess create_model() end ==================================
2022-03-27 06:39:47,659:INFO:Creating metrics dataframe
2022-03-27 06:39:47,675:INFO:Initializing Ada Boost Classifier
2022-03-27 06:39:47,675:INFO:Total runtime is 2.5350484331448873 minutes
2022-03-27 06:39:47,682:INFO:SubProcess create_model() called ==================================
2022-03-27 06:39:47,682:INFO:Initializing create_model()
2022-03-27 06:39:47,682:INFO:create_model(estimator=ada, fold=StratifiedKFold(n_splits=10, random_state=100, shuffle=True), round=4, cross_validation=True, predict=True, fit_kwargs={}, groups=None, refit=False, verbose=False, system=False, metrics=None, display=<pycaret.internal.Display.Display object at 0x0000023E6832CDF0>, kwargs={})
2022-03-27 06:39:47,683:INFO:Checking exceptions
2022-03-27 06:39:47,683:INFO:Importing libraries
2022-03-27 06:39:47,683:INFO:Copying training dataset
2022-03-27 06:39:47,685:INFO:Defining folds
2022-03-27 06:39:47,685:INFO:Declaring metric variables
2022-03-27 06:39:47,690:INFO:Importing untrained model
2022-03-27 06:39:47,696:INFO:Ada Boost Classifier Imported succesfully
2022-03-27 06:39:47,710:INFO:Starting cross validation
2022-03-27 06:39:47,711:INFO:Cross validating with StratifiedKFold(n_splits=10, random_state=100, shuffle=True), n_jobs=-1
2022-03-27 06:40:21,306:INFO:Calculating mean and std
2022-03-27 06:40:21,306:INFO:Creating metrics dataframe
2022-03-27 06:40:21,328:INFO:Uploading results into container
2022-03-27 06:40:21,329:INFO:Uploading model into container now
2022-03-27 06:40:21,329:INFO:create_model_container: 9
2022-03-27 06:40:21,329:INFO:master_model_container: 9
2022-03-27 06:40:21,329:INFO:display_container: 1
2022-03-27 06:40:21,329:INFO:AdaBoostClassifier(algorithm='SAMME.R', base_estimator=None, learning_rate=1.0,
                   n_estimators=50, random_state=100)
2022-03-27 06:40:21,329:INFO:create_model() succesfully completed......................................
2022-03-27 06:40:21,444:INFO:SubProcess create_model() end ==================================
2022-03-27 06:40:21,444:INFO:Creating metrics dataframe
2022-03-27 06:40:21,459:INFO:Initializing Gradient Boosting Classifier
2022-03-27 06:40:21,459:INFO:Total runtime is 3.098128815491994 minutes
2022-03-27 06:40:21,470:INFO:SubProcess create_model() called ==================================
2022-03-27 06:40:21,470:INFO:Initializing create_model()
2022-03-27 06:40:21,471:INFO:create_model(estimator=gbc, fold=StratifiedKFold(n_splits=10, random_state=100, shuffle=True), round=4, cross_validation=True, predict=True, fit_kwargs={}, groups=None, refit=False, verbose=False, system=False, metrics=None, display=<pycaret.internal.Display.Display object at 0x0000023E6832CDF0>, kwargs={})
2022-03-27 06:40:21,471:INFO:Checking exceptions
2022-03-27 06:40:21,471:INFO:Importing libraries
2022-03-27 06:40:21,471:INFO:Copying training dataset
2022-03-27 06:40:21,473:INFO:Defining folds
2022-03-27 06:40:21,473:INFO:Declaring metric variables
2022-03-27 06:40:21,478:INFO:Importing untrained model
2022-03-27 06:40:21,484:INFO:Gradient Boosting Classifier Imported succesfully
2022-03-27 06:40:21,494:INFO:Starting cross validation
2022-03-27 06:40:21,495:INFO:Cross validating with StratifiedKFold(n_splits=10, random_state=100, shuffle=True), n_jobs=-1
2022-03-27 06:42:27,383:INFO:Calculating mean and std
2022-03-27 06:42:27,383:INFO:Creating metrics dataframe
2022-03-27 06:42:27,405:INFO:Uploading results into container
2022-03-27 06:42:27,405:INFO:Uploading model into container now
2022-03-27 06:42:27,405:INFO:create_model_container: 10
2022-03-27 06:42:27,406:INFO:master_model_container: 10
2022-03-27 06:42:27,406:INFO:display_container: 1
2022-03-27 06:42:27,406:INFO:GradientBoostingClassifier(ccp_alpha=0.0, criterion='friedman_mse', init=None,
                           learning_rate=0.1, loss='deviance', max_depth=3,
                           max_features=None, max_leaf_nodes=None,
                           min_impurity_decrease=0.0, min_samples_leaf=1,
                           min_samples_split=2, min_weight_fraction_leaf=0.0,
                           n_estimators=100, n_iter_no_change=None,
                           random_state=100, subsample=1.0, tol=0.0001,
                           validation_fraction=0.1, verbose=0,
                           warm_start=False)
2022-03-27 06:42:27,406:INFO:create_model() succesfully completed......................................
2022-03-27 06:42:27,526:INFO:SubProcess create_model() end ==================================
2022-03-27 06:42:27,526:INFO:Creating metrics dataframe
2022-03-27 06:42:27,542:INFO:Initializing Linear Discriminant Analysis
2022-03-27 06:42:27,542:INFO:Total runtime is 5.199505273501078 minutes
2022-03-27 06:42:27,550:INFO:SubProcess create_model() called ==================================
2022-03-27 06:42:27,550:INFO:Initializing create_model()
2022-03-27 06:42:27,551:INFO:create_model(estimator=lda, fold=StratifiedKFold(n_splits=10, random_state=100, shuffle=True), round=4, cross_validation=True, predict=True, fit_kwargs={}, groups=None, refit=False, verbose=False, system=False, metrics=None, display=<pycaret.internal.Display.Display object at 0x0000023E6832CDF0>, kwargs={})
2022-03-27 06:42:27,551:INFO:Checking exceptions
2022-03-27 06:42:27,551:INFO:Importing libraries
2022-03-27 06:42:27,551:INFO:Copying training dataset
2022-03-27 06:42:27,553:INFO:Defining folds
2022-03-27 06:42:27,554:INFO:Declaring metric variables
2022-03-27 06:42:27,559:INFO:Importing untrained model
2022-03-27 06:42:27,564:INFO:Linear Discriminant Analysis Imported succesfully
2022-03-27 06:42:27,574:INFO:Starting cross validation
2022-03-27 06:42:27,574:INFO:Cross validating with StratifiedKFold(n_splits=10, random_state=100, shuffle=True), n_jobs=-1
2022-03-27 06:42:29,625:INFO:Calculating mean and std
2022-03-27 06:42:29,625:INFO:Creating metrics dataframe
2022-03-27 06:42:29,646:INFO:Uploading results into container
2022-03-27 06:42:29,646:INFO:Uploading model into container now
2022-03-27 06:42:29,646:INFO:create_model_container: 11
2022-03-27 06:42:29,646:INFO:master_model_container: 11
2022-03-27 06:42:29,646:INFO:display_container: 1
2022-03-27 06:42:29,646:INFO:LinearDiscriminantAnalysis(covariance_estimator=None, n_components=None,
                           priors=None, shrinkage=None, solver='svd',
                           store_covariance=False, tol=0.0001)
2022-03-27 06:42:29,646:INFO:create_model() succesfully completed......................................
2022-03-27 06:42:29,743:INFO:SubProcess create_model() end ==================================
2022-03-27 06:42:29,743:INFO:Creating metrics dataframe
2022-03-27 06:42:29,776:INFO:Initializing Extra Trees Classifier
2022-03-27 06:42:29,776:INFO:Total runtime is 5.236744280656178 minutes
2022-03-27 06:42:29,781:INFO:SubProcess create_model() called ==================================
2022-03-27 06:42:29,781:INFO:Initializing create_model()
2022-03-27 06:42:29,781:INFO:create_model(estimator=et, fold=StratifiedKFold(n_splits=10, random_state=100, shuffle=True), round=4, cross_validation=True, predict=True, fit_kwargs={}, groups=None, refit=False, verbose=False, system=False, metrics=None, display=<pycaret.internal.Display.Display object at 0x0000023E6832CDF0>, kwargs={})
2022-03-27 06:42:29,782:INFO:Checking exceptions
2022-03-27 06:42:29,782:INFO:Importing libraries
2022-03-27 06:42:29,782:INFO:Copying training dataset
2022-03-27 06:42:29,784:INFO:Defining folds
2022-03-27 06:42:29,784:INFO:Declaring metric variables
2022-03-27 06:42:29,790:INFO:Importing untrained model
2022-03-27 06:42:29,795:INFO:Extra Trees Classifier Imported succesfully
2022-03-27 06:42:29,805:INFO:Starting cross validation
2022-03-27 06:42:29,805:INFO:Cross validating with StratifiedKFold(n_splits=10, random_state=100, shuffle=True), n_jobs=-1
2022-03-27 06:43:29,345:INFO:Calculating mean and std
2022-03-27 06:43:29,345:INFO:Creating metrics dataframe
2022-03-27 06:43:29,371:INFO:Uploading results into container
2022-03-27 06:43:29,371:INFO:Uploading model into container now
2022-03-27 06:43:29,371:INFO:create_model_container: 12
2022-03-27 06:43:29,372:INFO:master_model_container: 12
2022-03-27 06:43:29,372:INFO:display_container: 1
2022-03-27 06:43:29,372:INFO:ExtraTreesClassifier(bootstrap=False, ccp_alpha=0.0, class_weight=None,
                     criterion='gini', max_depth=None, max_features='auto',
                     max_leaf_nodes=None, max_samples=None,
                     min_impurity_decrease=0.0, min_samples_leaf=1,
                     min_samples_split=2, min_weight_fraction_leaf=0.0,
                     n_estimators=100, n_jobs=-1, oob_score=False,
                     random_state=100, verbose=0, warm_start=False)
2022-03-27 06:43:29,372:INFO:create_model() succesfully completed......................................
2022-03-27 06:43:29,508:INFO:SubProcess create_model() end ==================================
2022-03-27 06:43:29,508:INFO:Creating metrics dataframe
2022-03-27 06:43:29,524:INFO:Initializing Extreme Gradient Boosting
2022-03-27 06:43:29,524:INFO:Total runtime is 6.232536749045053 minutes
2022-03-27 06:43:29,538:INFO:SubProcess create_model() called ==================================
2022-03-27 06:43:29,539:INFO:Initializing create_model()
2022-03-27 06:43:29,539:INFO:create_model(estimator=xgboost, fold=StratifiedKFold(n_splits=10, random_state=100, shuffle=True), round=4, cross_validation=True, predict=True, fit_kwargs={}, groups=None, refit=False, verbose=False, system=False, metrics=None, display=<pycaret.internal.Display.Display object at 0x0000023E6832CDF0>, kwargs={})
2022-03-27 06:43:29,539:INFO:Checking exceptions
2022-03-27 06:43:29,539:INFO:Importing libraries
2022-03-27 06:43:29,539:INFO:Copying training dataset
2022-03-27 06:43:29,542:INFO:Defining folds
2022-03-27 06:43:29,542:INFO:Declaring metric variables
2022-03-27 06:43:29,548:INFO:Importing untrained model
2022-03-27 06:43:29,554:INFO:Extreme Gradient Boosting Imported succesfully
2022-03-27 06:43:29,566:INFO:Starting cross validation
2022-03-27 06:43:29,568:INFO:Cross validating with StratifiedKFold(n_splits=10, random_state=100, shuffle=True), n_jobs=-1
2022-03-27 06:44:43,832:INFO:Calculating mean and std
2022-03-27 06:44:43,832:INFO:Creating metrics dataframe
2022-03-27 06:44:43,854:INFO:Uploading results into container
2022-03-27 06:44:43,854:INFO:Uploading model into container now
2022-03-27 06:44:43,854:INFO:create_model_container: 13
2022-03-27 06:44:43,854:INFO:master_model_container: 13
2022-03-27 06:44:43,854:INFO:display_container: 1
2022-03-27 06:44:43,855:INFO:XGBClassifier(base_score=None, booster='gbtree', colsample_bylevel=None,
              colsample_bynode=None, colsample_bytree=None,
              enable_categorical=False, gamma=None, gpu_id=None,
              importance_type=None, interaction_constraints=None,
              learning_rate=None, max_delta_step=None, max_depth=None,
              min_child_weight=None, missing=nan, monotone_constraints=None,
              n_estimators=100, n_jobs=-1, num_parallel_tree=None,
              objective='binary:logistic', predictor=None, random_state=100,
              reg_alpha=None, reg_lambda=None, scale_pos_weight=None,
              subsample=None, tree_method='auto', use_label_encoder=True,
              validate_parameters=None, verbosity=0)
2022-03-27 06:44:43,855:INFO:create_model() succesfully completed......................................
2022-03-27 06:44:43,960:INFO:SubProcess create_model() end ==================================
2022-03-27 06:44:43,960:INFO:Creating metrics dataframe
2022-03-27 06:44:43,991:INFO:Initializing Light Gradient Boosting Machine
2022-03-27 06:44:43,991:INFO:Total runtime is 7.473660393555958 minutes
2022-03-27 06:44:43,998:INFO:SubProcess create_model() called ==================================
2022-03-27 06:44:43,998:INFO:Initializing create_model()
2022-03-27 06:44:43,998:INFO:create_model(estimator=lightgbm, fold=StratifiedKFold(n_splits=10, random_state=100, shuffle=True), round=4, cross_validation=True, predict=True, fit_kwargs={}, groups=None, refit=False, verbose=False, system=False, metrics=None, display=<pycaret.internal.Display.Display object at 0x0000023E6832CDF0>, kwargs={})
2022-03-27 06:44:43,998:INFO:Checking exceptions
2022-03-27 06:44:43,998:INFO:Importing libraries
2022-03-27 06:44:43,998:INFO:Copying training dataset
2022-03-27 06:44:43,999:INFO:Defining folds
2022-03-27 06:44:43,999:INFO:Declaring metric variables
2022-03-27 06:44:43,999:INFO:Importing untrained model
2022-03-27 06:44:44,007:INFO:Light Gradient Boosting Machine Imported succesfully
2022-03-27 06:44:44,014:INFO:Starting cross validation
2022-03-27 06:44:44,014:INFO:Cross validating with StratifiedKFold(n_splits=10, random_state=100, shuffle=True), n_jobs=-1
2022-03-27 06:44:53,950:INFO:Calculating mean and std
2022-03-27 06:44:53,950:INFO:Creating metrics dataframe
2022-03-27 06:44:53,994:INFO:Uploading results into container
2022-03-27 06:44:53,994:INFO:Uploading model into container now
2022-03-27 06:44:53,994:INFO:create_model_container: 14
2022-03-27 06:44:53,994:INFO:master_model_container: 14
2022-03-27 06:44:53,994:INFO:display_container: 1
2022-03-27 06:44:53,995:INFO:LGBMClassifier(boosting_type='gbdt', class_weight=None, colsample_bytree=1.0,
               importance_type='split', learning_rate=0.1, max_depth=-1,
               min_child_samples=20, min_child_weight=0.001, min_split_gain=0.0,
               n_estimators=100, n_jobs=-1, num_leaves=31, objective=None,
               random_state=100, reg_alpha=0.0, reg_lambda=0.0, silent='warn',
               subsample=1.0, subsample_for_bin=200000, subsample_freq=0)
2022-03-27 06:44:53,995:INFO:create_model() succesfully completed......................................
2022-03-27 06:44:54,151:INFO:SubProcess create_model() end ==================================
2022-03-27 06:44:54,151:INFO:Creating metrics dataframe
2022-03-27 06:44:54,166:INFO:Initializing CatBoost Classifier
2022-03-27 06:44:54,166:INFO:Total runtime is 7.643246634801228 minutes
2022-03-27 06:44:54,182:INFO:SubProcess create_model() called ==================================
2022-03-27 06:44:54,182:INFO:Initializing create_model()
2022-03-27 06:44:54,182:INFO:create_model(estimator=catboost, fold=StratifiedKFold(n_splits=10, random_state=100, shuffle=True), round=4, cross_validation=True, predict=True, fit_kwargs={}, groups=None, refit=False, verbose=False, system=False, metrics=None, display=<pycaret.internal.Display.Display object at 0x0000023E6832CDF0>, kwargs={})
2022-03-27 06:44:54,182:INFO:Checking exceptions
2022-03-27 06:44:54,182:INFO:Importing libraries
2022-03-27 06:44:54,182:INFO:Copying training dataset
2022-03-27 06:44:54,182:INFO:Defining folds
2022-03-27 06:44:54,182:INFO:Declaring metric variables
2022-03-27 06:44:54,182:INFO:Importing untrained model
2022-03-27 06:44:54,198:INFO:CatBoost Classifier Imported succesfully
2022-03-27 06:44:54,198:INFO:Starting cross validation
2022-03-27 06:44:54,214:INFO:Cross validating with StratifiedKFold(n_splits=10, random_state=100, shuffle=True), n_jobs=-1
2022-03-27 06:48:21,088:INFO:Calculating mean and std
2022-03-27 06:48:21,088:INFO:Creating metrics dataframe
2022-03-27 06:48:21,110:INFO:Uploading results into container
2022-03-27 06:48:21,110:INFO:Uploading model into container now
2022-03-27 06:48:21,110:INFO:create_model_container: 15
2022-03-27 06:48:21,110:INFO:master_model_container: 15
2022-03-27 06:48:21,110:INFO:display_container: 1
2022-03-27 06:48:21,110:INFO:<catboost.core.CatBoostClassifier object at 0x0000023E68281BE0>
2022-03-27 06:48:21,110:INFO:create_model() succesfully completed......................................
2022-03-27 06:48:21,210:INFO:SubProcess create_model() end ==================================
2022-03-27 06:48:21,210:INFO:Creating metrics dataframe
2022-03-27 06:48:21,253:INFO:Initializing create_model()
2022-03-27 06:48:21,253:INFO:create_model(estimator=RandomForestClassifier(bootstrap=True, ccp_alpha=0.0, class_weight=None,
                       criterion='gini', max_depth=None, max_features='auto',
                       max_leaf_nodes=None, max_samples=None,
                       min_impurity_decrease=0.0, min_samples_leaf=1,
                       min_samples_split=2, min_weight_fraction_leaf=0.0,
                       n_estimators=100, n_jobs=-1, oob_score=False,
                       random_state=100, verbose=0, warm_start=False), fold=StratifiedKFold(n_splits=10, random_state=100, shuffle=True), round=4, cross_validation=False, predict=False, fit_kwargs={}, groups=None, refit=True, verbose=False, system=False, metrics=None, display=None, kwargs={})
2022-03-27 06:48:21,253:INFO:Checking exceptions
2022-03-27 06:48:21,253:INFO:Importing libraries
2022-03-27 06:48:21,253:INFO:Copying training dataset
2022-03-27 06:48:21,255:INFO:Defining folds
2022-03-27 06:48:21,255:INFO:Declaring metric variables
2022-03-27 06:48:21,255:INFO:Importing untrained model
2022-03-27 06:48:21,255:INFO:Declaring custom model
2022-03-27 06:48:21,256:INFO:Random Forest Classifier Imported succesfully
2022-03-27 06:48:21,256:INFO:Cross validation set to False
2022-03-27 06:48:21,256:INFO:Fitting Model
2022-03-27 06:48:30,856:INFO:RandomForestClassifier(bootstrap=True, ccp_alpha=0.0, class_weight=None,
                       criterion='gini', max_depth=None, max_features='auto',
                       max_leaf_nodes=None, max_samples=None,
                       min_impurity_decrease=0.0, min_samples_leaf=1,
                       min_samples_split=2, min_weight_fraction_leaf=0.0,
                       n_estimators=100, n_jobs=-1, oob_score=False,
                       random_state=100, verbose=0, warm_start=False)
2022-03-27 06:48:30,856:INFO:create_models() succesfully completed......................................
2022-03-27 06:48:30,976:INFO:Initializing create_model()
2022-03-27 06:48:30,976:INFO:create_model(estimator=ExtraTreesClassifier(bootstrap=False, ccp_alpha=0.0, class_weight=None,
                     criterion='gini', max_depth=None, max_features='auto',
                     max_leaf_nodes=None, max_samples=None,
                     min_impurity_decrease=0.0, min_samples_leaf=1,
                     min_samples_split=2, min_weight_fraction_leaf=0.0,
                     n_estimators=100, n_jobs=-1, oob_score=False,
                     random_state=100, verbose=0, warm_start=False), fold=StratifiedKFold(n_splits=10, random_state=100, shuffle=True), round=4, cross_validation=False, predict=False, fit_kwargs={}, groups=None, refit=True, verbose=False, system=False, metrics=None, display=None, kwargs={})
2022-03-27 06:48:30,976:INFO:Checking exceptions
2022-03-27 06:48:30,976:INFO:Importing libraries
2022-03-27 06:48:30,976:INFO:Copying training dataset
2022-03-27 06:48:30,979:INFO:Defining folds
2022-03-27 06:48:30,979:INFO:Declaring metric variables
2022-03-27 06:48:30,979:INFO:Importing untrained model
2022-03-27 06:48:30,979:INFO:Declaring custom model
2022-03-27 06:48:30,979:INFO:Extra Trees Classifier Imported succesfully
2022-03-27 06:48:30,980:INFO:Cross validation set to False
2022-03-27 06:48:30,980:INFO:Fitting Model
2022-03-27 06:48:37,178:INFO:ExtraTreesClassifier(bootstrap=False, ccp_alpha=0.0, class_weight=None,
                     criterion='gini', max_depth=None, max_features='auto',
                     max_leaf_nodes=None, max_samples=None,
                     min_impurity_decrease=0.0, min_samples_leaf=1,
                     min_samples_split=2, min_weight_fraction_leaf=0.0,
                     n_estimators=100, n_jobs=-1, oob_score=False,
                     random_state=100, verbose=0, warm_start=False)
2022-03-27 06:48:37,178:INFO:create_models() succesfully completed......................................
2022-03-27 06:48:37,319:INFO:Initializing create_model()
2022-03-27 06:48:37,319:INFO:create_model(estimator=DecisionTreeClassifier(ccp_alpha=0.0, class_weight=None, criterion='gini',
                       max_depth=None, max_features=None, max_leaf_nodes=None,
                       min_impurity_decrease=0.0, min_samples_leaf=1,
                       min_samples_split=2, min_weight_fraction_leaf=0.0,
                       random_state=100, splitter='best'), fold=StratifiedKFold(n_splits=10, random_state=100, shuffle=True), round=4, cross_validation=False, predict=False, fit_kwargs={}, groups=None, refit=True, verbose=False, system=False, metrics=None, display=None, kwargs={})
2022-03-27 06:48:37,319:INFO:Checking exceptions
2022-03-27 06:48:37,319:INFO:Importing libraries
2022-03-27 06:48:37,319:INFO:Copying training dataset
2022-03-27 06:48:37,322:INFO:Defining folds
2022-03-27 06:48:37,322:INFO:Declaring metric variables
2022-03-27 06:48:37,322:INFO:Importing untrained model
2022-03-27 06:48:37,322:INFO:Declaring custom model
2022-03-27 06:48:37,322:INFO:Decision Tree Classifier Imported succesfully
2022-03-27 06:48:37,323:INFO:Cross validation set to False
2022-03-27 06:48:37,323:INFO:Fitting Model
2022-03-27 06:48:39,108:INFO:DecisionTreeClassifier(ccp_alpha=0.0, class_weight=None, criterion='gini',
                       max_depth=None, max_features=None, max_leaf_nodes=None,
                       min_impurity_decrease=0.0, min_samples_leaf=1,
                       min_samples_split=2, min_weight_fraction_leaf=0.0,
                       random_state=100, splitter='best')
2022-03-27 06:48:39,108:INFO:create_models() succesfully completed......................................
2022-03-27 06:48:39,257:INFO:create_model_container: 15
2022-03-27 06:48:39,257:INFO:master_model_container: 15
2022-03-27 06:48:39,257:INFO:display_container: 1
2022-03-27 06:48:39,257:INFO:[RandomForestClassifier(bootstrap=True, ccp_alpha=0.0, class_weight=None,
                       criterion='gini', max_depth=None, max_features='auto',
                       max_leaf_nodes=None, max_samples=None,
                       min_impurity_decrease=0.0, min_samples_leaf=1,
                       min_samples_split=2, min_weight_fraction_leaf=0.0,
                       n_estimators=100, n_jobs=-1, oob_score=False,
                       random_state=100, verbose=0, warm_start=False), ExtraTreesClassifier(bootstrap=False, ccp_alpha=0.0, class_weight=None,
                     criterion='gini', max_depth=None, max_features='auto',
                     max_leaf_nodes=None, max_samples=None,
                     min_impurity_decrease=0.0, min_samples_leaf=1,
                     min_samples_split=2, min_weight_fraction_leaf=0.0,
                     n_estimators=100, n_jobs=-1, oob_score=False,
                     random_state=100, verbose=0, warm_start=False), DecisionTreeClassifier(ccp_alpha=0.0, class_weight=None, criterion='gini',
                       max_depth=None, max_features=None, max_leaf_nodes=None,
                       min_impurity_decrease=0.0, min_samples_leaf=1,
                       min_samples_split=2, min_weight_fraction_leaf=0.0,
                       random_state=100, splitter='best')]
2022-03-27 06:48:39,257:INFO:compare_models() succesfully completed......................................
2022-03-27 06:48:39,269:INFO:Initializing create_model()
2022-03-27 06:48:39,269:INFO:create_model(estimator=xgboost, fold=None, round=4, cross_validation=True, predict=True, fit_kwargs=None, groups=None, refit=True, verbose=True, system=True, metrics=None, display=None, kwargs={})
2022-03-27 06:48:39,269:INFO:Checking exceptions
2022-03-27 06:48:39,269:INFO:Preparing display monitor
2022-03-27 06:48:39,282:INFO:Importing libraries
2022-03-27 06:48:39,283:INFO:Copying training dataset
2022-03-27 06:48:39,286:INFO:Defining folds
2022-03-27 06:48:39,287:INFO:Declaring metric variables
2022-03-27 06:48:39,292:INFO:Importing untrained model
2022-03-27 06:48:39,298:INFO:Extreme Gradient Boosting Imported succesfully
2022-03-27 06:48:39,309:INFO:Starting cross validation
2022-03-27 06:48:39,311:INFO:Cross validating with StratifiedKFold(n_splits=10, random_state=100, shuffle=True), n_jobs=-1
2022-03-27 06:49:58,388:INFO:Calculating mean and std
2022-03-27 06:49:58,388:INFO:Creating metrics dataframe
2022-03-27 06:49:58,463:INFO:Finalizing model
2022-03-27 06:50:20,519:INFO:Uploading results into container
2022-03-27 06:50:20,520:INFO:Uploading model into container now
2022-03-27 06:50:20,530:INFO:create_model_container: 16
2022-03-27 06:50:20,530:INFO:master_model_container: 16
2022-03-27 06:50:20,530:INFO:display_container: 2
2022-03-27 06:50:20,532:INFO:XGBClassifier(base_score=0.5, booster='gbtree', colsample_bylevel=1,
              colsample_bynode=1, colsample_bytree=1, enable_categorical=False,
              gamma=0, gpu_id=-1, importance_type=None,
              interaction_constraints='', learning_rate=0.300000012,
              max_delta_step=0, max_depth=6, min_child_weight=1, missing=nan,
              monotone_constraints='()', n_estimators=100, n_jobs=-1,
              num_parallel_tree=1, objective='binary:logistic',
              predictor='auto', random_state=100, reg_alpha=0, reg_lambda=1,
              scale_pos_weight=1, subsample=1, tree_method='auto',
              use_label_encoder=True, validate_parameters=1, verbosity=0)
2022-03-27 06:50:20,532:INFO:create_model() succesfully completed......................................
2022-03-27 06:50:20,681:INFO:Initializing plot_model()
2022-03-27 06:50:20,681:INFO:plot_model(plot=learning, fold=None, use_train_data=False, verbose=True, display=None, estimator=XGBClassifier(base_score=0.5, booster='gbtree', colsample_bylevel=1,
              colsample_bynode=1, colsample_bytree=1, enable_categorical=False,
              gamma=0, gpu_id=-1, importance_type=None,
              interaction_constraints='', learning_rate=0.300000012,
              max_delta_step=0, max_depth=6, min_child_weight=1, missing=nan,
              monotone_constraints='()', n_estimators=100, n_jobs=-1,
              num_parallel_tree=1, objective='binary:logistic',
              predictor='auto', random_state=100, reg_alpha=0, reg_lambda=1,
              scale_pos_weight=1, subsample=1, tree_method='auto',
              use_label_encoder=True, validate_parameters=1, verbosity=0), feature_name=None, fit_kwargs=None, groups=None, label=False, save=False, scale=1, system=True)
2022-03-27 06:50:20,681:INFO:Checking exceptions
2022-03-27 06:50:20,681:INFO:Preparing display monitor
2022-03-27 06:50:20,681:INFO:Preloading libraries
2022-03-27 06:50:20,713:INFO:Copying training dataset
2022-03-27 06:50:20,716:INFO:Copying test dataset
2022-03-27 06:50:20,717:INFO:Plot type: learning
2022-03-27 06:50:20,780:INFO:Fitting Model
2022-03-27 06:59:13,782:INFO:Visual Rendered Successfully
2022-03-27 06:59:14,065:INFO:plot_model() succesfully completed......................................
2022-03-27 06:59:14,081:INFO:Initializing plot_model()
2022-03-27 06:59:14,081:INFO:plot_model(plot=auc, fold=None, use_train_data=False, verbose=True, display=None, estimator=XGBClassifier(base_score=0.5, booster='gbtree', colsample_bylevel=1,
              colsample_bynode=1, colsample_bytree=1, enable_categorical=False,
              gamma=0, gpu_id=-1, importance_type=None,
              interaction_constraints='', learning_rate=0.300000012,
              max_delta_step=0, max_depth=6, min_child_weight=1, missing=nan,
              monotone_constraints='()', n_estimators=100, n_jobs=-1,
              num_parallel_tree=1, objective='binary:logistic',
              predictor='auto', random_state=100, reg_alpha=0, reg_lambda=1,
              scale_pos_weight=1, subsample=1, tree_method='auto',
              use_label_encoder=True, validate_parameters=1, verbosity=0), feature_name=None, fit_kwargs=None, groups=None, label=False, save=False, scale=1, system=True)
2022-03-27 06:59:14,081:INFO:Checking exceptions
2022-03-27 06:59:14,096:INFO:Preparing display monitor
2022-03-27 06:59:14,096:INFO:Preloading libraries
2022-03-27 06:59:14,143:INFO:Copying training dataset
2022-03-27 06:59:14,159:INFO:Copying test dataset
2022-03-27 06:59:14,159:INFO:Plot type: auc
2022-03-27 06:59:14,159:INFO:Fitting Model
2022-03-27 06:59:14,175:INFO:Scoring test/hold-out set
2022-03-27 06:59:14,648:INFO:Visual Rendered Successfully
2022-03-27 06:59:14,931:INFO:plot_model() succesfully completed......................................
2022-03-27 07:37:40,987:INFO:Initializing plot_model()
2022-03-27 07:37:40,987:INFO:plot_model(plot=confusion_matrix, fold=None, use_train_data=False, verbose=True, display=None, estimator=XGBClassifier(base_score=0.5, booster='gbtree', colsample_bylevel=1,
              colsample_bynode=1, colsample_bytree=1, enable_categorical=False,
              gamma=0, gpu_id=-1, importance_type=None,
              interaction_constraints='', learning_rate=0.300000012,
              max_delta_step=0, max_depth=6, min_child_weight=1, missing=nan,
              monotone_constraints='()', n_estimators=100, n_jobs=-1,
              num_parallel_tree=1, objective='binary:logistic',
              predictor='auto', random_state=100, reg_alpha=0, reg_lambda=1,
              scale_pos_weight=1, subsample=1, tree_method='auto',
              use_label_encoder=True, validate_parameters=1, verbosity=0), feature_name=None, fit_kwargs=None, groups=None, label=False, save=False, scale=1, system=True)
2022-03-27 07:37:40,987:INFO:Checking exceptions
2022-03-27 07:37:40,991:INFO:Preparing display monitor
2022-03-27 07:37:40,996:INFO:Preloading libraries
2022-03-27 07:37:41,018:INFO:Copying training dataset
2022-03-27 07:37:41,021:INFO:Copying test dataset
2022-03-27 07:37:41,022:INFO:Plot type: confusion_matrix
2022-03-27 07:37:41,027:INFO:Fitting Model
2022-03-27 07:37:41,031:INFO:Scoring test/hold-out set
2022-03-27 07:37:41,196:INFO:Visual Rendered Successfully
2022-03-27 07:37:41,321:INFO:plot_model() succesfully completed......................................
2022-03-27 07:37:44,506:INFO:Initializing plot_model()
2022-03-27 07:37:44,506:INFO:plot_model(plot=error, fold=None, use_train_data=False, verbose=True, display=None, estimator=XGBClassifier(base_score=0.5, booster='gbtree', colsample_bylevel=1,
              colsample_bynode=1, colsample_bytree=1, enable_categorical=False,
              gamma=0, gpu_id=-1, importance_type=None,
              interaction_constraints='', learning_rate=0.300000012,
              max_delta_step=0, max_depth=6, min_child_weight=1, missing=nan,
              monotone_constraints='()', n_estimators=100, n_jobs=-1,
              num_parallel_tree=1, objective='binary:logistic',
              predictor='auto', random_state=100, reg_alpha=0, reg_lambda=1,
              scale_pos_weight=1, subsample=1, tree_method='auto',
              use_label_encoder=True, validate_parameters=1, verbosity=0), feature_name=None, fit_kwargs=None, groups=None, label=False, save=False, scale=1, system=True)
2022-03-27 07:37:44,507:INFO:Checking exceptions
2022-03-27 07:37:44,510:INFO:Preparing display monitor
2022-03-27 07:37:44,515:INFO:Preloading libraries
2022-03-27 07:37:44,537:INFO:Copying training dataset
2022-03-27 07:37:44,539:INFO:Copying test dataset
2022-03-27 07:37:44,540:INFO:Plot type: error
2022-03-27 07:37:44,545:INFO:Fitting Model
2022-03-27 07:37:44,549:INFO:Scoring test/hold-out set
2022-03-27 07:37:44,747:INFO:Visual Rendered Successfully
2022-03-27 07:37:44,853:INFO:plot_model() succesfully completed......................................
2022-03-27 07:37:46,713:INFO:Initializing plot_model()
2022-03-27 07:37:46,713:INFO:plot_model(plot=class_report, fold=None, use_train_data=False, verbose=True, display=None, estimator=XGBClassifier(base_score=0.5, booster='gbtree', colsample_bylevel=1,
              colsample_bynode=1, colsample_bytree=1, enable_categorical=False,
              gamma=0, gpu_id=-1, importance_type=None,
              interaction_constraints='', learning_rate=0.300000012,
              max_delta_step=0, max_depth=6, min_child_weight=1, missing=nan,
              monotone_constraints='()', n_estimators=100, n_jobs=-1,
              num_parallel_tree=1, objective='binary:logistic',
              predictor='auto', random_state=100, reg_alpha=0, reg_lambda=1,
              scale_pos_weight=1, subsample=1, tree_method='auto',
              use_label_encoder=True, validate_parameters=1, verbosity=0), feature_name=None, fit_kwargs=None, groups=None, label=False, save=False, scale=1, system=True)
2022-03-27 07:37:46,713:INFO:Checking exceptions
2022-03-27 07:37:46,717:INFO:Preparing display monitor
2022-03-27 07:37:46,722:INFO:Preloading libraries
2022-03-27 07:37:46,743:INFO:Copying training dataset
2022-03-27 07:37:46,745:INFO:Copying test dataset
2022-03-27 07:37:46,747:INFO:Plot type: class_report
2022-03-27 07:37:46,752:INFO:Fitting Model
2022-03-27 07:37:46,755:INFO:Scoring test/hold-out set
2022-03-27 07:37:46,992:INFO:Visual Rendered Successfully
2022-03-27 07:37:47,107:INFO:plot_model() succesfully completed......................................
2022-03-27 07:37:47,569:INFO:Initializing plot_model()
2022-03-27 07:37:47,569:INFO:plot_model(plot=boundary, fold=None, use_train_data=False, verbose=True, display=None, estimator=XGBClassifier(base_score=0.5, booster='gbtree', colsample_bylevel=1,
              colsample_bynode=1, colsample_bytree=1, enable_categorical=False,
              gamma=0, gpu_id=-1, importance_type=None,
              interaction_constraints='', learning_rate=0.300000012,
              max_delta_step=0, max_depth=6, min_child_weight=1, missing=nan,
              monotone_constraints='()', n_estimators=100, n_jobs=-1,
              num_parallel_tree=1, objective='binary:logistic',
              predictor='auto', random_state=100, reg_alpha=0, reg_lambda=1,
              scale_pos_weight=1, subsample=1, tree_method='auto',
              use_label_encoder=True, validate_parameters=1, verbosity=0), feature_name=None, fit_kwargs=None, groups=None, label=False, save=False, scale=1, system=True)
2022-03-27 07:37:47,569:INFO:Checking exceptions
2022-03-27 07:37:47,573:INFO:Preparing display monitor
2022-03-27 07:37:47,578:INFO:Preloading libraries
2022-03-27 07:37:47,599:INFO:Copying training dataset
2022-03-27 07:37:47,602:INFO:Copying test dataset
2022-03-27 07:37:47,603:INFO:Plot type: boundary
2022-03-27 07:37:47,610:INFO:Fitting StandardScaler()
2022-03-27 07:37:47,647:INFO:Fitting PCA()
2022-03-27 07:37:47,783:INFO:Fitting Model
2022-03-27 07:38:08,890:INFO:Visual Rendered Successfully
2022-03-27 07:38:09,052:INFO:plot_model() succesfully completed......................................
2022-03-27 07:38:09,064:INFO:Initializing interpret_model()
2022-03-27 07:38:09,064:INFO:interpret_model(estimator=XGBClassifier(base_score=0.5, booster='gbtree', colsample_bylevel=1,
              colsample_bynode=1, colsample_bytree=1, enable_categorical=False,
              gamma=0, gpu_id=-1, importance_type=None,
              interaction_constraints='', learning_rate=0.300000012,
              max_delta_step=0, max_depth=6, min_child_weight=1, missing=nan,
              monotone_constraints='()', n_estimators=100, n_jobs=-1,
              num_parallel_tree=1, objective='binary:logistic',
              predictor='auto', random_state=100, reg_alpha=0, reg_lambda=1,
              scale_pos_weight=1, subsample=1, tree_method='auto',
              use_label_encoder=True, validate_parameters=1, verbosity=0), plot=summary, use_train_data=False, feature=None, kwargs={}, observation=None)
2022-03-27 07:38:09,064:INFO:Checking exceptions
2022-03-27 07:38:09,214:INFO:plot type: summary
2022-03-27 07:38:09,214:INFO:Creating TreeExplainer
2022-03-27 07:38:09,278:INFO:Compiling shap values
2022-03-27 07:38:17,441:INFO:Visual Rendered Successfully
2022-03-27 07:38:17,441:INFO:interpret_model() succesfully completed......................................
2022-03-27 07:38:17,593:INFO:Initializing predict_model()
2022-03-27 07:38:17,593:INFO:predict_model(estimator=XGBClassifier(base_score=0.5, booster='gbtree', colsample_bylevel=1,
              colsample_bynode=1, colsample_bytree=1, enable_categorical=False,
              gamma=0, gpu_id=-1, importance_type=None,
              interaction_constraints='', learning_rate=0.300000012,
              max_delta_step=0, max_depth=6, min_child_weight=1, missing=nan,
              monotone_constraints='()', n_estimators=100, n_jobs=-1,
              num_parallel_tree=1, objective='binary:logistic',
              predictor='auto', random_state=100, reg_alpha=0, reg_lambda=1,
              scale_pos_weight=1, subsample=1, tree_method='auto',
              use_label_encoder=True, validate_parameters=1, verbosity=0), probability_threshold=None, encoded_labels=False, round=4, verbose=True, ml_usecase=MLUsecase.CLASSIFICATION, display=None)
2022-03-27 07:38:17,594:INFO:Checking exceptions
2022-03-27 07:38:17,594:INFO:Preloading libraries
2022-03-27 07:38:17,594:INFO:Preparing display monitor
2022-03-27 07:38:18,020:INFO:Initializing predict_model()
2022-03-27 07:38:18,020:INFO:predict_model(estimator=XGBClassifier(base_score=0.5, booster='gbtree', colsample_bylevel=1,
              colsample_bynode=1, colsample_bytree=1, enable_categorical=False,
              gamma=0, gpu_id=-1, importance_type=None,
              interaction_constraints='', learning_rate=0.300000012,
              max_delta_step=0, max_depth=6, min_child_weight=1, missing=nan,
              monotone_constraints='()', n_estimators=100, n_jobs=-1,
              num_parallel_tree=1, objective='binary:logistic',
              predictor='auto', random_state=100, reg_alpha=0, reg_lambda=1,
              scale_pos_weight=1, subsample=1, tree_method='auto',
              use_label_encoder=True, validate_parameters=1, verbosity=0), probability_threshold=None, encoded_labels=False, round=4, verbose=True, ml_usecase=MLUsecase.CLASSIFICATION, display=None)
2022-03-27 07:38:18,020:INFO:Checking exceptions
2022-03-27 07:38:18,020:INFO:Preloading libraries
2022-03-27 07:38:18,020:INFO:Preparing display monitor
