2022-03-25 07:40:13,433:INFO:PyCaret Supervised Module
2022-03-25 07:40:13,433:INFO:ML Usecase: classification
2022-03-25 07:40:13,433:INFO:version 2.2.2
2022-03-25 07:40:13,433:INFO:Initializing setup()
2022-03-25 07:40:13,433:INFO:setup(target=RainTomorrow, ml_usecase=classification, available_plots={'parameter': 'Hyperparameters', 'auc': 'AUC', 'confusion_matrix': 'Confusion Matrix', 'threshold': 'Threshold', 'pr': 'Precision Recall', 'error': 'Prediction Error', 'class_report': 'Class Report', 'rfe': 'Feature Selection', 'learning': 'Learning Curve', 'manifold': 'Manifold Learning', 'calibration': 'Calibration Curve', 'vc': 'Validation Curve', 'dimension': 'Dimensions', 'feature': 'Feature Importance', 'feature_all': 'Feature Importance (All)', 'boundary': 'Decision Boundary', 'lift': 'Lift Chart', 'gain': 'Gain Chart', 'tree': 'Decision Tree'}, train_size=0.7, test_data=None, preprocess=True, imputation_type=simple, iterative_imputation_iters=5, categorical_features=None, categorical_imputation=constant, categorical_iterative_imputer=lightgbm, ordinal_features=None, high_cardinality_features=None, high_cardinality_method=frequency, numeric_features=None, numeric_imputation=mean, numeric_iterative_imputer=lightgbm, date_features=None, ignore_features=None, normalize=False, normalize_method=zscore, transformation=False, transformation_method=yeo-johnson, handle_unknown_categorical=True, unknown_categorical_method=least_frequent, pca=False, pca_method=linear, pca_components=None, ignore_low_variance=False, combine_rare_levels=False, rare_level_threshold=0.1, bin_numeric_features=None, remove_outliers=False, outliers_threshold=0.05, remove_multicollinearity=False, multicollinearity_threshold=0.9, remove_perfect_collinearity=True, create_clusters=False, cluster_iter=20, polynomial_features=False, polynomial_degree=2, trigonometry_features=False, polynomial_threshold=0.1, group_features=None, group_names=None, feature_selection=False, feature_selection_threshold=0.8, feature_selection_method=classic, feature_interaction=False, feature_ratio=False, interaction_threshold=0.01, fix_imbalance=False, fix_imbalance_method=None, transform_target=False, transform_target_method=box-cox, data_split_shuffle=True, data_split_stratify=False, fold_strategy=stratifiedkfold, fold=10, fold_shuffle=False, fold_groups=None, n_jobs=-1, use_gpu=False, custom_pipeline=None, html=True, session_id=None, log_experiment=False, experiment_name=None, log_plots=False, log_profile=False, log_data=False, silent=False, verbose=True, profile=False, profile_kwargs=None, display=None)
2022-03-25 07:40:13,434:INFO:Checking environment
2022-03-25 07:40:13,434:INFO:python_version: 3.9.7
2022-03-25 07:40:13,434:INFO:python_build: ('default', 'Sep 16 2021 16:59:28')
2022-03-25 07:40:13,434:INFO:machine: AMD64
2022-03-25 07:40:13,434:INFO:platform: Windows-10-10.0.22000-SP0
2022-03-25 07:40:13,434:INFO:Memory: svmem(total=16954339328, available=9027747840, percent=46.8, used=7926591488, free=9027747840)
2022-03-25 07:40:13,435:INFO:Physical Core: 8
2022-03-25 07:40:13,435:INFO:Logical Core: 16
2022-03-25 07:40:13,435:INFO:Checking libraries
2022-03-25 07:40:13,435:INFO:pd==1.4.1
2022-03-25 07:40:13,435:INFO:numpy==1.21.5
2022-03-25 07:40:13,435:INFO:sklearn==1.0.2
2022-03-25 07:40:13,435:INFO:xgboost==1.5.2
2022-03-25 07:40:13,435:INFO:lightgbm==3.3.2
2022-03-25 07:40:13,500:INFO:catboost==1.0.4
2022-03-25 07:40:13,883:INFO:mlflow==1.24.0
2022-03-25 07:40:13,883:INFO:Checking Exceptions
2022-03-25 07:40:13,883:INFO:Declaring global variables
2022-03-25 07:40:13,883:INFO:USI: 5618
2022-03-25 07:40:13,883:INFO:pycaret_globals: {'imputation_classifier', 'logging_param', 'display_container', 'iterative_imputation_iters_param', '_internal_pipeline', 'pycaret_globals', 'exp_name_log', '_all_models_internal', 'stratify_param', 'experiment__', 'seed', 'log_plots_param', 'create_model_container', 'fix_imbalance_param', 'fix_imbalance_method_param', 'X_train', '_ml_usecase', 'fold_param', 'html_param', 'data_before_preprocess', 'target_param', 'transform_target_method_param', 'prep_pipe', 'y', 'n_jobs_param', 'X', 'imputation_regressor', 'fold_generator', '_gpu_n_jobs_param', 'gpu_param', '_all_models', 'fold_shuffle_param', '_all_metrics', 'USI', 'fold_groups_param', 'y_test', 'X_test', 'master_model_container', 'y_train', '_available_plots', 'transform_target_param'}
2022-03-25 07:40:13,883:INFO:Preparing display monitor
2022-03-25 07:40:13,883:INFO:Preparing display monitor
2022-03-25 07:40:13,891:INFO:Importing libraries
2022-03-25 07:40:13,891:INFO:Copying data for preprocessing
2022-03-25 07:40:13,902:INFO:Declaring preprocessing parameters
2022-03-25 07:40:13,915:INFO:Creating preprocessing pipeline
2022-03-25 07:40:14,092:INFO:Preprocessing pipeline created successfully
2022-03-25 07:40:14,092:ERROR:(Process Exit): setup has been interupted with user command 'quit'. setup must rerun.
2022-03-25 07:40:14,092:INFO:Creating global containers
2022-03-25 07:40:45,050:INFO:PyCaret Supervised Module
2022-03-25 07:40:45,050:INFO:ML Usecase: classification
2022-03-25 07:40:45,050:INFO:version 2.2.2
2022-03-25 07:40:45,050:INFO:Initializing setup()
2022-03-25 07:40:45,050:INFO:setup(target=RainTomorrow, ml_usecase=classification, available_plots={'parameter': 'Hyperparameters', 'auc': 'AUC', 'confusion_matrix': 'Confusion Matrix', 'threshold': 'Threshold', 'pr': 'Precision Recall', 'error': 'Prediction Error', 'class_report': 'Class Report', 'rfe': 'Feature Selection', 'learning': 'Learning Curve', 'manifold': 'Manifold Learning', 'calibration': 'Calibration Curve', 'vc': 'Validation Curve', 'dimension': 'Dimensions', 'feature': 'Feature Importance', 'feature_all': 'Feature Importance (All)', 'boundary': 'Decision Boundary', 'lift': 'Lift Chart', 'gain': 'Gain Chart', 'tree': 'Decision Tree'}, train_size=0.7, test_data=None, preprocess=True, imputation_type=simple, iterative_imputation_iters=5, categorical_features=None, categorical_imputation=constant, categorical_iterative_imputer=lightgbm, ordinal_features=None, high_cardinality_features=None, high_cardinality_method=frequency, numeric_features=None, numeric_imputation=mean, numeric_iterative_imputer=lightgbm, date_features=None, ignore_features=None, normalize=False, normalize_method=zscore, transformation=False, transformation_method=yeo-johnson, handle_unknown_categorical=True, unknown_categorical_method=least_frequent, pca=False, pca_method=linear, pca_components=None, ignore_low_variance=False, combine_rare_levels=False, rare_level_threshold=0.1, bin_numeric_features=None, remove_outliers=False, outliers_threshold=0.05, remove_multicollinearity=False, multicollinearity_threshold=0.9, remove_perfect_collinearity=True, create_clusters=False, cluster_iter=20, polynomial_features=False, polynomial_degree=2, trigonometry_features=False, polynomial_threshold=0.1, group_features=None, group_names=None, feature_selection=False, feature_selection_threshold=0.8, feature_selection_method=classic, feature_interaction=False, feature_ratio=False, interaction_threshold=0.01, fix_imbalance=False, fix_imbalance_method=None, transform_target=False, transform_target_method=box-cox, data_split_shuffle=True, data_split_stratify=False, fold_strategy=stratifiedkfold, fold=10, fold_shuffle=False, fold_groups=None, n_jobs=-1, use_gpu=False, custom_pipeline=None, html=True, session_id=None, log_experiment=False, experiment_name=None, log_plots=False, log_profile=False, log_data=False, silent=False, verbose=True, profile=False, profile_kwargs=None, display=None)
2022-03-25 07:40:45,050:INFO:Checking environment
2022-03-25 07:40:45,050:INFO:python_version: 3.9.7
2022-03-25 07:40:45,050:INFO:python_build: ('default', 'Sep 16 2021 16:59:28')
2022-03-25 07:40:45,050:INFO:machine: AMD64
2022-03-25 07:40:45,050:INFO:platform: Windows-10-10.0.22000-SP0
2022-03-25 07:40:45,050:INFO:Memory: svmem(total=16954339328, available=8905076736, percent=47.5, used=8049262592, free=8905076736)
2022-03-25 07:40:45,050:INFO:Physical Core: 8
2022-03-25 07:40:45,050:INFO:Logical Core: 16
2022-03-25 07:40:45,050:INFO:Checking libraries
2022-03-25 07:40:45,051:INFO:pd==1.4.1
2022-03-25 07:40:45,051:INFO:numpy==1.21.5
2022-03-25 07:40:45,051:INFO:sklearn==1.0.2
2022-03-25 07:40:45,051:INFO:xgboost==1.5.2
2022-03-25 07:40:45,051:INFO:lightgbm==3.3.2
2022-03-25 07:40:45,051:INFO:catboost==1.0.4
2022-03-25 07:40:45,051:INFO:mlflow==1.24.0
2022-03-25 07:40:45,051:INFO:Checking Exceptions
2022-03-25 07:40:45,051:INFO:Declaring global variables
2022-03-25 07:40:45,051:INFO:USI: 42b2
2022-03-25 07:40:45,051:INFO:pycaret_globals: {'imputation_classifier', 'logging_param', 'display_container', 'iterative_imputation_iters_param', '_internal_pipeline', 'pycaret_globals', 'exp_name_log', '_all_models_internal', 'stratify_param', 'experiment__', 'seed', 'log_plots_param', 'create_model_container', 'fix_imbalance_param', 'fix_imbalance_method_param', 'X_train', '_ml_usecase', 'fold_param', 'html_param', 'data_before_preprocess', 'target_param', 'transform_target_method_param', 'prep_pipe', 'y', 'n_jobs_param', 'X', 'imputation_regressor', 'fold_generator', '_gpu_n_jobs_param', 'gpu_param', '_all_models', 'fold_shuffle_param', '_all_metrics', 'USI', 'fold_groups_param', 'y_test', 'X_test', 'master_model_container', 'y_train', '_available_plots', 'transform_target_param'}
2022-03-25 07:40:45,051:INFO:Preparing display monitor
2022-03-25 07:40:45,051:INFO:Preparing display monitor
2022-03-25 07:40:45,060:INFO:Importing libraries
2022-03-25 07:40:45,060:INFO:Copying data for preprocessing
2022-03-25 07:40:45,072:INFO:Declaring preprocessing parameters
2022-03-25 07:40:45,085:INFO:Creating preprocessing pipeline
2022-03-25 07:40:45,252:INFO:Preprocessing pipeline created successfully
2022-03-25 07:40:45,256:ERROR:(Process Exit): setup has been interupted with user command 'quit'. setup must rerun.
2022-03-25 07:40:45,256:INFO:Creating global containers
2022-03-25 07:42:09,866:INFO:PyCaret Supervised Module
2022-03-25 07:42:09,866:INFO:ML Usecase: classification
2022-03-25 07:42:09,866:INFO:version 2.2.2
2022-03-25 07:42:09,866:INFO:Initializing setup()
2022-03-25 07:42:09,866:INFO:setup(target=RainTomorrow, ml_usecase=classification, available_plots={'parameter': 'Hyperparameters', 'auc': 'AUC', 'confusion_matrix': 'Confusion Matrix', 'threshold': 'Threshold', 'pr': 'Precision Recall', 'error': 'Prediction Error', 'class_report': 'Class Report', 'rfe': 'Feature Selection', 'learning': 'Learning Curve', 'manifold': 'Manifold Learning', 'calibration': 'Calibration Curve', 'vc': 'Validation Curve', 'dimension': 'Dimensions', 'feature': 'Feature Importance', 'feature_all': 'Feature Importance (All)', 'boundary': 'Decision Boundary', 'lift': 'Lift Chart', 'gain': 'Gain Chart', 'tree': 'Decision Tree'}, train_size=0.7, test_data=None, preprocess=True, imputation_type=simple, iterative_imputation_iters=5, categorical_features=None, categorical_imputation=constant, categorical_iterative_imputer=lightgbm, ordinal_features=None, high_cardinality_features=None, high_cardinality_method=frequency, numeric_features=None, numeric_imputation=mean, numeric_iterative_imputer=lightgbm, date_features=None, ignore_features=None, normalize=False, normalize_method=zscore, transformation=False, transformation_method=yeo-johnson, handle_unknown_categorical=True, unknown_categorical_method=least_frequent, pca=False, pca_method=linear, pca_components=None, ignore_low_variance=False, combine_rare_levels=False, rare_level_threshold=0.1, bin_numeric_features=None, remove_outliers=False, outliers_threshold=0.05, remove_multicollinearity=False, multicollinearity_threshold=0.9, remove_perfect_collinearity=True, create_clusters=False, cluster_iter=20, polynomial_features=False, polynomial_degree=2, trigonometry_features=False, polynomial_threshold=0.1, group_features=None, group_names=None, feature_selection=False, feature_selection_threshold=0.8, feature_selection_method=classic, feature_interaction=False, feature_ratio=False, interaction_threshold=0.01, fix_imbalance=False, fix_imbalance_method=None, transform_target=False, transform_target_method=box-cox, data_split_shuffle=True, data_split_stratify=False, fold_strategy=stratifiedkfold, fold=10, fold_shuffle=True, fold_groups=None, n_jobs=-1, use_gpu=False, custom_pipeline=None, html=True, session_id=None, log_experiment=False, experiment_name=None, log_plots=False, log_profile=False, log_data=False, silent=False, verbose=True, profile=False, profile_kwargs=None, display=None)
2022-03-25 07:42:09,866:INFO:Checking environment
2022-03-25 07:42:09,866:INFO:python_version: 3.9.7
2022-03-25 07:42:09,866:INFO:python_build: ('default', 'Sep 16 2021 16:59:28')
2022-03-25 07:42:09,866:INFO:machine: AMD64
2022-03-25 07:42:09,866:INFO:platform: Windows-10-10.0.22000-SP0
2022-03-25 07:42:09,866:INFO:Memory: svmem(total=16954339328, available=8830054400, percent=47.9, used=8124284928, free=8830054400)
2022-03-25 07:42:09,866:INFO:Physical Core: 8
2022-03-25 07:42:09,866:INFO:Logical Core: 16
2022-03-25 07:42:09,866:INFO:Checking libraries
2022-03-25 07:42:09,866:INFO:pd==1.4.1
2022-03-25 07:42:09,866:INFO:numpy==1.21.5
2022-03-25 07:42:09,866:INFO:sklearn==1.0.2
2022-03-25 07:42:09,866:INFO:xgboost==1.5.2
2022-03-25 07:42:09,867:INFO:lightgbm==3.3.2
2022-03-25 07:42:09,867:INFO:catboost==1.0.4
2022-03-25 07:42:09,867:INFO:mlflow==1.24.0
2022-03-25 07:42:09,867:INFO:Checking Exceptions
2022-03-25 07:42:09,867:INFO:Declaring global variables
2022-03-25 07:42:09,867:INFO:USI: e071
2022-03-25 07:42:09,867:INFO:pycaret_globals: {'imputation_classifier', 'logging_param', 'display_container', 'iterative_imputation_iters_param', '_internal_pipeline', 'pycaret_globals', 'exp_name_log', '_all_models_internal', 'stratify_param', 'experiment__', 'seed', 'log_plots_param', 'create_model_container', 'fix_imbalance_param', 'fix_imbalance_method_param', 'X_train', '_ml_usecase', 'fold_param', 'html_param', 'data_before_preprocess', 'target_param', 'transform_target_method_param', 'prep_pipe', 'y', 'n_jobs_param', 'X', 'imputation_regressor', 'fold_generator', '_gpu_n_jobs_param', 'gpu_param', '_all_models', 'fold_shuffle_param', '_all_metrics', 'USI', 'fold_groups_param', 'y_test', 'X_test', 'master_model_container', 'y_train', '_available_plots', 'transform_target_param'}
2022-03-25 07:42:09,867:INFO:Preparing display monitor
2022-03-25 07:42:09,867:INFO:Preparing display monitor
2022-03-25 07:42:09,875:INFO:Importing libraries
2022-03-25 07:42:09,875:INFO:Copying data for preprocessing
2022-03-25 07:42:09,886:INFO:Declaring preprocessing parameters
2022-03-25 07:42:09,899:INFO:Creating preprocessing pipeline
2022-03-25 07:42:10,070:INFO:Preprocessing pipeline created successfully
2022-03-25 07:42:10,070:ERROR:(Process Exit): setup has been interupted with user command 'quit'. setup must rerun.
2022-03-25 07:42:10,070:INFO:Creating global containers
2022-03-25 07:42:10,070:INFO:Internal pipeline: Pipeline(memory=None, steps=[('empty_step', 'passthrough')], verbose=False)
2022-03-25 07:42:25,171:INFO:Creating grid variables
2022-03-25 07:42:25,186:INFO:create_model_container: 0
2022-03-25 07:42:25,186:INFO:master_model_container: 0
2022-03-25 07:42:25,186:INFO:display_container: 0
2022-03-25 07:43:56,626:INFO:PyCaret Supervised Module
2022-03-25 07:43:56,626:INFO:ML Usecase: classification
2022-03-25 07:43:56,626:INFO:version 2.2.2
2022-03-25 07:43:56,626:INFO:Initializing setup()
2022-03-25 07:43:56,626:INFO:setup(target=RainTomorrow, ml_usecase=classification, available_plots={'parameter': 'Hyperparameters', 'auc': 'AUC', 'confusion_matrix': 'Confusion Matrix', 'threshold': 'Threshold', 'pr': 'Precision Recall', 'error': 'Prediction Error', 'class_report': 'Class Report', 'rfe': 'Feature Selection', 'learning': 'Learning Curve', 'manifold': 'Manifold Learning', 'calibration': 'Calibration Curve', 'vc': 'Validation Curve', 'dimension': 'Dimensions', 'feature': 'Feature Importance', 'feature_all': 'Feature Importance (All)', 'boundary': 'Decision Boundary', 'lift': 'Lift Chart', 'gain': 'Gain Chart', 'tree': 'Decision Tree'}, train_size=0.7, test_data=None, preprocess=True, imputation_type=simple, iterative_imputation_iters=5, categorical_features=None, categorical_imputation=constant, categorical_iterative_imputer=lightgbm, ordinal_features=None, high_cardinality_features=None, high_cardinality_method=frequency, numeric_features=None, numeric_imputation=mean, numeric_iterative_imputer=lightgbm, date_features=None, ignore_features=None, normalize=False, normalize_method=zscore, transformation=False, transformation_method=yeo-johnson, handle_unknown_categorical=True, unknown_categorical_method=least_frequent, pca=False, pca_method=linear, pca_components=None, ignore_low_variance=False, combine_rare_levels=False, rare_level_threshold=0.1, bin_numeric_features=None, remove_outliers=False, outliers_threshold=0.05, remove_multicollinearity=False, multicollinearity_threshold=0.9, remove_perfect_collinearity=True, create_clusters=False, cluster_iter=20, polynomial_features=False, polynomial_degree=2, trigonometry_features=False, polynomial_threshold=0.1, group_features=None, group_names=None, feature_selection=False, feature_selection_threshold=0.8, feature_selection_method=classic, feature_interaction=False, feature_ratio=False, interaction_threshold=0.01, fix_imbalance=False, fix_imbalance_method=None, transform_target=False, transform_target_method=box-cox, data_split_shuffle=True, data_split_stratify=False, fold_strategy=stratifiedkfold, fold=10, fold_shuffle=True, fold_groups=None, n_jobs=-1, use_gpu=False, custom_pipeline=None, html=True, session_id=None, log_experiment=False, experiment_name=None, log_plots=False, log_profile=False, log_data=False, silent=False, verbose=True, profile=False, profile_kwargs=None, display=None)
2022-03-25 07:43:56,626:INFO:Checking environment
2022-03-25 07:43:56,626:INFO:python_version: 3.9.7
2022-03-25 07:43:56,626:INFO:python_build: ('default', 'Sep 16 2021 16:59:28')
2022-03-25 07:43:56,626:INFO:machine: AMD64
2022-03-25 07:43:56,626:INFO:platform: Windows-10-10.0.22000-SP0
2022-03-25 07:43:56,626:INFO:Memory: svmem(total=16954339328, available=8778113024, percent=48.2, used=8176226304, free=8778113024)
2022-03-25 07:43:56,626:INFO:Physical Core: 8
2022-03-25 07:43:56,626:INFO:Logical Core: 16
2022-03-25 07:43:56,626:INFO:Checking libraries
2022-03-25 07:43:56,626:INFO:pd==1.4.1
2022-03-25 07:43:56,626:INFO:numpy==1.21.5
2022-03-25 07:43:56,628:INFO:sklearn==1.0.2
2022-03-25 07:43:56,628:INFO:xgboost==1.5.2
2022-03-25 07:43:56,628:INFO:lightgbm==3.3.2
2022-03-25 07:43:56,628:INFO:catboost==1.0.4
2022-03-25 07:43:56,628:INFO:mlflow==1.24.0
2022-03-25 07:43:56,628:INFO:Checking Exceptions
2022-03-25 07:43:56,628:INFO:Declaring global variables
2022-03-25 07:43:56,628:INFO:USI: f08f
2022-03-25 07:43:56,628:INFO:pycaret_globals: {'imputation_classifier', 'logging_param', 'display_container', 'iterative_imputation_iters_param', '_internal_pipeline', 'pycaret_globals', 'exp_name_log', '_all_models_internal', 'stratify_param', 'experiment__', 'seed', 'log_plots_param', 'create_model_container', 'fix_imbalance_param', 'fix_imbalance_method_param', 'X_train', '_ml_usecase', 'fold_param', 'html_param', 'data_before_preprocess', 'target_param', 'transform_target_method_param', 'prep_pipe', 'y', 'n_jobs_param', 'X', 'imputation_regressor', 'fold_generator', '_gpu_n_jobs_param', 'gpu_param', '_all_models', 'fold_shuffle_param', '_all_metrics', 'USI', 'fold_groups_param', 'y_test', 'X_test', 'master_model_container', 'y_train', '_available_plots', 'transform_target_param'}
2022-03-25 07:43:56,628:INFO:Preparing display monitor
2022-03-25 07:43:56,628:INFO:Preparing display monitor
2022-03-25 07:43:56,636:INFO:Importing libraries
2022-03-25 07:43:56,636:INFO:Copying data for preprocessing
2022-03-25 07:43:56,650:INFO:Declaring preprocessing parameters
2022-03-25 07:43:56,663:INFO:Creating preprocessing pipeline
2022-03-25 07:43:56,836:INFO:Preprocessing pipeline created successfully
2022-03-25 07:43:56,836:ERROR:(Process Exit): setup has been interupted with user command 'quit'. setup must rerun.
2022-03-25 07:43:56,836:INFO:Creating global containers
2022-03-25 07:43:56,836:INFO:Internal pipeline: Pipeline(memory=None, steps=[('empty_step', 'passthrough')], verbose=False)
2022-03-25 07:44:00,045:INFO:Creating grid variables
2022-03-25 07:44:00,057:INFO:create_model_container: 0
2022-03-25 07:44:00,057:INFO:master_model_container: 0
2022-03-25 07:44:00,057:INFO:display_container: 0
2022-03-25 07:47:05,190:INFO:PyCaret Supervised Module
2022-03-25 07:47:05,194:INFO:ML Usecase: classification
2022-03-25 07:47:05,194:INFO:version 2.2.2
2022-03-25 07:47:05,194:INFO:Initializing setup()
2022-03-25 07:47:05,194:INFO:setup(target=RainTomorrow, ml_usecase=classification, available_plots={'parameter': 'Hyperparameters', 'auc': 'AUC', 'confusion_matrix': 'Confusion Matrix', 'threshold': 'Threshold', 'pr': 'Precision Recall', 'error': 'Prediction Error', 'class_report': 'Class Report', 'rfe': 'Feature Selection', 'learning': 'Learning Curve', 'manifold': 'Manifold Learning', 'calibration': 'Calibration Curve', 'vc': 'Validation Curve', 'dimension': 'Dimensions', 'feature': 'Feature Importance', 'feature_all': 'Feature Importance (All)', 'boundary': 'Decision Boundary', 'lift': 'Lift Chart', 'gain': 'Gain Chart', 'tree': 'Decision Tree'}, train_size=0.7, test_data=None, preprocess=True, imputation_type=iterative, iterative_imputation_iters=5, categorical_features=None, categorical_imputation=constant, categorical_iterative_imputer=lightgbm, ordinal_features=None, high_cardinality_features=None, high_cardinality_method=frequency, numeric_features=None, numeric_imputation=mean, numeric_iterative_imputer=lightgbm, date_features=None, ignore_features=None, normalize=False, normalize_method=zscore, transformation=False, transformation_method=yeo-johnson, handle_unknown_categorical=True, unknown_categorical_method=least_frequent, pca=False, pca_method=linear, pca_components=None, ignore_low_variance=False, combine_rare_levels=False, rare_level_threshold=0.1, bin_numeric_features=None, remove_outliers=False, outliers_threshold=0.05, remove_multicollinearity=False, multicollinearity_threshold=0.9, remove_perfect_collinearity=True, create_clusters=False, cluster_iter=20, polynomial_features=False, polynomial_degree=2, trigonometry_features=False, polynomial_threshold=0.1, group_features=None, group_names=None, feature_selection=False, feature_selection_threshold=0.8, feature_selection_method=classic, feature_interaction=False, feature_ratio=False, interaction_threshold=0.01, fix_imbalance=False, fix_imbalance_method=None, transform_target=False, transform_target_method=box-cox, data_split_shuffle=True, data_split_stratify=False, fold_strategy=stratifiedkfold, fold=10, fold_shuffle=True, fold_groups=None, n_jobs=-1, use_gpu=False, custom_pipeline=None, html=True, session_id=None, log_experiment=False, experiment_name=None, log_plots=False, log_profile=False, log_data=False, silent=False, verbose=True, profile=False, profile_kwargs=None, display=None)
2022-03-25 07:47:05,194:INFO:Checking environment
2022-03-25 07:47:05,194:INFO:python_version: 3.9.7
2022-03-25 07:47:05,194:INFO:python_build: ('default', 'Sep 16 2021 16:59:28')
2022-03-25 07:47:05,194:INFO:machine: AMD64
2022-03-25 07:47:05,194:INFO:platform: Windows-10-10.0.22000-SP0
2022-03-25 07:47:05,194:INFO:Memory: svmem(total=16954339328, available=8620183552, percent=49.2, used=8334155776, free=8620183552)
2022-03-25 07:47:05,194:INFO:Physical Core: 8
2022-03-25 07:47:05,194:INFO:Logical Core: 16
2022-03-25 07:47:05,194:INFO:Checking libraries
2022-03-25 07:47:05,194:INFO:pd==1.4.1
2022-03-25 07:47:05,194:INFO:numpy==1.21.5
2022-03-25 07:47:05,194:INFO:sklearn==1.0.2
2022-03-25 07:47:05,194:INFO:xgboost==1.5.2
2022-03-25 07:47:05,194:INFO:lightgbm==3.3.2
2022-03-25 07:47:05,194:INFO:catboost==1.0.4
2022-03-25 07:47:05,194:INFO:mlflow==1.24.0
2022-03-25 07:47:05,194:INFO:Checking Exceptions
2022-03-25 07:47:05,194:INFO:Declaring global variables
2022-03-25 07:47:05,194:INFO:USI: 64b2
2022-03-25 07:47:05,194:INFO:pycaret_globals: {'imputation_classifier', 'logging_param', 'display_container', 'iterative_imputation_iters_param', '_internal_pipeline', 'pycaret_globals', 'exp_name_log', '_all_models_internal', 'stratify_param', 'experiment__', 'seed', 'log_plots_param', 'create_model_container', 'fix_imbalance_param', 'fix_imbalance_method_param', 'X_train', '_ml_usecase', 'fold_param', 'html_param', 'data_before_preprocess', 'target_param', 'transform_target_method_param', 'prep_pipe', 'y', 'n_jobs_param', 'X', 'imputation_regressor', 'fold_generator', '_gpu_n_jobs_param', 'gpu_param', '_all_models', 'fold_shuffle_param', '_all_metrics', 'USI', 'fold_groups_param', 'y_test', 'X_test', 'master_model_container', 'y_train', '_available_plots', 'transform_target_param'}
2022-03-25 07:47:05,194:INFO:Preparing display monitor
2022-03-25 07:47:05,194:INFO:Preparing display monitor
2022-03-25 07:47:05,202:INFO:Importing libraries
2022-03-25 07:47:05,202:INFO:Copying data for preprocessing
2022-03-25 07:47:05,215:INFO:Declaring preprocessing parameters
2022-03-25 07:47:05,227:INFO:Setting up iterative imputation
2022-03-25 07:47:05,402:INFO:Creating preprocessing pipeline
2022-03-25 07:47:05,566:INFO:Preprocessing pipeline created successfully
2022-03-25 07:47:05,570:ERROR:(Process Exit): setup has been interupted with user command 'quit'. setup must rerun.
2022-03-25 07:47:05,570:INFO:Creating global containers
2022-03-25 07:47:05,570:INFO:Internal pipeline: Pipeline(memory=None, steps=[('empty_step', 'passthrough')], verbose=False)
2022-03-25 07:47:08,862:INFO:Creating grid variables
2022-03-25 07:47:08,874:INFO:create_model_container: 0
2022-03-25 07:47:08,874:INFO:master_model_container: 0
2022-03-25 07:47:08,874:INFO:display_container: 0
2022-03-25 07:48:36,924:INFO:PyCaret Supervised Module
2022-03-25 07:48:36,924:INFO:ML Usecase: classification
2022-03-25 07:48:36,924:INFO:version 2.2.2
2022-03-25 07:48:36,924:INFO:Initializing setup()
2022-03-25 07:48:36,924:INFO:setup(target=RainTomorrow, ml_usecase=classification, available_plots={'parameter': 'Hyperparameters', 'auc': 'AUC', 'confusion_matrix': 'Confusion Matrix', 'threshold': 'Threshold', 'pr': 'Precision Recall', 'error': 'Prediction Error', 'class_report': 'Class Report', 'rfe': 'Feature Selection', 'learning': 'Learning Curve', 'manifold': 'Manifold Learning', 'calibration': 'Calibration Curve', 'vc': 'Validation Curve', 'dimension': 'Dimensions', 'feature': 'Feature Importance', 'feature_all': 'Feature Importance (All)', 'boundary': 'Decision Boundary', 'lift': 'Lift Chart', 'gain': 'Gain Chart', 'tree': 'Decision Tree'}, train_size=0.7, test_data=None, preprocess=True, imputation_type=iterative, iterative_imputation_iters=5, categorical_features=None, categorical_imputation=constant, categorical_iterative_imputer=lightgbm, ordinal_features=None, high_cardinality_features=None, high_cardinality_method=frequency, numeric_features=None, numeric_imputation=mean, numeric_iterative_imputer=lightgbm, date_features=None, ignore_features=None, normalize=False, normalize_method=zscore, transformation=False, transformation_method=yeo-johnson, handle_unknown_categorical=True, unknown_categorical_method=least_frequent, pca=False, pca_method=linear, pca_components=None, ignore_low_variance=False, combine_rare_levels=False, rare_level_threshold=0.1, bin_numeric_features=None, remove_outliers=False, outliers_threshold=0.05, remove_multicollinearity=True, multicollinearity_threshold=0.95, remove_perfect_collinearity=True, create_clusters=False, cluster_iter=20, polynomial_features=False, polynomial_degree=2, trigonometry_features=False, polynomial_threshold=0.1, group_features=None, group_names=None, feature_selection=False, feature_selection_threshold=0.8, feature_selection_method=classic, feature_interaction=False, feature_ratio=False, interaction_threshold=0.01, fix_imbalance=True, fix_imbalance_method=None, transform_target=False, transform_target_method=box-cox, data_split_shuffle=True, data_split_stratify=False, fold_strategy=stratifiedkfold, fold=10, fold_shuffle=True, fold_groups=None, n_jobs=-1, use_gpu=False, custom_pipeline=None, html=True, session_id=None, log_experiment=False, experiment_name=None, log_plots=False, log_profile=False, log_data=False, silent=False, verbose=True, profile=False, profile_kwargs=None, display=None)
2022-03-25 07:48:36,924:INFO:Checking environment
2022-03-25 07:48:36,924:INFO:python_version: 3.9.7
2022-03-25 07:48:36,924:INFO:python_build: ('default', 'Sep 16 2021 16:59:28')
2022-03-25 07:48:36,924:INFO:machine: AMD64
2022-03-25 07:48:36,925:INFO:platform: Windows-10-10.0.22000-SP0
2022-03-25 07:48:36,925:INFO:Memory: svmem(total=16954339328, available=8405352448, percent=50.4, used=8548986880, free=8405352448)
2022-03-25 07:48:36,925:INFO:Physical Core: 8
2022-03-25 07:48:36,925:INFO:Logical Core: 16
2022-03-25 07:48:36,925:INFO:Checking libraries
2022-03-25 07:48:36,925:INFO:pd==1.4.1
2022-03-25 07:48:36,925:INFO:numpy==1.21.5
2022-03-25 07:48:36,925:INFO:sklearn==1.0.2
2022-03-25 07:48:36,925:INFO:xgboost==1.5.2
2022-03-25 07:48:36,925:INFO:lightgbm==3.3.2
2022-03-25 07:48:36,925:INFO:catboost==1.0.4
2022-03-25 07:48:36,925:INFO:mlflow==1.24.0
2022-03-25 07:48:36,925:INFO:Checking Exceptions
2022-03-25 07:48:36,925:INFO:Declaring global variables
2022-03-25 07:48:36,925:INFO:USI: 5877
2022-03-25 07:48:36,925:INFO:pycaret_globals: {'imputation_classifier', 'logging_param', 'display_container', 'iterative_imputation_iters_param', '_internal_pipeline', 'pycaret_globals', 'exp_name_log', '_all_models_internal', 'stratify_param', 'experiment__', 'seed', 'log_plots_param', 'create_model_container', 'fix_imbalance_param', 'fix_imbalance_method_param', 'X_train', '_ml_usecase', 'fold_param', 'html_param', 'data_before_preprocess', 'target_param', 'transform_target_method_param', 'prep_pipe', 'y', 'n_jobs_param', 'X', 'imputation_regressor', 'fold_generator', '_gpu_n_jobs_param', 'gpu_param', '_all_models', 'fold_shuffle_param', '_all_metrics', 'USI', 'fold_groups_param', 'y_test', 'X_test', 'master_model_container', 'y_train', '_available_plots', 'transform_target_param'}
2022-03-25 07:48:36,925:INFO:Preparing display monitor
2022-03-25 07:48:36,925:INFO:Preparing display monitor
2022-03-25 07:48:36,933:INFO:Importing libraries
2022-03-25 07:48:36,934:INFO:Copying data for preprocessing
2022-03-25 07:48:36,944:INFO:Declaring preprocessing parameters
2022-03-25 07:48:36,959:INFO:Setting up iterative imputation
2022-03-25 07:48:37,136:INFO:Creating preprocessing pipeline
2022-03-25 07:48:37,308:INFO:Preprocessing pipeline created successfully
2022-03-25 07:48:37,308:ERROR:(Process Exit): setup has been interupted with user command 'quit'. setup must rerun.
2022-03-25 07:48:37,308:INFO:Creating global containers
2022-03-25 07:48:37,308:INFO:Internal pipeline: Pipeline(memory=None,
         steps=[('fix_imbalance',
                 SMOTE(k_neighbors=5, n_jobs=None, random_state=4683,
                       sampling_strategy='auto'))],
         verbose=False)
2022-03-25 07:48:40,539:INFO:Creating grid variables
2022-03-25 07:48:40,552:INFO:create_model_container: 0
2022-03-25 07:48:40,552:INFO:master_model_container: 0
2022-03-25 07:48:40,552:INFO:display_container: 0
2022-03-25 07:51:41,224:INFO:PyCaret Supervised Module
2022-03-25 07:51:41,224:INFO:ML Usecase: classification
2022-03-25 07:51:41,224:INFO:version 2.2.2
2022-03-25 07:51:41,224:INFO:Initializing setup()
2022-03-25 07:51:41,224:INFO:setup(target=RainTomorrow, ml_usecase=classification, available_plots={'parameter': 'Hyperparameters', 'auc': 'AUC', 'confusion_matrix': 'Confusion Matrix', 'threshold': 'Threshold', 'pr': 'Precision Recall', 'error': 'Prediction Error', 'class_report': 'Class Report', 'rfe': 'Feature Selection', 'learning': 'Learning Curve', 'manifold': 'Manifold Learning', 'calibration': 'Calibration Curve', 'vc': 'Validation Curve', 'dimension': 'Dimensions', 'feature': 'Feature Importance', 'feature_all': 'Feature Importance (All)', 'boundary': 'Decision Boundary', 'lift': 'Lift Chart', 'gain': 'Gain Chart', 'tree': 'Decision Tree'}, train_size=0.7, test_data=None, preprocess=True, imputation_type=simple, iterative_imputation_iters=5, categorical_features=None, categorical_imputation=constant, categorical_iterative_imputer=lightgbm, ordinal_features=None, high_cardinality_features=None, high_cardinality_method=frequency, numeric_features=None, numeric_imputation=mean, numeric_iterative_imputer=lightgbm, date_features=None, ignore_features=None, normalize=False, normalize_method=zscore, transformation=False, transformation_method=yeo-johnson, handle_unknown_categorical=True, unknown_categorical_method=least_frequent, pca=False, pca_method=linear, pca_components=None, ignore_low_variance=False, combine_rare_levels=False, rare_level_threshold=0.1, bin_numeric_features=None, remove_outliers=False, outliers_threshold=0.05, remove_multicollinearity=True, multicollinearity_threshold=0.95, remove_perfect_collinearity=True, create_clusters=False, cluster_iter=20, polynomial_features=False, polynomial_degree=2, trigonometry_features=False, polynomial_threshold=0.1, group_features=None, group_names=None, feature_selection=False, feature_selection_threshold=0.8, feature_selection_method=classic, feature_interaction=False, feature_ratio=False, interaction_threshold=0.01, fix_imbalance=True, fix_imbalance_method=None, transform_target=False, transform_target_method=box-cox, data_split_shuffle=True, data_split_stratify=False, fold_strategy=stratifiedkfold, fold=10, fold_shuffle=True, fold_groups=None, n_jobs=-1, use_gpu=False, custom_pipeline=None, html=True, session_id=None, log_experiment=False, experiment_name=None, log_plots=False, log_profile=False, log_data=False, silent=False, verbose=True, profile=False, profile_kwargs=None, display=None)
2022-03-25 07:51:41,224:INFO:Checking environment
2022-03-25 07:51:41,224:INFO:python_version: 3.9.7
2022-03-25 07:51:41,224:INFO:python_build: ('default', 'Sep 16 2021 16:59:28')
2022-03-25 07:51:41,224:INFO:machine: AMD64
2022-03-25 07:51:41,224:INFO:platform: Windows-10-10.0.22000-SP0
2022-03-25 07:51:41,228:INFO:Memory: svmem(total=16954339328, available=8267837440, percent=51.2, used=8686501888, free=8267837440)
2022-03-25 07:51:41,228:INFO:Physical Core: 8
2022-03-25 07:51:41,228:INFO:Logical Core: 16
2022-03-25 07:51:41,228:INFO:Checking libraries
2022-03-25 07:51:41,228:INFO:pd==1.4.1
2022-03-25 07:51:41,228:INFO:numpy==1.21.5
2022-03-25 07:51:41,228:INFO:sklearn==1.0.2
2022-03-25 07:51:41,228:INFO:xgboost==1.5.2
2022-03-25 07:51:41,228:INFO:lightgbm==3.3.2
2022-03-25 07:51:41,228:INFO:catboost==1.0.4
2022-03-25 07:51:41,228:INFO:mlflow==1.24.0
2022-03-25 07:51:41,228:INFO:Checking Exceptions
2022-03-25 07:51:41,228:INFO:Declaring global variables
2022-03-25 07:51:41,228:INFO:USI: e003
2022-03-25 07:51:41,228:INFO:pycaret_globals: {'imputation_classifier', 'logging_param', 'display_container', 'iterative_imputation_iters_param', '_internal_pipeline', 'pycaret_globals', 'exp_name_log', '_all_models_internal', 'stratify_param', 'experiment__', 'seed', 'log_plots_param', 'create_model_container', 'fix_imbalance_param', 'fix_imbalance_method_param', 'X_train', '_ml_usecase', 'fold_param', 'html_param', 'data_before_preprocess', 'target_param', 'transform_target_method_param', 'prep_pipe', 'y', 'n_jobs_param', 'X', 'imputation_regressor', 'fold_generator', '_gpu_n_jobs_param', 'gpu_param', '_all_models', 'fold_shuffle_param', '_all_metrics', 'USI', 'fold_groups_param', 'y_test', 'X_test', 'master_model_container', 'y_train', '_available_plots', 'transform_target_param'}
2022-03-25 07:51:41,228:INFO:Preparing display monitor
2022-03-25 07:51:41,228:INFO:Preparing display monitor
2022-03-25 07:51:41,236:INFO:Importing libraries
2022-03-25 07:51:41,236:INFO:Copying data for preprocessing
2022-03-25 07:51:41,247:INFO:Declaring preprocessing parameters
2022-03-25 07:51:41,260:INFO:Creating preprocessing pipeline
2022-03-25 07:51:41,432:INFO:Preprocessing pipeline created successfully
2022-03-25 07:51:41,432:ERROR:(Process Exit): setup has been interupted with user command 'quit'. setup must rerun.
2022-03-25 07:51:41,432:INFO:Creating global containers
2022-03-25 07:51:41,432:INFO:Internal pipeline: Pipeline(memory=None,
         steps=[('fix_imbalance',
                 SMOTE(k_neighbors=5, n_jobs=None, random_state=2658,
                       sampling_strategy='auto'))],
         verbose=False)
2022-03-25 07:51:48,965:INFO:Creating grid variables
2022-03-25 07:51:48,979:INFO:create_model_container: 0
2022-03-25 07:51:48,979:INFO:master_model_container: 0
2022-03-25 07:51:48,979:INFO:display_container: 0
2022-03-25 07:52:23,860:INFO:PyCaret Supervised Module
2022-03-25 07:52:23,860:INFO:ML Usecase: classification
2022-03-25 07:52:23,860:INFO:version 2.2.2
2022-03-25 07:52:23,860:INFO:Initializing setup()
2022-03-25 07:52:23,860:INFO:setup(target=RainTomorrow, ml_usecase=classification, available_plots={'parameter': 'Hyperparameters', 'auc': 'AUC', 'confusion_matrix': 'Confusion Matrix', 'threshold': 'Threshold', 'pr': 'Precision Recall', 'error': 'Prediction Error', 'class_report': 'Class Report', 'rfe': 'Feature Selection', 'learning': 'Learning Curve', 'manifold': 'Manifold Learning', 'calibration': 'Calibration Curve', 'vc': 'Validation Curve', 'dimension': 'Dimensions', 'feature': 'Feature Importance', 'feature_all': 'Feature Importance (All)', 'boundary': 'Decision Boundary', 'lift': 'Lift Chart', 'gain': 'Gain Chart', 'tree': 'Decision Tree'}, train_size=0.7, test_data=None, preprocess=True, imputation_type=iterative, iterative_imputation_iters=5, categorical_features=None, categorical_imputation=constant, categorical_iterative_imputer=lightgbm, ordinal_features=None, high_cardinality_features=None, high_cardinality_method=frequency, numeric_features=None, numeric_imputation=mean, numeric_iterative_imputer=lightgbm, date_features=None, ignore_features=None, normalize=False, normalize_method=zscore, transformation=False, transformation_method=yeo-johnson, handle_unknown_categorical=True, unknown_categorical_method=least_frequent, pca=False, pca_method=linear, pca_components=None, ignore_low_variance=False, combine_rare_levels=False, rare_level_threshold=0.1, bin_numeric_features=None, remove_outliers=False, outliers_threshold=0.05, remove_multicollinearity=False, multicollinearity_threshold=0.9, remove_perfect_collinearity=True, create_clusters=False, cluster_iter=20, polynomial_features=False, polynomial_degree=2, trigonometry_features=False, polynomial_threshold=0.1, group_features=None, group_names=None, feature_selection=False, feature_selection_threshold=0.8, feature_selection_method=classic, feature_interaction=False, feature_ratio=False, interaction_threshold=0.01, fix_imbalance=False, fix_imbalance_method=None, transform_target=False, transform_target_method=box-cox, data_split_shuffle=True, data_split_stratify=False, fold_strategy=stratifiedkfold, fold=10, fold_shuffle=True, fold_groups=None, n_jobs=-1, use_gpu=False, custom_pipeline=None, html=True, session_id=None, log_experiment=False, experiment_name=None, log_plots=False, log_profile=False, log_data=False, silent=False, verbose=True, profile=False, profile_kwargs=None, display=None)
2022-03-25 07:52:23,860:INFO:Checking environment
2022-03-25 07:52:23,860:INFO:python_version: 3.9.7
2022-03-25 07:52:23,860:INFO:python_build: ('default', 'Sep 16 2021 16:59:28')
2022-03-25 07:52:23,860:INFO:machine: AMD64
2022-03-25 07:52:23,860:INFO:platform: Windows-10-10.0.22000-SP0
2022-03-25 07:52:23,861:INFO:Memory: svmem(total=16954339328, available=8272506880, percent=51.2, used=8681832448, free=8272506880)
2022-03-25 07:52:23,861:INFO:Physical Core: 8
2022-03-25 07:52:23,861:INFO:Logical Core: 16
2022-03-25 07:52:23,861:INFO:Checking libraries
2022-03-25 07:52:23,861:INFO:pd==1.4.1
2022-03-25 07:52:23,861:INFO:numpy==1.21.5
2022-03-25 07:52:23,861:INFO:sklearn==1.0.2
2022-03-25 07:52:23,861:INFO:xgboost==1.5.2
2022-03-25 07:52:23,861:INFO:lightgbm==3.3.2
2022-03-25 07:52:23,861:INFO:catboost==1.0.4
2022-03-25 07:52:23,861:INFO:mlflow==1.24.0
2022-03-25 07:52:23,861:INFO:Checking Exceptions
2022-03-25 07:52:23,861:INFO:Declaring global variables
2022-03-25 07:52:23,861:INFO:USI: 43e7
2022-03-25 07:52:23,861:INFO:pycaret_globals: {'imputation_classifier', 'logging_param', 'display_container', 'iterative_imputation_iters_param', '_internal_pipeline', 'pycaret_globals', 'exp_name_log', '_all_models_internal', 'stratify_param', 'experiment__', 'seed', 'log_plots_param', 'create_model_container', 'fix_imbalance_param', 'fix_imbalance_method_param', 'X_train', '_ml_usecase', 'fold_param', 'html_param', 'data_before_preprocess', 'target_param', 'transform_target_method_param', 'prep_pipe', 'y', 'n_jobs_param', 'X', 'imputation_regressor', 'fold_generator', '_gpu_n_jobs_param', 'gpu_param', '_all_models', 'fold_shuffle_param', '_all_metrics', 'USI', 'fold_groups_param', 'y_test', 'X_test', 'master_model_container', 'y_train', '_available_plots', 'transform_target_param'}
2022-03-25 07:52:23,861:INFO:Preparing display monitor
2022-03-25 07:52:23,861:INFO:Preparing display monitor
2022-03-25 07:52:23,870:INFO:Importing libraries
2022-03-25 07:52:23,870:INFO:Copying data for preprocessing
2022-03-25 07:52:23,881:INFO:Declaring preprocessing parameters
2022-03-25 07:52:23,895:INFO:Setting up iterative imputation
2022-03-25 07:52:24,066:INFO:Creating preprocessing pipeline
2022-03-25 07:52:24,234:INFO:Preprocessing pipeline created successfully
2022-03-25 07:52:24,234:ERROR:(Process Exit): setup has been interupted with user command 'quit'. setup must rerun.
2022-03-25 07:52:24,234:INFO:Creating global containers
2022-03-25 07:52:24,234:INFO:Internal pipeline: Pipeline(memory=None, steps=[('empty_step', 'passthrough')], verbose=False)
2022-03-25 07:52:34,093:INFO:Creating grid variables
2022-03-25 07:52:34,108:INFO:create_model_container: 0
2022-03-25 07:52:34,108:INFO:master_model_container: 0
2022-03-25 07:52:34,108:INFO:display_container: 0
2022-03-25 07:53:39,288:INFO:PyCaret Supervised Module
2022-03-25 07:53:39,288:INFO:ML Usecase: classification
2022-03-25 07:53:39,288:INFO:version 2.2.2
2022-03-25 07:53:39,288:INFO:Initializing setup()
2022-03-25 07:53:39,288:INFO:setup(target=RainTomorrow, ml_usecase=classification, available_plots={'parameter': 'Hyperparameters', 'auc': 'AUC', 'confusion_matrix': 'Confusion Matrix', 'threshold': 'Threshold', 'pr': 'Precision Recall', 'error': 'Prediction Error', 'class_report': 'Class Report', 'rfe': 'Feature Selection', 'learning': 'Learning Curve', 'manifold': 'Manifold Learning', 'calibration': 'Calibration Curve', 'vc': 'Validation Curve', 'dimension': 'Dimensions', 'feature': 'Feature Importance', 'feature_all': 'Feature Importance (All)', 'boundary': 'Decision Boundary', 'lift': 'Lift Chart', 'gain': 'Gain Chart', 'tree': 'Decision Tree'}, train_size=0.7, test_data=None, preprocess=True, imputation_type=iterative, iterative_imputation_iters=5, categorical_features=None, categorical_imputation=constant, categorical_iterative_imputer=lightgbm, ordinal_features=None, high_cardinality_features=None, high_cardinality_method=frequency, numeric_features=None, numeric_imputation=mean, numeric_iterative_imputer=lightgbm, date_features=None, ignore_features=None, normalize=False, normalize_method=zscore, transformation=False, transformation_method=yeo-johnson, handle_unknown_categorical=True, unknown_categorical_method=least_frequent, pca=False, pca_method=linear, pca_components=None, ignore_low_variance=False, combine_rare_levels=False, rare_level_threshold=0.1, bin_numeric_features=None, remove_outliers=False, outliers_threshold=0.05, remove_multicollinearity=False, multicollinearity_threshold=0.9, remove_perfect_collinearity=True, create_clusters=False, cluster_iter=20, polynomial_features=False, polynomial_degree=2, trigonometry_features=False, polynomial_threshold=0.1, group_features=None, group_names=None, feature_selection=False, feature_selection_threshold=0.8, feature_selection_method=classic, feature_interaction=False, feature_ratio=False, interaction_threshold=0.01, fix_imbalance=False, fix_imbalance_method=None, transform_target=False, transform_target_method=box-cox, data_split_shuffle=True, data_split_stratify=False, fold_strategy=stratifiedkfold, fold=10, fold_shuffle=True, fold_groups=None, n_jobs=-1, use_gpu=False, custom_pipeline=None, html=True, session_id=None, log_experiment=False, experiment_name=None, log_plots=False, log_profile=False, log_data=False, silent=False, verbose=True, profile=False, profile_kwargs=None, display=None)
2022-03-25 07:53:39,288:INFO:Checking environment
2022-03-25 07:53:39,288:INFO:python_version: 3.9.7
2022-03-25 07:53:39,288:INFO:python_build: ('default', 'Sep 16 2021 16:59:28')
2022-03-25 07:53:39,288:INFO:machine: AMD64
2022-03-25 07:53:39,288:INFO:platform: Windows-10-10.0.22000-SP0
2022-03-25 07:53:39,288:INFO:Memory: svmem(total=16954339328, available=8114417664, percent=52.1, used=8839921664, free=8114417664)
2022-03-25 07:53:39,288:INFO:Physical Core: 8
2022-03-25 07:53:39,289:INFO:Logical Core: 16
2022-03-25 07:53:39,289:INFO:Checking libraries
2022-03-25 07:53:39,289:INFO:pd==1.4.1
2022-03-25 07:53:39,289:INFO:numpy==1.21.5
2022-03-25 07:53:39,289:INFO:sklearn==1.0.2
2022-03-25 07:53:39,289:INFO:xgboost==1.5.2
2022-03-25 07:53:39,289:INFO:lightgbm==3.3.2
2022-03-25 07:53:39,289:INFO:catboost==1.0.4
2022-03-25 07:53:39,289:INFO:mlflow==1.24.0
2022-03-25 07:53:39,289:INFO:Checking Exceptions
2022-03-25 07:53:39,289:INFO:Declaring global variables
2022-03-25 07:53:39,289:INFO:USI: 3b95
2022-03-25 07:53:39,289:INFO:pycaret_globals: {'imputation_classifier', 'logging_param', 'display_container', 'iterative_imputation_iters_param', '_internal_pipeline', 'pycaret_globals', 'exp_name_log', '_all_models_internal', 'stratify_param', 'experiment__', 'seed', 'log_plots_param', 'create_model_container', 'fix_imbalance_param', 'fix_imbalance_method_param', 'X_train', '_ml_usecase', 'fold_param', 'html_param', 'data_before_preprocess', 'target_param', 'transform_target_method_param', 'prep_pipe', 'y', 'n_jobs_param', 'X', 'imputation_regressor', 'fold_generator', '_gpu_n_jobs_param', 'gpu_param', '_all_models', 'fold_shuffle_param', '_all_metrics', 'USI', 'fold_groups_param', 'y_test', 'X_test', 'master_model_container', 'y_train', '_available_plots', 'transform_target_param'}
2022-03-25 07:53:39,289:INFO:Preparing display monitor
2022-03-25 07:53:39,289:INFO:Preparing display monitor
2022-03-25 07:53:39,300:INFO:Importing libraries
2022-03-25 07:53:39,301:INFO:Copying data for preprocessing
2022-03-25 07:53:39,310:INFO:Declaring preprocessing parameters
2022-03-25 07:53:39,323:INFO:Setting up iterative imputation
2022-03-25 07:53:39,496:INFO:Creating preprocessing pipeline
2022-03-25 07:53:39,665:INFO:Preprocessing pipeline created successfully
2022-03-25 07:53:39,665:ERROR:(Process Exit): setup has been interupted with user command 'quit'. setup must rerun.
2022-03-25 07:53:39,665:INFO:Creating global containers
2022-03-25 07:53:39,666:INFO:Internal pipeline: Pipeline(memory=None, steps=[('empty_step', 'passthrough')], verbose=False)
2022-03-25 07:53:41,949:INFO:Creating grid variables
2022-03-25 07:53:41,961:INFO:create_model_container: 0
2022-03-25 07:53:41,961:INFO:master_model_container: 0
2022-03-25 07:53:41,961:INFO:display_container: 0
2022-03-25 07:54:32,571:INFO:PyCaret Supervised Module
2022-03-25 07:54:32,571:INFO:ML Usecase: classification
2022-03-25 07:54:32,571:INFO:version 2.2.2
2022-03-25 07:54:32,571:INFO:Initializing setup()
2022-03-25 07:54:32,571:INFO:setup(target=RainTomorrow, ml_usecase=classification, available_plots={'parameter': 'Hyperparameters', 'auc': 'AUC', 'confusion_matrix': 'Confusion Matrix', 'threshold': 'Threshold', 'pr': 'Precision Recall', 'error': 'Prediction Error', 'class_report': 'Class Report', 'rfe': 'Feature Selection', 'learning': 'Learning Curve', 'manifold': 'Manifold Learning', 'calibration': 'Calibration Curve', 'vc': 'Validation Curve', 'dimension': 'Dimensions', 'feature': 'Feature Importance', 'feature_all': 'Feature Importance (All)', 'boundary': 'Decision Boundary', 'lift': 'Lift Chart', 'gain': 'Gain Chart', 'tree': 'Decision Tree'}, train_size=0.7, test_data=None, preprocess=True, imputation_type=iterative, iterative_imputation_iters=5, categorical_features=None, categorical_imputation=constant, categorical_iterative_imputer=lightgbm, ordinal_features=None, high_cardinality_features=None, high_cardinality_method=frequency, numeric_features=None, numeric_imputation=mean, numeric_iterative_imputer=lightgbm, date_features=None, ignore_features=None, normalize=False, normalize_method=zscore, transformation=False, transformation_method=yeo-johnson, handle_unknown_categorical=True, unknown_categorical_method=least_frequent, pca=False, pca_method=linear, pca_components=None, ignore_low_variance=False, combine_rare_levels=False, rare_level_threshold=0.1, bin_numeric_features=None, remove_outliers=False, outliers_threshold=0.05, remove_multicollinearity=False, multicollinearity_threshold=0.9, remove_perfect_collinearity=True, create_clusters=False, cluster_iter=20, polynomial_features=False, polynomial_degree=2, trigonometry_features=False, polynomial_threshold=0.1, group_features=None, group_names=None, feature_selection=False, feature_selection_threshold=0.8, feature_selection_method=classic, feature_interaction=False, feature_ratio=False, interaction_threshold=0.01, fix_imbalance=False, fix_imbalance_method=None, transform_target=False, transform_target_method=box-cox, data_split_shuffle=True, data_split_stratify=False, fold_strategy=stratifiedkfold, fold=10, fold_shuffle=True, fold_groups=None, n_jobs=-1, use_gpu=False, custom_pipeline=None, html=True, session_id=None, log_experiment=False, experiment_name=None, log_plots=False, log_profile=False, log_data=False, silent=False, verbose=True, profile=False, profile_kwargs=None, display=None)
2022-03-25 07:54:32,571:INFO:Checking environment
2022-03-25 07:54:32,571:INFO:python_version: 3.9.7
2022-03-25 07:54:32,571:INFO:python_build: ('default', 'Sep 16 2021 16:59:28')
2022-03-25 07:54:32,571:INFO:machine: AMD64
2022-03-25 07:54:32,571:INFO:platform: Windows-10-10.0.22000-SP0
2022-03-25 07:54:32,571:INFO:Memory: svmem(total=16954339328, available=7975120896, percent=53.0, used=8979218432, free=7975120896)
2022-03-25 07:54:32,571:INFO:Physical Core: 8
2022-03-25 07:54:32,571:INFO:Logical Core: 16
2022-03-25 07:54:32,571:INFO:Checking libraries
2022-03-25 07:54:32,571:INFO:pd==1.4.1
2022-03-25 07:54:32,571:INFO:numpy==1.21.5
2022-03-25 07:54:32,571:INFO:sklearn==1.0.2
2022-03-25 07:54:32,571:INFO:xgboost==1.5.2
2022-03-25 07:54:32,571:INFO:lightgbm==3.3.2
2022-03-25 07:54:32,571:INFO:catboost==1.0.4
2022-03-25 07:54:32,571:INFO:mlflow==1.24.0
2022-03-25 07:54:32,571:INFO:Checking Exceptions
2022-03-25 07:54:32,571:INFO:Declaring global variables
2022-03-25 07:54:32,571:INFO:USI: 2576
2022-03-25 07:54:32,571:INFO:pycaret_globals: {'imputation_classifier', 'logging_param', 'display_container', 'iterative_imputation_iters_param', '_internal_pipeline', 'pycaret_globals', 'exp_name_log', '_all_models_internal', 'stratify_param', 'experiment__', 'seed', 'log_plots_param', 'create_model_container', 'fix_imbalance_param', 'fix_imbalance_method_param', 'X_train', '_ml_usecase', 'fold_param', 'html_param', 'data_before_preprocess', 'target_param', 'transform_target_method_param', 'prep_pipe', 'y', 'n_jobs_param', 'X', 'imputation_regressor', 'fold_generator', '_gpu_n_jobs_param', 'gpu_param', '_all_models', 'fold_shuffle_param', '_all_metrics', 'USI', 'fold_groups_param', 'y_test', 'X_test', 'master_model_container', 'y_train', '_available_plots', 'transform_target_param'}
2022-03-25 07:54:32,573:INFO:Preparing display monitor
2022-03-25 07:54:32,573:INFO:Preparing display monitor
2022-03-25 07:54:32,580:INFO:Importing libraries
2022-03-25 07:54:32,581:INFO:Copying data for preprocessing
2022-03-25 07:54:32,592:INFO:Declaring preprocessing parameters
2022-03-25 07:54:32,608:INFO:Setting up iterative imputation
2022-03-25 07:54:32,781:INFO:Creating preprocessing pipeline
2022-03-25 07:54:32,950:INFO:Preprocessing pipeline created successfully
2022-03-25 07:54:32,950:ERROR:(Process Exit): setup has been interupted with user command 'quit'. setup must rerun.
2022-03-25 07:54:32,950:INFO:Creating global containers
2022-03-25 07:54:32,950:INFO:Internal pipeline: Pipeline(memory=None, steps=[('empty_step', 'passthrough')], verbose=False)
2022-03-25 07:54:35,203:INFO:Creating grid variables
2022-03-25 07:54:35,216:INFO:create_model_container: 0
2022-03-25 07:54:35,216:INFO:master_model_container: 0
2022-03-25 07:54:35,216:INFO:display_container: 0
2022-03-25 07:54:52,673:INFO:Initializing compare_models()
2022-03-25 07:54:52,673:INFO:compare_models(include=None, fold=None, round=4, cross_validation=True, sort=Accuracy, n_select=1, budget_time=None, turbo=True, errors=ignore, fit_kwargs=None, groups=None, verbose=True, display=None, exclude=None)
2022-03-25 07:54:52,673:INFO:Checking exceptions
2022-03-25 07:54:52,675:INFO:Preparing display monitor
2022-03-25 07:54:52,675:INFO:Preparing display monitor
2022-03-25 07:54:52,691:INFO:Initializing Logistic Regression
2022-03-25 07:54:52,691:INFO:Total runtime is 0.0 minutes
2022-03-25 07:54:52,697:INFO:SubProcess create_model() called ==================================
2022-03-25 07:54:52,697:INFO:Initializing create_model()
2022-03-25 07:54:52,697:INFO:create_model(estimator=lr, fold=StratifiedKFold(n_splits=10, random_state=8706, shuffle=True), round=4, cross_validation=True, predict=True, fit_kwargs={}, groups=None, refit=False, verbose=False, system=False, metrics=None, display=<pycaret.internal.Display.Display object at 0x0000012692CD0F10>, kwargs={})
2022-03-25 07:54:52,697:INFO:Checking exceptions
2022-03-25 07:54:52,697:INFO:Importing libraries
2022-03-25 07:54:52,697:INFO:Copying training dataset
2022-03-25 07:54:52,700:INFO:Defining folds
2022-03-25 07:54:52,700:INFO:Declaring metric variables
2022-03-25 07:54:52,705:INFO:Importing untrained model
2022-03-25 07:54:52,710:INFO:Logistic Regression Imported succesfully
2022-03-25 07:54:52,718:INFO:Starting cross validation
2022-03-25 07:54:52,719:INFO:Cross validating with StratifiedKFold(n_splits=10, random_state=8706, shuffle=True), n_jobs=-1
2022-03-25 07:55:25,329:INFO:Calculating mean and std
2022-03-25 07:55:25,329:INFO:Creating metrics dataframe
2022-03-25 07:55:25,357:INFO:Uploading results into container
2022-03-25 07:55:25,357:INFO:Uploading model into container now
2022-03-25 07:55:25,357:INFO:create_model_container: 1
2022-03-25 07:55:25,357:INFO:master_model_container: 1
2022-03-25 07:55:25,357:INFO:display_container: 1
2022-03-25 07:55:25,357:INFO:LogisticRegression(C=1.0, class_weight=None, dual=False, fit_intercept=True,
                   intercept_scaling=1, l1_ratio=None, max_iter=1000,
                   multi_class='auto', n_jobs=None, penalty='l2',
                   random_state=8706, solver='lbfgs', tol=0.0001, verbose=0,
                   warm_start=False)
2022-03-25 07:55:25,358:INFO:create_model() succesfully completed......................................
2022-03-25 07:55:25,506:INFO:SubProcess create_model() end ==================================
2022-03-25 07:55:25,506:INFO:Creating metrics dataframe
2022-03-25 07:55:25,525:INFO:Initializing K Neighbors Classifier
2022-03-25 07:55:25,525:INFO:Total runtime is 0.54723219871521 minutes
2022-03-25 07:55:25,529:INFO:SubProcess create_model() called ==================================
2022-03-25 07:55:25,530:INFO:Initializing create_model()
2022-03-25 07:55:25,530:INFO:create_model(estimator=knn, fold=StratifiedKFold(n_splits=10, random_state=8706, shuffle=True), round=4, cross_validation=True, predict=True, fit_kwargs={}, groups=None, refit=False, verbose=False, system=False, metrics=None, display=<pycaret.internal.Display.Display object at 0x0000012692CD0F10>, kwargs={})
2022-03-25 07:55:25,530:INFO:Checking exceptions
2022-03-25 07:55:25,530:INFO:Importing libraries
2022-03-25 07:55:25,530:INFO:Copying training dataset
2022-03-25 07:55:25,534:INFO:Defining folds
2022-03-25 07:55:25,534:INFO:Declaring metric variables
2022-03-25 07:55:25,539:INFO:Importing untrained model
2022-03-25 07:55:25,545:INFO:K Neighbors Classifier Imported succesfully
2022-03-25 07:55:25,554:INFO:Starting cross validation
2022-03-25 07:55:25,555:INFO:Cross validating with StratifiedKFold(n_splits=10, random_state=8706, shuffle=True), n_jobs=-1
2022-03-25 07:59:50,431:INFO:Calculating mean and std
2022-03-25 07:59:50,478:INFO:Creating metrics dataframe
2022-03-25 07:59:50,729:INFO:Uploading results into container
2022-03-25 07:59:50,729:INFO:Uploading model into container now
2022-03-25 07:59:50,729:INFO:create_model_container: 2
2022-03-25 07:59:50,729:INFO:master_model_container: 2
2022-03-25 07:59:50,729:INFO:display_container: 1
2022-03-25 07:59:50,729:INFO:KNeighborsClassifier(algorithm='auto', leaf_size=30, metric='minkowski',
                     metric_params=None, n_jobs=-1, n_neighbors=5, p=2,
                     weights='uniform')
2022-03-25 07:59:50,729:INFO:create_model() succesfully completed......................................
2022-03-25 07:59:51,090:INFO:SubProcess create_model() end ==================================
2022-03-25 07:59:51,090:INFO:Creating metrics dataframe
2022-03-25 07:59:51,106:INFO:Initializing Naive Bayes
2022-03-25 07:59:51,106:INFO:Total runtime is 4.973577976226807 minutes
2022-03-25 07:59:51,121:INFO:SubProcess create_model() called ==================================
2022-03-25 07:59:51,121:INFO:Initializing create_model()
2022-03-25 07:59:51,121:INFO:create_model(estimator=nb, fold=StratifiedKFold(n_splits=10, random_state=8706, shuffle=True), round=4, cross_validation=True, predict=True, fit_kwargs={}, groups=None, refit=False, verbose=False, system=False, metrics=None, display=<pycaret.internal.Display.Display object at 0x0000012692CD0F10>, kwargs={})
2022-03-25 07:59:51,121:INFO:Checking exceptions
2022-03-25 07:59:51,121:INFO:Importing libraries
2022-03-25 07:59:51,121:INFO:Copying training dataset
2022-03-25 07:59:51,153:INFO:Defining folds
2022-03-25 07:59:51,153:INFO:Declaring metric variables
2022-03-25 07:59:51,153:INFO:Importing untrained model
2022-03-25 07:59:51,153:INFO:Naive Bayes Imported succesfully
2022-03-25 07:59:51,169:INFO:Starting cross validation
2022-03-25 07:59:51,169:INFO:Cross validating with StratifiedKFold(n_splits=10, random_state=8706, shuffle=True), n_jobs=-1
2022-03-25 07:59:51,922:INFO:Calculating mean and std
2022-03-25 07:59:51,922:INFO:Creating metrics dataframe
2022-03-25 07:59:51,938:INFO:Uploading results into container
2022-03-25 07:59:51,938:INFO:Uploading model into container now
2022-03-25 07:59:51,938:INFO:create_model_container: 3
2022-03-25 07:59:51,938:INFO:master_model_container: 3
2022-03-25 07:59:51,938:INFO:display_container: 1
2022-03-25 07:59:51,938:INFO:GaussianNB(priors=None, var_smoothing=1e-09)
2022-03-25 07:59:51,938:INFO:create_model() succesfully completed......................................
2022-03-25 07:59:52,033:INFO:SubProcess create_model() end ==================================
2022-03-25 07:59:52,033:INFO:Creating metrics dataframe
2022-03-25 07:59:52,048:INFO:Initializing Decision Tree Classifier
2022-03-25 07:59:52,048:INFO:Total runtime is 4.989279778798421 minutes
2022-03-25 07:59:52,063:INFO:SubProcess create_model() called ==================================
2022-03-25 07:59:52,063:INFO:Initializing create_model()
2022-03-25 07:59:52,063:INFO:create_model(estimator=dt, fold=StratifiedKFold(n_splits=10, random_state=8706, shuffle=True), round=4, cross_validation=True, predict=True, fit_kwargs={}, groups=None, refit=False, verbose=False, system=False, metrics=None, display=<pycaret.internal.Display.Display object at 0x0000012692CD0F10>, kwargs={})
2022-03-25 07:59:52,063:INFO:Checking exceptions
2022-03-25 07:59:52,063:INFO:Importing libraries
2022-03-25 07:59:52,063:INFO:Copying training dataset
2022-03-25 07:59:52,063:INFO:Defining folds
2022-03-25 07:59:52,063:INFO:Declaring metric variables
2022-03-25 07:59:52,063:INFO:Importing untrained model
2022-03-25 07:59:52,079:INFO:Decision Tree Classifier Imported succesfully
2022-03-25 07:59:52,079:INFO:Starting cross validation
2022-03-25 07:59:52,079:INFO:Cross validating with StratifiedKFold(n_splits=10, random_state=8706, shuffle=True), n_jobs=-1
2022-03-25 07:59:54,429:INFO:Calculating mean and std
2022-03-25 07:59:54,429:INFO:Creating metrics dataframe
2022-03-25 07:59:54,445:INFO:Uploading results into container
2022-03-25 07:59:54,445:INFO:Uploading model into container now
2022-03-25 07:59:54,445:INFO:create_model_container: 4
2022-03-25 07:59:54,445:INFO:master_model_container: 4
2022-03-25 07:59:54,445:INFO:display_container: 1
2022-03-25 07:59:54,445:INFO:DecisionTreeClassifier(ccp_alpha=0.0, class_weight=None, criterion='gini',
                       max_depth=None, max_features=None, max_leaf_nodes=None,
                       min_impurity_decrease=0.0, min_samples_leaf=1,
                       min_samples_split=2, min_weight_fraction_leaf=0.0,
                       random_state=8706, splitter='best')
2022-03-25 07:59:54,445:INFO:create_model() succesfully completed......................................
2022-03-25 07:59:54,554:INFO:SubProcess create_model() end ==================================
2022-03-25 07:59:54,554:INFO:Creating metrics dataframe
2022-03-25 07:59:54,570:INFO:Initializing SVM - Linear Kernel
2022-03-25 07:59:54,570:INFO:Total runtime is 5.0313101251920065 minutes
2022-03-25 07:59:54,570:INFO:SubProcess create_model() called ==================================
2022-03-25 07:59:54,570:INFO:Initializing create_model()
2022-03-25 07:59:54,570:INFO:create_model(estimator=svm, fold=StratifiedKFold(n_splits=10, random_state=8706, shuffle=True), round=4, cross_validation=True, predict=True, fit_kwargs={}, groups=None, refit=False, verbose=False, system=False, metrics=None, display=<pycaret.internal.Display.Display object at 0x0000012692CD0F10>, kwargs={})
2022-03-25 07:59:54,570:INFO:Checking exceptions
2022-03-25 07:59:54,570:INFO:Importing libraries
2022-03-25 07:59:54,570:INFO:Copying training dataset
2022-03-25 07:59:54,585:INFO:Defining folds
2022-03-25 07:59:54,585:INFO:Declaring metric variables
2022-03-25 07:59:54,585:INFO:Importing untrained model
2022-03-25 07:59:54,585:INFO:SVM - Linear Kernel Imported succesfully
2022-03-25 07:59:54,601:INFO:Starting cross validation
2022-03-25 07:59:54,601:INFO:Cross validating with StratifiedKFold(n_splits=10, random_state=8706, shuffle=True), n_jobs=-1
2022-03-25 08:00:10,101:INFO:Calculating mean and std
2022-03-25 08:00:10,101:INFO:Creating metrics dataframe
2022-03-25 08:00:10,117:INFO:Uploading results into container
2022-03-25 08:00:10,117:INFO:Uploading model into container now
2022-03-25 08:00:10,117:INFO:create_model_container: 5
2022-03-25 08:00:10,117:INFO:master_model_container: 5
2022-03-25 08:00:10,117:INFO:display_container: 1
2022-03-25 08:00:10,117:INFO:SGDClassifier(alpha=0.0001, average=False, class_weight=None,
              early_stopping=False, epsilon=0.1, eta0=0.001, fit_intercept=True,
              l1_ratio=0.15, learning_rate='optimal', loss='hinge',
              max_iter=1000, n_iter_no_change=5, n_jobs=-1, penalty='l2',
              power_t=0.5, random_state=8706, shuffle=True, tol=0.001,
              validation_fraction=0.1, verbose=0, warm_start=False)
2022-03-25 08:00:10,117:INFO:create_model() succesfully completed......................................
2022-03-25 08:00:10,211:INFO:SubProcess create_model() end ==================================
2022-03-25 08:00:10,227:INFO:Creating metrics dataframe
2022-03-25 08:00:10,242:INFO:Initializing Ridge Classifier
2022-03-25 08:00:10,242:INFO:Total runtime is 5.292519978682201 minutes
2022-03-25 08:00:10,242:INFO:SubProcess create_model() called ==================================
2022-03-25 08:00:10,242:INFO:Initializing create_model()
2022-03-25 08:00:10,242:INFO:create_model(estimator=ridge, fold=StratifiedKFold(n_splits=10, random_state=8706, shuffle=True), round=4, cross_validation=True, predict=True, fit_kwargs={}, groups=None, refit=False, verbose=False, system=False, metrics=None, display=<pycaret.internal.Display.Display object at 0x0000012692CD0F10>, kwargs={})
2022-03-25 08:00:10,242:INFO:Checking exceptions
2022-03-25 08:00:10,242:INFO:Importing libraries
2022-03-25 08:00:10,242:INFO:Copying training dataset
2022-03-25 08:00:10,242:INFO:Defining folds
2022-03-25 08:00:10,242:INFO:Declaring metric variables
2022-03-25 08:00:10,258:INFO:Importing untrained model
2022-03-25 08:00:10,258:INFO:Ridge Classifier Imported succesfully
2022-03-25 08:00:10,258:INFO:Starting cross validation
2022-03-25 08:00:10,258:INFO:Cross validating with StratifiedKFold(n_splits=10, random_state=8706, shuffle=True), n_jobs=-1
2022-03-25 08:00:10,745:INFO:Calculating mean and std
2022-03-25 08:00:10,745:INFO:Creating metrics dataframe
2022-03-25 08:00:10,761:INFO:Uploading results into container
2022-03-25 08:00:10,761:INFO:Uploading model into container now
2022-03-25 08:00:10,761:INFO:create_model_container: 6
2022-03-25 08:00:10,761:INFO:master_model_container: 6
2022-03-25 08:00:10,761:INFO:display_container: 1
2022-03-25 08:00:10,761:INFO:RidgeClassifier(alpha=1.0, class_weight=None, copy_X=True, fit_intercept=True,
                max_iter=None, normalize='deprecated', positive=False,
                random_state=8706, solver='auto', tol=0.001)
2022-03-25 08:00:10,761:INFO:create_model() succesfully completed......................................
2022-03-25 08:00:10,855:INFO:SubProcess create_model() end ==================================
2022-03-25 08:00:10,855:INFO:Creating metrics dataframe
2022-03-25 08:00:10,886:INFO:Initializing Random Forest Classifier
2022-03-25 08:00:10,886:INFO:Total runtime is 5.30325646797816 minutes
2022-03-25 08:00:10,886:INFO:SubProcess create_model() called ==================================
2022-03-25 08:00:10,886:INFO:Initializing create_model()
2022-03-25 08:00:10,886:INFO:create_model(estimator=rf, fold=StratifiedKFold(n_splits=10, random_state=8706, shuffle=True), round=4, cross_validation=True, predict=True, fit_kwargs={}, groups=None, refit=False, verbose=False, system=False, metrics=None, display=<pycaret.internal.Display.Display object at 0x0000012692CD0F10>, kwargs={})
2022-03-25 08:00:10,886:INFO:Checking exceptions
2022-03-25 08:00:10,886:INFO:Importing libraries
2022-03-25 08:00:10,886:INFO:Copying training dataset
2022-03-25 08:00:10,886:INFO:Defining folds
2022-03-25 08:00:10,886:INFO:Declaring metric variables
2022-03-25 08:00:10,886:INFO:Importing untrained model
2022-03-25 08:00:10,902:INFO:Random Forest Classifier Imported succesfully
2022-03-25 08:00:10,902:INFO:Starting cross validation
2022-03-25 08:00:10,902:INFO:Cross validating with StratifiedKFold(n_splits=10, random_state=8706, shuffle=True), n_jobs=-1
2022-03-25 08:00:33,640:INFO:Calculating mean and std
2022-03-25 08:00:33,640:INFO:Creating metrics dataframe
2022-03-25 08:00:33,662:INFO:Uploading results into container
2022-03-25 08:00:33,663:INFO:Uploading model into container now
2022-03-25 08:00:33,663:INFO:create_model_container: 7
2022-03-25 08:00:33,663:INFO:master_model_container: 7
2022-03-25 08:00:33,663:INFO:display_container: 1
2022-03-25 08:00:33,663:INFO:RandomForestClassifier(bootstrap=True, ccp_alpha=0.0, class_weight=None,
                       criterion='gini', max_depth=None, max_features='auto',
                       max_leaf_nodes=None, max_samples=None,
                       min_impurity_decrease=0.0, min_samples_leaf=1,
                       min_samples_split=2, min_weight_fraction_leaf=0.0,
                       n_estimators=100, n_jobs=-1, oob_score=False,
                       random_state=8706, verbose=0, warm_start=False)
2022-03-25 08:00:33,663:INFO:create_model() succesfully completed......................................
2022-03-25 08:00:33,803:INFO:SubProcess create_model() end ==================================
2022-03-25 08:00:33,803:INFO:Creating metrics dataframe
2022-03-25 08:00:33,824:INFO:Initializing Quadratic Discriminant Analysis
2022-03-25 08:00:33,824:INFO:Total runtime is 5.685549410184225 minutes
2022-03-25 08:00:33,839:INFO:SubProcess create_model() called ==================================
2022-03-25 08:00:33,839:INFO:Initializing create_model()
2022-03-25 08:00:33,840:INFO:create_model(estimator=qda, fold=StratifiedKFold(n_splits=10, random_state=8706, shuffle=True), round=4, cross_validation=True, predict=True, fit_kwargs={}, groups=None, refit=False, verbose=False, system=False, metrics=None, display=<pycaret.internal.Display.Display object at 0x0000012692CD0F10>, kwargs={})
2022-03-25 08:00:33,840:INFO:Checking exceptions
2022-03-25 08:00:33,840:INFO:Importing libraries
2022-03-25 08:00:33,840:INFO:Copying training dataset
2022-03-25 08:00:33,843:INFO:Defining folds
2022-03-25 08:00:33,843:INFO:Declaring metric variables
2022-03-25 08:00:33,848:INFO:Importing untrained model
2022-03-25 08:00:33,853:INFO:Quadratic Discriminant Analysis Imported succesfully
2022-03-25 08:00:33,863:INFO:Starting cross validation
2022-03-25 08:00:33,863:INFO:Cross validating with StratifiedKFold(n_splits=10, random_state=8706, shuffle=True), n_jobs=-1
2022-03-25 08:00:35,573:INFO:Calculating mean and std
2022-03-25 08:00:35,573:INFO:Creating metrics dataframe
2022-03-25 08:00:35,596:INFO:Uploading results into container
2022-03-25 08:00:35,596:INFO:Uploading model into container now
2022-03-25 08:00:35,596:INFO:create_model_container: 8
2022-03-25 08:00:35,596:INFO:master_model_container: 8
2022-03-25 08:00:35,597:INFO:display_container: 1
2022-03-25 08:00:35,597:INFO:QuadraticDiscriminantAnalysis(priors=None, reg_param=0.0,
                              store_covariance=False, tol=0.0001)
2022-03-25 08:00:35,597:INFO:create_model() succesfully completed......................................
2022-03-25 08:00:35,704:INFO:SubProcess create_model() end ==================================
2022-03-25 08:00:35,704:INFO:Creating metrics dataframe
2022-03-25 08:00:35,719:INFO:Initializing Ada Boost Classifier
2022-03-25 08:00:35,719:INFO:Total runtime is 5.71713719367981 minutes
2022-03-25 08:00:35,730:INFO:SubProcess create_model() called ==================================
2022-03-25 08:00:35,731:INFO:Initializing create_model()
2022-03-25 08:00:35,731:INFO:create_model(estimator=ada, fold=StratifiedKFold(n_splits=10, random_state=8706, shuffle=True), round=4, cross_validation=True, predict=True, fit_kwargs={}, groups=None, refit=False, verbose=False, system=False, metrics=None, display=<pycaret.internal.Display.Display object at 0x0000012692CD0F10>, kwargs={})
2022-03-25 08:00:35,731:INFO:Checking exceptions
2022-03-25 08:00:35,731:INFO:Importing libraries
2022-03-25 08:00:35,731:INFO:Copying training dataset
2022-03-25 08:00:35,734:INFO:Defining folds
2022-03-25 08:00:35,734:INFO:Declaring metric variables
2022-03-25 08:00:35,739:INFO:Importing untrained model
2022-03-25 08:00:35,745:INFO:Ada Boost Classifier Imported succesfully
2022-03-25 08:00:35,762:INFO:Starting cross validation
2022-03-25 08:00:35,763:INFO:Cross validating with StratifiedKFold(n_splits=10, random_state=8706, shuffle=True), n_jobs=-1
2022-03-25 08:00:44,672:INFO:Calculating mean and std
2022-03-25 08:00:44,672:INFO:Creating metrics dataframe
2022-03-25 08:00:44,696:INFO:Uploading results into container
2022-03-25 08:00:44,696:INFO:Uploading model into container now
2022-03-25 08:00:44,696:INFO:create_model_container: 9
2022-03-25 08:00:44,696:INFO:master_model_container: 9
2022-03-25 08:00:44,696:INFO:display_container: 1
2022-03-25 08:00:44,696:INFO:AdaBoostClassifier(algorithm='SAMME.R', base_estimator=None, learning_rate=1.0,
                   n_estimators=50, random_state=8706)
2022-03-25 08:00:44,697:INFO:create_model() succesfully completed......................................
2022-03-25 08:00:44,803:INFO:SubProcess create_model() end ==================================
2022-03-25 08:00:44,803:INFO:Creating metrics dataframe
2022-03-25 08:00:44,824:INFO:Initializing Gradient Boosting Classifier
2022-03-25 08:00:44,824:INFO:Total runtime is 5.868890511989594 minutes
2022-03-25 08:00:44,840:INFO:SubProcess create_model() called ==================================
2022-03-25 08:00:44,841:INFO:Initializing create_model()
2022-03-25 08:00:44,841:INFO:create_model(estimator=gbc, fold=StratifiedKFold(n_splits=10, random_state=8706, shuffle=True), round=4, cross_validation=True, predict=True, fit_kwargs={}, groups=None, refit=False, verbose=False, system=False, metrics=None, display=<pycaret.internal.Display.Display object at 0x0000012692CD0F10>, kwargs={})
2022-03-25 08:00:44,841:INFO:Checking exceptions
2022-03-25 08:00:44,841:INFO:Importing libraries
2022-03-25 08:00:44,841:INFO:Copying training dataset
2022-03-25 08:00:44,845:INFO:Defining folds
2022-03-25 08:00:44,845:INFO:Declaring metric variables
2022-03-25 08:00:44,850:INFO:Importing untrained model
2022-03-25 08:00:44,854:INFO:Gradient Boosting Classifier Imported succesfully
2022-03-25 08:00:44,864:INFO:Starting cross validation
2022-03-25 08:00:44,865:INFO:Cross validating with StratifiedKFold(n_splits=10, random_state=8706, shuffle=True), n_jobs=-1
2022-03-25 08:01:24,981:INFO:Calculating mean and std
2022-03-25 08:01:24,981:INFO:Creating metrics dataframe
2022-03-25 08:01:25,005:INFO:Uploading results into container
2022-03-25 08:01:25,005:INFO:Uploading model into container now
2022-03-25 08:01:25,005:INFO:create_model_container: 10
2022-03-25 08:01:25,005:INFO:master_model_container: 10
2022-03-25 08:01:25,005:INFO:display_container: 1
2022-03-25 08:01:25,005:INFO:GradientBoostingClassifier(ccp_alpha=0.0, criterion='friedman_mse', init=None,
                           learning_rate=0.1, loss='deviance', max_depth=3,
                           max_features=None, max_leaf_nodes=None,
                           min_impurity_decrease=0.0, min_samples_leaf=1,
                           min_samples_split=2, min_weight_fraction_leaf=0.0,
                           n_estimators=100, n_iter_no_change=None,
                           random_state=8706, subsample=1.0, tol=0.0001,
                           validation_fraction=0.1, verbose=0,
                           warm_start=False)
2022-03-25 08:01:25,006:INFO:create_model() succesfully completed......................................
2022-03-25 08:01:25,105:INFO:SubProcess create_model() end ==================================
2022-03-25 08:01:25,105:INFO:Creating metrics dataframe
2022-03-25 08:01:25,121:INFO:Initializing Linear Discriminant Analysis
2022-03-25 08:01:25,121:INFO:Total runtime is 6.540494573116304 minutes
2022-03-25 08:01:25,138:INFO:SubProcess create_model() called ==================================
2022-03-25 08:01:25,138:INFO:Initializing create_model()
2022-03-25 08:01:25,138:INFO:create_model(estimator=lda, fold=StratifiedKFold(n_splits=10, random_state=8706, shuffle=True), round=4, cross_validation=True, predict=True, fit_kwargs={}, groups=None, refit=False, verbose=False, system=False, metrics=None, display=<pycaret.internal.Display.Display object at 0x0000012692CD0F10>, kwargs={})
2022-03-25 08:01:25,138:INFO:Checking exceptions
2022-03-25 08:01:25,138:INFO:Importing libraries
2022-03-25 08:01:25,138:INFO:Copying training dataset
2022-03-25 08:01:25,142:INFO:Defining folds
2022-03-25 08:01:25,142:INFO:Declaring metric variables
2022-03-25 08:01:25,147:INFO:Importing untrained model
2022-03-25 08:01:25,151:INFO:Linear Discriminant Analysis Imported succesfully
2022-03-25 08:01:25,161:INFO:Starting cross validation
2022-03-25 08:01:25,162:INFO:Cross validating with StratifiedKFold(n_splits=10, random_state=8706, shuffle=True), n_jobs=-1
2022-03-25 08:01:27,236:INFO:Calculating mean and std
2022-03-25 08:01:27,236:INFO:Creating metrics dataframe
2022-03-25 08:01:27,259:INFO:Uploading results into container
2022-03-25 08:01:27,259:INFO:Uploading model into container now
2022-03-25 08:01:27,259:INFO:create_model_container: 11
2022-03-25 08:01:27,259:INFO:master_model_container: 11
2022-03-25 08:01:27,259:INFO:display_container: 1
2022-03-25 08:01:27,260:INFO:LinearDiscriminantAnalysis(covariance_estimator=None, n_components=None,
                           priors=None, shrinkage=None, solver='svd',
                           store_covariance=False, tol=0.0001)
2022-03-25 08:01:27,260:INFO:create_model() succesfully completed......................................
2022-03-25 08:01:27,356:INFO:SubProcess create_model() end ==================================
2022-03-25 08:01:27,356:INFO:Creating metrics dataframe
2022-03-25 08:01:27,388:INFO:Initializing Extra Trees Classifier
2022-03-25 08:01:27,388:INFO:Total runtime is 6.578275926907859 minutes
2022-03-25 08:01:27,393:INFO:SubProcess create_model() called ==================================
2022-03-25 08:01:27,394:INFO:Initializing create_model()
2022-03-25 08:01:27,394:INFO:create_model(estimator=et, fold=StratifiedKFold(n_splits=10, random_state=8706, shuffle=True), round=4, cross_validation=True, predict=True, fit_kwargs={}, groups=None, refit=False, verbose=False, system=False, metrics=None, display=<pycaret.internal.Display.Display object at 0x0000012692CD0F10>, kwargs={})
2022-03-25 08:01:27,394:INFO:Checking exceptions
2022-03-25 08:01:27,394:INFO:Importing libraries
2022-03-25 08:01:27,394:INFO:Copying training dataset
2022-03-25 08:01:27,397:INFO:Defining folds
2022-03-25 08:01:27,397:INFO:Declaring metric variables
2022-03-25 08:01:27,402:INFO:Importing untrained model
2022-03-25 08:01:27,407:INFO:Extra Trees Classifier Imported succesfully
2022-03-25 08:01:27,417:INFO:Starting cross validation
2022-03-25 08:01:27,418:INFO:Cross validating with StratifiedKFold(n_splits=10, random_state=8706, shuffle=True), n_jobs=-1
2022-03-25 08:01:52,059:INFO:Calculating mean and std
2022-03-25 08:01:52,059:INFO:Creating metrics dataframe
2022-03-25 08:01:52,085:INFO:Uploading results into container
2022-03-25 08:01:52,086:INFO:Uploading model into container now
2022-03-25 08:01:52,086:INFO:create_model_container: 12
2022-03-25 08:01:52,086:INFO:master_model_container: 12
2022-03-25 08:01:52,086:INFO:display_container: 1
2022-03-25 08:01:52,086:INFO:ExtraTreesClassifier(bootstrap=False, ccp_alpha=0.0, class_weight=None,
                     criterion='gini', max_depth=None, max_features='auto',
                     max_leaf_nodes=None, max_samples=None,
                     min_impurity_decrease=0.0, min_samples_leaf=1,
                     min_samples_split=2, min_weight_fraction_leaf=0.0,
                     n_estimators=100, n_jobs=-1, oob_score=False,
                     random_state=8706, verbose=0, warm_start=False)
2022-03-25 08:01:52,086:INFO:create_model() succesfully completed......................................
2022-03-25 08:01:52,188:INFO:SubProcess create_model() end ==================================
2022-03-25 08:01:52,188:INFO:Creating metrics dataframe
2022-03-25 08:01:52,220:INFO:Initializing Extreme Gradient Boosting
2022-03-25 08:01:52,220:INFO:Total runtime is 6.9921484788258885 minutes
2022-03-25 08:01:52,228:INFO:SubProcess create_model() called ==================================
2022-03-25 08:01:52,228:INFO:Initializing create_model()
2022-03-25 08:01:52,228:INFO:create_model(estimator=xgboost, fold=StratifiedKFold(n_splits=10, random_state=8706, shuffle=True), round=4, cross_validation=True, predict=True, fit_kwargs={}, groups=None, refit=False, verbose=False, system=False, metrics=None, display=<pycaret.internal.Display.Display object at 0x0000012692CD0F10>, kwargs={})
2022-03-25 08:01:52,228:INFO:Checking exceptions
2022-03-25 08:01:52,228:INFO:Importing libraries
2022-03-25 08:01:52,228:INFO:Copying training dataset
2022-03-25 08:01:52,232:INFO:Defining folds
2022-03-25 08:01:52,232:INFO:Declaring metric variables
2022-03-25 08:01:52,238:INFO:Importing untrained model
2022-03-25 08:01:52,244:INFO:Extreme Gradient Boosting Imported succesfully
2022-03-25 08:01:52,255:INFO:Starting cross validation
2022-03-25 08:01:52,256:INFO:Cross validating with StratifiedKFold(n_splits=10, random_state=8706, shuffle=True), n_jobs=-1
2022-03-25 08:02:13,980:INFO:Calculating mean and std
2022-03-25 08:02:13,980:INFO:Creating metrics dataframe
2022-03-25 08:02:14,003:INFO:Uploading results into container
2022-03-25 08:02:14,003:INFO:Uploading model into container now
2022-03-25 08:02:14,003:INFO:create_model_container: 13
2022-03-25 08:02:14,003:INFO:master_model_container: 13
2022-03-25 08:02:14,004:INFO:display_container: 1
2022-03-25 08:02:14,004:INFO:XGBClassifier(base_score=None, booster='gbtree', colsample_bylevel=None,
              colsample_bynode=None, colsample_bytree=None,
              enable_categorical=False, gamma=None, gpu_id=None,
              importance_type=None, interaction_constraints=None,
              learning_rate=None, max_delta_step=None, max_depth=None,
              min_child_weight=None, missing=nan, monotone_constraints=None,
              n_estimators=100, n_jobs=-1, num_parallel_tree=None,
              objective='binary:logistic', predictor=None, random_state=8706,
              reg_alpha=None, reg_lambda=None, scale_pos_weight=None,
              subsample=None, tree_method='auto', use_label_encoder=True,
              validate_parameters=None, verbosity=0)
2022-03-25 08:02:14,005:INFO:create_model() succesfully completed......................................
2022-03-25 08:02:14,105:INFO:SubProcess create_model() end ==================================
2022-03-25 08:02:14,105:INFO:Creating metrics dataframe
2022-03-25 08:02:14,121:INFO:Initializing Light Gradient Boosting Machine
2022-03-25 08:02:14,121:INFO:Total runtime is 7.357162741820019 minutes
2022-03-25 08:02:14,133:INFO:SubProcess create_model() called ==================================
2022-03-25 08:02:14,134:INFO:Initializing create_model()
2022-03-25 08:02:14,134:INFO:create_model(estimator=lightgbm, fold=StratifiedKFold(n_splits=10, random_state=8706, shuffle=True), round=4, cross_validation=True, predict=True, fit_kwargs={}, groups=None, refit=False, verbose=False, system=False, metrics=None, display=<pycaret.internal.Display.Display object at 0x0000012692CD0F10>, kwargs={})
2022-03-25 08:02:14,134:INFO:Checking exceptions
2022-03-25 08:02:14,134:INFO:Importing libraries
2022-03-25 08:02:14,134:INFO:Copying training dataset
2022-03-25 08:02:14,137:INFO:Defining folds
2022-03-25 08:02:14,137:INFO:Declaring metric variables
2022-03-25 08:02:14,142:INFO:Importing untrained model
2022-03-25 08:02:14,147:INFO:Light Gradient Boosting Machine Imported succesfully
2022-03-25 08:02:14,157:INFO:Starting cross validation
2022-03-25 08:02:14,157:INFO:Cross validating with StratifiedKFold(n_splits=10, random_state=8706, shuffle=True), n_jobs=-1
2022-03-25 08:02:23,661:INFO:Calculating mean and std
2022-03-25 08:02:23,661:INFO:Creating metrics dataframe
2022-03-25 08:02:23,686:INFO:Uploading results into container
2022-03-25 08:02:23,686:INFO:Uploading model into container now
2022-03-25 08:02:23,686:INFO:create_model_container: 14
2022-03-25 08:02:23,686:INFO:master_model_container: 14
2022-03-25 08:02:23,686:INFO:display_container: 1
2022-03-25 08:02:23,687:INFO:LGBMClassifier(boosting_type='gbdt', class_weight=None, colsample_bytree=1.0,
               importance_type='split', learning_rate=0.1, max_depth=-1,
               min_child_samples=20, min_child_weight=0.001, min_split_gain=0.0,
               n_estimators=100, n_jobs=-1, num_leaves=31, objective=None,
               random_state=8706, reg_alpha=0.0, reg_lambda=0.0, silent='warn',
               subsample=1.0, subsample_for_bin=200000, subsample_freq=0)
2022-03-25 08:02:23,687:INFO:create_model() succesfully completed......................................
2022-03-25 08:02:23,788:INFO:SubProcess create_model() end ==================================
2022-03-25 08:02:23,788:INFO:Creating metrics dataframe
2022-03-25 08:02:23,811:INFO:Initializing CatBoost Classifier
2022-03-25 08:02:23,811:INFO:Total runtime is 7.518667113780977 minutes
2022-03-25 08:02:23,816:INFO:SubProcess create_model() called ==================================
2022-03-25 08:02:23,816:INFO:Initializing create_model()
2022-03-25 08:02:23,816:INFO:create_model(estimator=catboost, fold=StratifiedKFold(n_splits=10, random_state=8706, shuffle=True), round=4, cross_validation=True, predict=True, fit_kwargs={}, groups=None, refit=False, verbose=False, system=False, metrics=None, display=<pycaret.internal.Display.Display object at 0x0000012692CD0F10>, kwargs={})
2022-03-25 08:02:23,816:INFO:Checking exceptions
2022-03-25 08:02:23,816:INFO:Importing libraries
2022-03-25 08:02:23,816:INFO:Copying training dataset
2022-03-25 08:02:23,820:INFO:Defining folds
2022-03-25 08:02:23,820:INFO:Declaring metric variables
2022-03-25 08:02:23,824:INFO:Importing untrained model
2022-03-25 08:02:23,832:INFO:CatBoost Classifier Imported succesfully
2022-03-25 08:02:23,841:INFO:Starting cross validation
2022-03-25 08:02:23,844:INFO:Cross validating with StratifiedKFold(n_splits=10, random_state=8706, shuffle=True), n_jobs=-1
2022-03-25 08:02:33,423:INFO:Calculating mean and std
2022-03-25 08:02:33,423:INFO:Creating metrics dataframe
2022-03-25 08:02:33,446:INFO:Uploading results into container
2022-03-25 08:02:33,446:INFO:Uploading model into container now
2022-03-25 08:02:33,446:INFO:create_model_container: 15
2022-03-25 08:02:33,446:INFO:master_model_container: 15
2022-03-25 08:02:33,446:INFO:display_container: 1
2022-03-25 08:02:33,446:INFO:<catboost.core.CatBoostClassifier object at 0x0000012698116040>
2022-03-25 08:02:33,446:INFO:create_model() succesfully completed......................................
2022-03-25 08:02:33,546:WARNING:create_model() for <catboost.core.CatBoostClassifier object at 0x0000012698116040> raised an exception or returned all 0.0, trying without fit_kwargs:
2022-03-25 08:02:33,546:WARNING:Traceback (most recent call last):
  File "C:\Users\sadpa\miniconda3\lib\site-packages\pycaret\internal\tabular.py", line 2149, in compare_models
    assert np.sum(model_results.iloc[0]) != 0.0
AssertionError

2022-03-25 08:02:33,546:INFO:Initializing create_model()
2022-03-25 08:02:33,546:INFO:create_model(estimator=<catboost.core.CatBoostClassifier object at 0x0000012698116040>, fold=StratifiedKFold(n_splits=10, random_state=8706, shuffle=True), round=4, cross_validation=True, predict=True, fit_kwargs=None, groups=None, refit=False, verbose=False, system=False, metrics=None, display=<pycaret.internal.Display.Display object at 0x0000012692CD0F10>, kwargs={})
2022-03-25 08:02:33,546:INFO:Checking exceptions
2022-03-25 08:02:33,546:INFO:Importing libraries
2022-03-25 08:02:33,546:INFO:Copying training dataset
2022-03-25 08:02:33,546:INFO:Defining folds
2022-03-25 08:02:33,546:INFO:Declaring metric variables
2022-03-25 08:02:33,556:INFO:Importing untrained model
2022-03-25 08:02:33,556:INFO:Declaring custom model
2022-03-25 08:02:33,561:INFO:CatBoost Classifier Imported succesfully
2022-03-25 08:02:33,569:INFO:Starting cross validation
2022-03-25 08:02:33,570:INFO:Cross validating with StratifiedKFold(n_splits=10, random_state=8706, shuffle=True), n_jobs=-1
2022-03-25 08:03:47,883:INFO:Calculating mean and std
2022-03-25 08:03:47,883:INFO:Creating metrics dataframe
2022-03-25 08:03:47,914:INFO:Uploading results into container
2022-03-25 08:03:47,914:INFO:Uploading model into container now
2022-03-25 08:03:47,914:INFO:create_model_container: 16
2022-03-25 08:03:47,914:INFO:master_model_container: 16
2022-03-25 08:03:47,914:INFO:display_container: 1
2022-03-25 08:03:47,914:INFO:<catboost.core.CatBoostClassifier object at 0x0000012694149790>
2022-03-25 08:03:47,914:INFO:create_model() succesfully completed......................................
2022-03-25 08:03:48,040:INFO:SubProcess create_model() end ==================================
2022-03-25 08:03:48,040:INFO:Creating metrics dataframe
2022-03-25 08:03:48,070:INFO:Initializing create_model()
2022-03-25 08:03:48,070:INFO:create_model(estimator=<catboost.core.CatBoostClassifier object at 0x0000012694149790>, fold=StratifiedKFold(n_splits=10, random_state=8706, shuffle=True), round=4, cross_validation=False, predict=False, fit_kwargs={}, groups=None, refit=True, verbose=False, system=False, metrics=None, display=None, kwargs={})
2022-03-25 08:03:48,070:INFO:Checking exceptions
2022-03-25 08:03:48,070:INFO:Importing libraries
2022-03-25 08:03:48,071:INFO:Copying training dataset
2022-03-25 08:03:48,074:INFO:Defining folds
2022-03-25 08:03:48,074:INFO:Declaring metric variables
2022-03-25 08:03:48,074:INFO:Importing untrained model
2022-03-25 08:03:48,074:INFO:Declaring custom model
2022-03-25 08:03:48,074:INFO:CatBoost Classifier Imported succesfully
2022-03-25 08:03:48,075:INFO:Cross validation set to False
2022-03-25 08:03:48,075:INFO:Fitting Model
2022-03-25 08:03:58,332:INFO:<catboost.core.CatBoostClassifier object at 0x0000012698116C70>
2022-03-25 08:03:58,332:INFO:create_models() succesfully completed......................................
2022-03-25 08:03:58,457:INFO:create_model_container: 16
2022-03-25 08:03:58,457:INFO:master_model_container: 16
2022-03-25 08:03:58,457:INFO:display_container: 1
2022-03-25 08:03:58,457:INFO:<catboost.core.CatBoostClassifier object at 0x0000012698116C70>
2022-03-25 08:03:58,457:INFO:compare_models() succesfully completed......................................
2022-03-25 08:03:58,477:INFO:Initializing create_model()
2022-03-25 08:03:58,477:INFO:create_model(estimator=lightgbm, fold=None, round=4, cross_validation=True, predict=True, fit_kwargs=None, groups=None, refit=True, verbose=True, system=True, metrics=None, display=None, kwargs={})
2022-03-25 08:03:58,477:INFO:Checking exceptions
2022-03-25 08:03:58,477:INFO:Preparing display monitor
2022-03-25 08:03:58,489:INFO:Importing libraries
2022-03-25 08:03:58,489:INFO:Copying training dataset
2022-03-25 08:03:58,492:INFO:Defining folds
2022-03-25 08:03:58,492:INFO:Declaring metric variables
2022-03-25 08:03:58,497:INFO:Importing untrained model
2022-03-25 08:03:58,503:INFO:Light Gradient Boosting Machine Imported succesfully
2022-03-25 08:03:58,516:INFO:Starting cross validation
2022-03-25 08:03:58,516:INFO:Cross validating with StratifiedKFold(n_splits=10, random_state=8706, shuffle=True), n_jobs=-1
2022-03-25 08:04:04,452:INFO:Calculating mean and std
2022-03-25 08:04:04,452:INFO:Creating metrics dataframe
2022-03-25 08:04:04,480:INFO:Finalizing model
2022-03-25 08:04:05,014:INFO:Uploading results into container
2022-03-25 08:04:05,014:INFO:Uploading model into container now
2022-03-25 08:04:05,026:INFO:create_model_container: 17
2022-03-25 08:04:05,026:INFO:master_model_container: 17
2022-03-25 08:04:05,027:INFO:display_container: 2
2022-03-25 08:04:05,027:INFO:LGBMClassifier(boosting_type='gbdt', class_weight=None, colsample_bytree=1.0,
               importance_type='split', learning_rate=0.1, max_depth=-1,
               min_child_samples=20, min_child_weight=0.001, min_split_gain=0.0,
               n_estimators=100, n_jobs=-1, num_leaves=31, objective=None,
               random_state=8706, reg_alpha=0.0, reg_lambda=0.0, silent='warn',
               subsample=1.0, subsample_for_bin=200000, subsample_freq=0)
2022-03-25 08:04:05,027:INFO:create_model() succesfully completed......................................
2022-03-25 08:04:05,175:INFO:Initializing predict_model()
2022-03-25 08:04:05,175:INFO:predict_model(estimator=LGBMClassifier(boosting_type='gbdt', class_weight=None, colsample_bytree=1.0,
               importance_type='split', learning_rate=0.1, max_depth=-1,
               min_child_samples=20, min_child_weight=0.001, min_split_gain=0.0,
               n_estimators=100, n_jobs=-1, num_leaves=31, objective=None,
               random_state=8706, reg_alpha=0.0, reg_lambda=0.0, silent='warn',
               subsample=1.0, subsample_for_bin=200000, subsample_freq=0), probability_threshold=None, encoded_labels=False, round=4, verbose=True, ml_usecase=MLUsecase.CLASSIFICATION, display=None)
2022-03-25 08:04:05,175:INFO:Checking exceptions
2022-03-25 08:04:05,175:INFO:Preloading libraries
2022-03-25 08:04:05,175:INFO:Preparing display monitor
2022-03-25 08:04:40,787:INFO:Initializing create_model()
2022-03-25 08:04:40,787:INFO:create_model(estimator=catboost, fold=None, round=4, cross_validation=True, predict=True, fit_kwargs=None, groups=None, refit=True, verbose=True, system=True, metrics=None, display=None, kwargs={})
2022-03-25 08:04:40,787:INFO:Checking exceptions
2022-03-25 08:04:40,787:INFO:Preparing display monitor
2022-03-25 08:04:40,800:INFO:Importing libraries
2022-03-25 08:04:40,800:INFO:Copying training dataset
2022-03-25 08:04:40,804:INFO:Defining folds
2022-03-25 08:04:40,804:INFO:Declaring metric variables
2022-03-25 08:04:40,809:INFO:Importing untrained model
2022-03-25 08:04:40,813:INFO:CatBoost Classifier Imported succesfully
2022-03-25 08:04:40,823:INFO:Starting cross validation
2022-03-25 08:04:40,823:INFO:Cross validating with StratifiedKFold(n_splits=10, random_state=8706, shuffle=True), n_jobs=-1
2022-03-25 08:05:55,246:INFO:Calculating mean and std
2022-03-25 08:05:55,246:INFO:Creating metrics dataframe
2022-03-25 08:05:55,272:INFO:Finalizing model
2022-03-25 08:06:04,940:INFO:Uploading results into container
2022-03-25 08:06:04,940:INFO:Uploading model into container now
2022-03-25 08:06:04,953:INFO:create_model_container: 18
2022-03-25 08:06:04,953:INFO:master_model_container: 18
2022-03-25 08:06:04,953:INFO:display_container: 3
2022-03-25 08:06:04,953:INFO:<catboost.core.CatBoostClassifier object at 0x000001269F6035B0>
2022-03-25 08:06:04,953:INFO:create_model() succesfully completed......................................
2022-03-25 08:06:30,674:INFO:Initializing create_model()
2022-03-25 08:06:30,674:INFO:create_model(estimator=catboost, fold=None, round=4, cross_validation=True, predict=True, fit_kwargs=None, groups=None, refit=True, verbose=True, system=True, metrics=None, display=None, kwargs={})
2022-03-25 08:06:30,674:INFO:Checking exceptions
2022-03-25 08:06:30,674:INFO:Preparing display monitor
2022-03-25 08:06:30,686:INFO:Importing libraries
2022-03-25 08:06:30,686:INFO:Copying training dataset
2022-03-25 08:06:30,690:INFO:Defining folds
2022-03-25 08:06:30,690:INFO:Declaring metric variables
2022-03-25 08:06:30,695:INFO:Importing untrained model
2022-03-25 08:06:30,699:INFO:CatBoost Classifier Imported succesfully
2022-03-25 08:06:30,709:INFO:Starting cross validation
2022-03-25 08:06:30,709:INFO:Cross validating with StratifiedKFold(n_splits=10, random_state=8706, shuffle=True), n_jobs=-1
2022-03-25 08:07:45,408:INFO:Calculating mean and std
2022-03-25 08:07:45,409:INFO:Creating metrics dataframe
2022-03-25 08:07:45,434:INFO:Finalizing model
2022-03-25 08:07:55,270:INFO:Uploading results into container
2022-03-25 08:07:55,270:INFO:Uploading model into container now
2022-03-25 08:07:55,276:INFO:create_model_container: 19
2022-03-25 08:07:55,277:INFO:master_model_container: 19
2022-03-25 08:07:55,277:INFO:display_container: 4
2022-03-25 08:07:55,277:INFO:<catboost.core.CatBoostClassifier object at 0x0000012697D34250>
2022-03-25 08:07:55,277:INFO:create_model() succesfully completed......................................
2022-03-25 08:07:55,415:INFO:Initializing predict_model()
2022-03-25 08:07:55,415:INFO:predict_model(estimator=<catboost.core.CatBoostClassifier object at 0x0000012697D34250>, probability_threshold=None, encoded_labels=False, round=4, verbose=True, ml_usecase=MLUsecase.CLASSIFICATION, display=None)
2022-03-25 08:07:55,415:INFO:Checking exceptions
2022-03-25 08:07:55,415:INFO:Preloading libraries
2022-03-25 08:07:55,415:INFO:Preparing display monitor
